[0.157s] Invoking command in '/home/marcob1129/Desktop/VSCode/RoboFlock/ros2_ws/build/roboflock_localization': CMAKE_PREFIX_PATH=${CMAKE_PREFIX_PATH}:/opt/ros/humble /usr/bin/cmake --build /home/marcob1129/Desktop/VSCode/RoboFlock/ros2_ws/build/roboflock_localization -- -j4 -l4
[0.733s] [100%] Built target roboflock_localization_lib
[0.895s] Invoked command in '/home/marcob1129/Desktop/VSCode/RoboFlock/ros2_ws/build/roboflock_localization' returned '0': CMAKE_PREFIX_PATH=${CMAKE_PREFIX_PATH}:/opt/ros/humble /usr/bin/cmake --build /home/marcob1129/Desktop/VSCode/RoboFlock/ros2_ws/build/roboflock_localization -- -j4 -l4
[0.942s] Invoking command in '/home/marcob1129/Desktop/VSCode/RoboFlock/ros2_ws/build/roboflock_localization': CMAKE_PREFIX_PATH=${CMAKE_PREFIX_PATH}:/opt/ros/humble /usr/bin/cmake --install /home/marcob1129/Desktop/VSCode/RoboFlock/ros2_ws/build/roboflock_localization
[1.036s] -- Install configuration: ""
[1.037s] -- Up-to-date: /home/marcob1129/Desktop/VSCode/RoboFlock/ros2_ws/install/roboflock_localization/share/roboflock_localization//launch
[1.040s] -- Installing: /home/marcob1129/Desktop/VSCode/RoboFlock/ros2_ws/install/roboflock_localization/share/roboflock_localization//launch/ekf_navsat_launch.py
[1.040s] -- Up-to-date: /home/marcob1129/Desktop/VSCode/RoboFlock/ros2_ws/install/roboflock_localization/share/roboflock_localization//params
[1.041s] -- Up-to-date: /home/marcob1129/Desktop/VSCode/RoboFlock/ros2_ws/install/roboflock_localization/share/roboflock_localization//params/mpu9250.yaml
[1.041s] -- Up-to-date: /home/marcob1129/Desktop/VSCode/RoboFlock/ros2_ws/install/roboflock_localization/share/roboflock_localization//params/ekf_navsat_params.yaml
[1.041s] -- Up-to-date: /home/marcob1129/Desktop/VSCode/RoboFlock/ros2_ws/install/roboflock_localization/share/roboflock_localization//params/gps.yaml
[1.041s] -- Up-to-date: /home/marcob1129/Desktop/VSCode/RoboFlock/ros2_ws/install/roboflock_localization/share/roboflock_localization//params/rplidar.yaml
[1.041s] -- Installing: /home/marcob1129/Desktop/VSCode/RoboFlock/ros2_ws/install/roboflock_localization/share/roboflock_localization//params/rf2o.yaml
[1.041s] -- Up-to-date: /home/marcob1129/Desktop/VSCode/RoboFlock/ros2_ws/install/roboflock_localization/share/ament_index/resource_index/package_run_dependencies/roboflock_localization
[1.041s] -- Up-to-date: /home/marcob1129/Desktop/VSCode/RoboFlock/ros2_ws/install/roboflock_localization/share/ament_index/resource_index/parent_prefix_path/roboflock_localization
[1.041s] -- Up-to-date: /home/marcob1129/Desktop/VSCode/RoboFlock/ros2_ws/install/roboflock_localization/share/roboflock_localization/environment/ament_prefix_path.sh
[1.042s] -- Up-to-date: /home/marcob1129/Desktop/VSCode/RoboFlock/ros2_ws/install/roboflock_localization/share/roboflock_localization/environment/ament_prefix_path.dsv
[1.042s] -- Up-to-date: /home/marcob1129/Desktop/VSCode/RoboFlock/ros2_ws/install/roboflock_localization/share/roboflock_localization/environment/path.sh
[1.054s] -- Up-to-date: /home/marcob1129/Desktop/VSCode/RoboFlock/ros2_ws/install/roboflock_localization/share/roboflock_localization/environment/path.dsv
[1.055s] -- Up-to-date: /home/marcob1129/Desktop/VSCode/RoboFlock/ros2_ws/install/roboflock_localization/share/roboflock_localization/local_setup.bash
[1.055s] -- Up-to-date: /home/marcob1129/Desktop/VSCode/RoboFlock/ros2_ws/install/roboflock_localization/share/roboflock_localization/local_setup.sh
[1.055s] -- Up-to-date: /home/marcob1129/Desktop/VSCode/RoboFlock/ros2_ws/install/roboflock_localization/share/roboflock_localization/local_setup.zsh
[1.057s] -- Up-to-date: /home/marcob1129/Desktop/VSCode/RoboFlock/ros2_ws/install/roboflock_localization/share/roboflock_localization/local_setup.dsv
[1.057s] -- Installing: /home/marcob1129/Desktop/VSCode/RoboFlock/ros2_ws/install/roboflock_localization/share/roboflock_localization/package.dsv
[1.058s] -- Up-to-date: /home/marcob1129/Desktop/VSCode/RoboFlock/ros2_ws/install/roboflock_localization/share/ament_index/resource_index/packages/roboflock_localization
[1.058s] -- Up-to-date: /home/marcob1129/Desktop/VSCode/RoboFlock/ros2_ws/install/roboflock_localization/share/roboflock_localization/cmake/ament_cmake_export_dependencies-extras.cmake
[1.058s] -- Up-to-date: /home/marcob1129/Desktop/VSCode/RoboFlock/ros2_ws/install/roboflock_localization/share/roboflock_localization/cmake/roboflock_localizationConfig.cmake
[1.058s] -- Up-to-date: /home/marcob1129/Desktop/VSCode/RoboFlock/ros2_ws/install/roboflock_localization/share/roboflock_localization/cmake/roboflock_localizationConfig-version.cmake
[1.058s] -- Up-to-date: /home/marcob1129/Desktop/VSCode/RoboFlock/ros2_ws/install/roboflock_localization/share/roboflock_localization/package.xml
[1.131s] Invoked command in '/home/marcob1129/Desktop/VSCode/RoboFlock/ros2_ws/build/roboflock_localization' returned '0': CMAKE_PREFIX_PATH=${CMAKE_PREFIX_PATH}:/opt/ros/humble /usr/bin/cmake --install /home/marcob1129/Desktop/VSCode/RoboFlock/ros2_ws/build/roboflock_localization
