[0.031s] Invoking command in '/home/roboflock/RoboFlock/build/ultrasonic_ros': CMAKE_PREFIX_PATH=${CMAKE_PREFIX_PATH}:/opt/ros/humble PS1=(venv) \[\e]0;\u@\h: \w\a\]${debian_chroot:+($debian_chroot)}\[\033[01;35m\]\u:\[\033[01;36m\]\w\[\033[00m\]\$ VIRTUAL_ENV_PROMPT=(venv) /usr/bin/cmake --build /home/roboflock/RoboFlock/build/ultrasonic_ros -- -j6 -l6
[0.102s] -- Found ament_cmake: 1.3.12 (/opt/ros/humble/share/ament_cmake/cmake)
[0.409s] -- Found rclcpp: 16.0.17 (/opt/ros/humble/share/rclcpp/cmake)
[0.488s] -- Found rosidl_generator_c: 3.1.8 (/opt/ros/humble/share/rosidl_generator_c/cmake)
[0.493s] -- Found rosidl_adapter: 3.1.8 (/opt/ros/humble/share/rosidl_adapter/cmake)
[0.505s] -- Found rosidl_generator_cpp: 3.1.8 (/opt/ros/humble/share/rosidl_generator_cpp/cmake)
[0.526s] -- Using all available rosidl_typesupport_c: rosidl_typesupport_fastrtps_c;rosidl_typesupport_introspection_c
[0.552s] -- Using all available rosidl_typesupport_cpp: rosidl_typesupport_fastrtps_cpp;rosidl_typesupport_introspection_cpp
[0.619s] -- Found rmw_implementation_cmake: 6.1.2 (/opt/ros/humble/share/rmw_implementation_cmake/cmake)
[0.622s] -- Found rmw_fastrtps_cpp: 6.2.9 (/opt/ros/humble/share/rmw_fastrtps_cpp/cmake)
[0.851s] -- Using RMW implementation 'rmw_fastrtps_cpp' as default
[0.956s] -- Found sensor_msgs: 4.9.0 (/opt/ros/humble/share/sensor_msgs/cmake)
[1.014s] -- Found source file: src/ultrasonic_usb.cpp
[1.410s] -- Configuring done
[1.707s] -- Generating done
[1.727s] -- Build files have been written to: /home/roboflock/RoboFlock/build/ultrasonic_ros
[1.809s] [35m[1mConsolidate compiler generated dependencies of target ultrasonic_ros_lib[0m
[1.841s] [ 50%] Built target ultrasonic_ros_lib
[1.871s] [35m[1mConsolidate compiler generated dependencies of target ultrasonic_publisher[0m
[1.914s] [100%] Built target ultrasonic_publisher
[1.950s] Invoked command in '/home/roboflock/RoboFlock/build/ultrasonic_ros' returned '0': CMAKE_PREFIX_PATH=${CMAKE_PREFIX_PATH}:/opt/ros/humble PS1=(venv) \[\e]0;\u@\h: \w\a\]${debian_chroot:+($debian_chroot)}\[\033[01;35m\]\u:\[\033[01;36m\]\w\[\033[00m\]\$ VIRTUAL_ENV_PROMPT=(venv) /usr/bin/cmake --build /home/roboflock/RoboFlock/build/ultrasonic_ros -- -j6 -l6
[1.979s] Invoking command in '/home/roboflock/RoboFlock/build/ultrasonic_ros': CMAKE_PREFIX_PATH=${CMAKE_PREFIX_PATH}:/opt/ros/humble PS1=(venv) \[\e]0;\u@\h: \w\a\]${debian_chroot:+($debian_chroot)}\[\033[01;35m\]\u:\[\033[01;36m\]\w\[\033[00m\]\$ VIRTUAL_ENV_PROMPT=(venv) /usr/bin/cmake --install /home/roboflock/RoboFlock/build/ultrasonic_ros
[1.999s] -- Install configuration: ""
[1.999s] -- Up-to-date: /home/roboflock/RoboFlock/install/ultrasonic_ros/include/ultrasonic_ros
[1.999s] -- Up-to-date: /home/roboflock/RoboFlock/install/ultrasonic_ros/include/ultrasonic_ros/ultrasonic_usb.hpp
[1.999s] -- Up-to-date: /home/roboflock/RoboFlock/install/ultrasonic_ros/lib/libultrasonic_ros_lib.a
[2.000s] -- Up-to-date: /home/roboflock/RoboFlock/install/ultrasonic_ros/share/ultrasonic_ros/environment/library_path.sh
[2.000s] -- Installing: /home/roboflock/RoboFlock/install/ultrasonic_ros/share/ultrasonic_ros/environment/library_path.dsv
[2.000s] -- Installing: /home/roboflock/RoboFlock/install/ultrasonic_ros/lib/ultrasonic_ros/ultrasonic_publisher
[2.004s] -- Set runtime path of "/home/roboflock/RoboFlock/install/ultrasonic_ros/lib/ultrasonic_ros/ultrasonic_publisher" to ""
[2.004s] -- Up-to-date: /home/roboflock/RoboFlock/install/ultrasonic_ros/share/ament_index/resource_index/package_run_dependencies/ultrasonic_ros
[2.004s] -- Up-to-date: /home/roboflock/RoboFlock/install/ultrasonic_ros/share/ament_index/resource_index/parent_prefix_path/ultrasonic_ros
[2.005s] -- Up-to-date: /home/roboflock/RoboFlock/install/ultrasonic_ros/share/ultrasonic_ros/environment/ament_prefix_path.sh
[2.005s] -- Installing: /home/roboflock/RoboFlock/install/ultrasonic_ros/share/ultrasonic_ros/environment/ament_prefix_path.dsv
[2.005s] -- Up-to-date: /home/roboflock/RoboFlock/install/ultrasonic_ros/share/ultrasonic_ros/environment/path.sh
[2.005s] -- Installing: /home/roboflock/RoboFlock/install/ultrasonic_ros/share/ultrasonic_ros/environment/path.dsv
[2.005s] -- Up-to-date: /home/roboflock/RoboFlock/install/ultrasonic_ros/share/ultrasonic_ros/local_setup.bash
[2.006s] -- Up-to-date: /home/roboflock/RoboFlock/install/ultrasonic_ros/share/ultrasonic_ros/local_setup.sh
[2.006s] -- Up-to-date: /home/roboflock/RoboFlock/install/ultrasonic_ros/share/ultrasonic_ros/local_setup.zsh
[2.006s] -- Installing: /home/roboflock/RoboFlock/install/ultrasonic_ros/share/ultrasonic_ros/local_setup.dsv
[2.006s] -- Installing: /home/roboflock/RoboFlock/install/ultrasonic_ros/share/ultrasonic_ros/package.dsv
[2.006s] -- Up-to-date: /home/roboflock/RoboFlock/install/ultrasonic_ros/share/ament_index/resource_index/packages/ultrasonic_ros
[2.007s] -- Up-to-date: /home/roboflock/RoboFlock/install/ultrasonic_ros/share/ultrasonic_ros/cmake/ament_cmake_export_include_directories-extras.cmake
[2.007s] -- Up-to-date: /home/roboflock/RoboFlock/install/ultrasonic_ros/share/ultrasonic_ros/cmake/ament_cmake_export_libraries-extras.cmake
[2.007s] -- Up-to-date: /home/roboflock/RoboFlock/install/ultrasonic_ros/share/ultrasonic_ros/cmake/ament_cmake_export_dependencies-extras.cmake
[2.007s] -- Up-to-date: /home/roboflock/RoboFlock/install/ultrasonic_ros/share/ultrasonic_ros/cmake/ultrasonic_rosConfig.cmake
[2.008s] -- Up-to-date: /home/roboflock/RoboFlock/install/ultrasonic_ros/share/ultrasonic_ros/cmake/ultrasonic_rosConfig-version.cmake
[2.008s] -- Up-to-date: /home/roboflock/RoboFlock/install/ultrasonic_ros/share/ultrasonic_ros/package.xml
[2.014s] Invoked command in '/home/roboflock/RoboFlock/build/ultrasonic_ros' returned '0': CMAKE_PREFIX_PATH=${CMAKE_PREFIX_PATH}:/opt/ros/humble PS1=(venv) \[\e]0;\u@\h: \w\a\]${debian_chroot:+($debian_chroot)}\[\033[01;35m\]\u:\[\033[01;36m\]\w\[\033[00m\]\$ VIRTUAL_ENV_PROMPT=(venv) /usr/bin/cmake --install /home/roboflock/RoboFlock/build/ultrasonic_ros
