[0.083s] Invoking command in '/home/marcob1129/Desktop/VSCode/RoboFlock/ros2_ws/build/roboflock_localization': CMAKE_PREFIX_PATH=${CMAKE_PREFIX_PATH}:/opt/ros/humble /usr/bin/cmake /home/marcob1129/Desktop/VSCode/RoboFlock/ros2_ws/src/roboflock_localization -DCMAKE_INSTALL_PREFIX=/home/marcob1129/Desktop/VSCode/RoboFlock/ros2_ws/install/roboflock_localization
[0.475s] -- The C compiler identification is GNU 11.4.0
[0.772s] -- The CXX compiler identification is GNU 11.4.0
[0.821s] -- Detecting C compiler ABI info
[1.211s] -- Detecting C compiler ABI info - done
[1.241s] -- Check for working C compiler: /usr/bin/cc - skipped
[1.244s] -- Detecting C compile features
[1.253s] -- Detecting C compile features - done
[1.277s] -- Detecting CXX compiler ABI info
[1.604s] -- Detecting CXX compiler ABI info - done
[1.621s] -- Check for working CXX compiler: /usr/bin/c++ - skipped
[1.621s] -- Detecting CXX compile features
[1.621s] -- Detecting CXX compile features - done
[1.680s] -- Found ament_cmake: 1.3.14 (/opt/ros/humble/share/ament_cmake/cmake)
[2.145s] -- Found Python3: /usr/bin/python3 (found version "3.10.12") found components: Interpreter 
[2.538s] -- Found robot_localization: 3.5.4 (/opt/ros/humble/share/robot_localization/cmake)
[2.747s] -- Found rosidl_generator_c: 3.1.8 (/opt/ros/humble/share/rosidl_generator_c/cmake)
[2.767s] -- Found rosidl_adapter: 3.1.8 (/opt/ros/humble/share/rosidl_adapter/cmake)
[2.830s] -- Found rosidl_generator_cpp: 3.1.8 (/opt/ros/humble/share/rosidl_generator_cpp/cmake)
[2.897s] -- Using all available rosidl_typesupport_c: rosidl_typesupport_fastrtps_c;rosidl_typesupport_introspection_c
[2.964s] -- Using all available rosidl_typesupport_cpp: rosidl_typesupport_fastrtps_cpp;rosidl_typesupport_introspection_cpp
[3.889s] -- Configuring done
[4.325s] -- Generating done
[4.325s] -- Build files have been written to: /home/marcob1129/Desktop/VSCode/RoboFlock/ros2_ws/build/roboflock_localization
[4.337s] Invoked command in '/home/marcob1129/Desktop/VSCode/RoboFlock/ros2_ws/build/roboflock_localization' returned '0': CMAKE_PREFIX_PATH=${CMAKE_PREFIX_PATH}:/opt/ros/humble /usr/bin/cmake /home/marcob1129/Desktop/VSCode/RoboFlock/ros2_ws/src/roboflock_localization -DCMAKE_INSTALL_PREFIX=/home/marcob1129/Desktop/VSCode/RoboFlock/ros2_ws/install/roboflock_localization
[4.338s] Invoking command in '/home/marcob1129/Desktop/VSCode/RoboFlock/ros2_ws/build/roboflock_localization': CMAKE_PREFIX_PATH=${CMAKE_PREFIX_PATH}:/opt/ros/humble /usr/bin/cmake --build /home/marcob1129/Desktop/VSCode/RoboFlock/ros2_ws/build/roboflock_localization -- -j4 -l4
[4.612s] [ 50%] [32mBuilding CXX object CMakeFiles/roboflock_localization_lib.dir/src/rf_localization_node.cpp.o[0m
[4.801s] [100%] [32m[1mLinking CXX static library libroboflock_localization_lib.a[0m
[5.066s] [100%] Built target roboflock_localization_lib
[5.218s] Invoked command in '/home/marcob1129/Desktop/VSCode/RoboFlock/ros2_ws/build/roboflock_localization' returned '0': CMAKE_PREFIX_PATH=${CMAKE_PREFIX_PATH}:/opt/ros/humble /usr/bin/cmake --build /home/marcob1129/Desktop/VSCode/RoboFlock/ros2_ws/build/roboflock_localization -- -j4 -l4
[5.256s] Invoking command in '/home/marcob1129/Desktop/VSCode/RoboFlock/ros2_ws/build/roboflock_localization': CMAKE_PREFIX_PATH=${CMAKE_PREFIX_PATH}:/opt/ros/humble /usr/bin/cmake --install /home/marcob1129/Desktop/VSCode/RoboFlock/ros2_ws/build/roboflock_localization
[5.287s] -- Install configuration: ""
[5.290s] -- Installing: /home/marcob1129/Desktop/VSCode/RoboFlock/ros2_ws/install/roboflock_localization/share/roboflock_localization//launch
[5.290s] -- Installing: /home/marcob1129/Desktop/VSCode/RoboFlock/ros2_ws/install/roboflock_localization/share/roboflock_localization//launch/ekf_navsat_launch.py
[5.290s] -- Installing: /home/marcob1129/Desktop/VSCode/RoboFlock/ros2_ws/install/roboflock_localization/share/roboflock_localization//params
[5.290s] -- Installing: /home/marcob1129/Desktop/VSCode/RoboFlock/ros2_ws/install/roboflock_localization/share/roboflock_localization//params/mpu9250.yaml
[5.290s] -- Installing: /home/marcob1129/Desktop/VSCode/RoboFlock/ros2_ws/install/roboflock_localization/share/roboflock_localization//params/ekf_navsat_params.yaml
[5.290s] -- Installing: /home/marcob1129/Desktop/VSCode/RoboFlock/ros2_ws/install/roboflock_localization/share/roboflock_localization//params/gps.yaml
[5.290s] -- Installing: /home/marcob1129/Desktop/VSCode/RoboFlock/ros2_ws/install/roboflock_localization/share/ament_index/resource_index/package_run_dependencies/roboflock_localization
[5.290s] -- Installing: /home/marcob1129/Desktop/VSCode/RoboFlock/ros2_ws/install/roboflock_localization/share/ament_index/resource_index/parent_prefix_path/roboflock_localization
[5.301s] -- Installing: /home/marcob1129/Desktop/VSCode/RoboFlock/ros2_ws/install/roboflock_localization/share/roboflock_localization/environment/ament_prefix_path.sh
[5.301s] -- Installing: /home/marcob1129/Desktop/VSCode/RoboFlock/ros2_ws/install/roboflock_localization/share/roboflock_localization/environment/ament_prefix_path.dsv
[5.301s] -- Installing: /home/marcob1129/Desktop/VSCode/RoboFlock/ros2_ws/install/roboflock_localization/share/roboflock_localization/environment/path.sh
[5.301s] -- Installing: /home/marcob1129/Desktop/VSCode/RoboFlock/ros2_ws/install/roboflock_localization/share/roboflock_localization/environment/path.dsv
[5.301s] -- Installing: /home/marcob1129/Desktop/VSCode/RoboFlock/ros2_ws/install/roboflock_localization/share/roboflock_localization/local_setup.bash
[5.301s] -- Installing: /home/marcob1129/Desktop/VSCode/RoboFlock/ros2_ws/install/roboflock_localization/share/roboflock_localization/local_setup.sh
[5.301s] -- Installing: /home/marcob1129/Desktop/VSCode/RoboFlock/ros2_ws/install/roboflock_localization/share/roboflock_localization/local_setup.zsh
[5.301s] -- Installing: /home/marcob1129/Desktop/VSCode/RoboFlock/ros2_ws/install/roboflock_localization/share/roboflock_localization/local_setup.dsv
[5.301s] -- Installing: /home/marcob1129/Desktop/VSCode/RoboFlock/ros2_ws/install/roboflock_localization/share/roboflock_localization/package.dsv
[5.302s] -- Installing: /home/marcob1129/Desktop/VSCode/RoboFlock/ros2_ws/install/roboflock_localization/share/ament_index/resource_index/packages/roboflock_localization
[5.302s] -- Installing: /home/marcob1129/Desktop/VSCode/RoboFlock/ros2_ws/install/roboflock_localization/share/roboflock_localization/cmake/ament_cmake_export_dependencies-extras.cmake
[5.308s] -- Installing: /home/marcob1129/Desktop/VSCode/RoboFlock/ros2_ws/install/roboflock_localization/share/roboflock_localization/cmake/roboflock_localizationConfig.cmake
[5.318s] -- Installing: /home/marcob1129/Desktop/VSCode/RoboFlock/ros2_ws/install/roboflock_localization/share/roboflock_localization/cmake/roboflock_localizationConfig-version.cmake
[5.318s] -- Installing: /home/marcob1129/Desktop/VSCode/RoboFlock/ros2_ws/install/roboflock_localization/share/roboflock_localization/package.xml
[5.354s] Invoked command in '/home/marcob1129/Desktop/VSCode/RoboFlock/ros2_ws/build/roboflock_localization' returned '0': CMAKE_PREFIX_PATH=${CMAKE_PREFIX_PATH}:/opt/ros/humble /usr/bin/cmake --install /home/marcob1129/Desktop/VSCode/RoboFlock/ros2_ws/build/roboflock_localization
