[0.065s] Invoking command in '/home/marcob1129/Desktop/VSCode/RoboFlock/ros2_ws/build/mpu9250driver': CMAKE_PREFIX_PATH=${CMAKE_PREFIX_PATH}:/opt/ros/humble /usr/bin/cmake --build /home/marcob1129/Desktop/VSCode/RoboFlock/ros2_ws/build/mpu9250driver -- -j4 -l4
[0.337s] [ 33%] Built target linux_i2c_communicator
[0.350s] [ 66%] Built target mpu9250sensor
[0.496s] [100%] Built target mpu9250driver
[0.637s] Invoked command in '/home/marcob1129/Desktop/VSCode/RoboFlock/ros2_ws/build/mpu9250driver' returned '0': CMAKE_PREFIX_PATH=${CMAKE_PREFIX_PATH}:/opt/ros/humble /usr/bin/cmake --build /home/marcob1129/Desktop/VSCode/RoboFlock/ros2_ws/build/mpu9250driver -- -j4 -l4
[0.638s] Invoking command in '/home/marcob1129/Desktop/VSCode/RoboFlock/ros2_ws/build/mpu9250driver': CMAKE_PREFIX_PATH=${CMAKE_PREFIX_PATH}:/opt/ros/humble /usr/bin/cmake --install /home/marcob1129/Desktop/VSCode/RoboFlock/ros2_ws/build/mpu9250driver
[0.660s] -- Install configuration: ""
[0.663s] -- Up-to-date: /home/marcob1129/Desktop/VSCode/RoboFlock/ros2_ws/install/mpu9250driver/lib/mpu9250driver/mpu9250driver
[0.670s] -- Up-to-date: /home/marcob1129/Desktop/VSCode/RoboFlock/ros2_ws/install/mpu9250driver/share/mpu9250driver//launch
[0.673s] -- Up-to-date: /home/marcob1129/Desktop/VSCode/RoboFlock/ros2_ws/install/mpu9250driver/share/mpu9250driver//launch/mpu9250driver_launch.py
[0.677s] -- Up-to-date: /home/marcob1129/Desktop/VSCode/RoboFlock/ros2_ws/install/mpu9250driver/share/mpu9250driver//launch/__pycache__
[0.677s] -- Up-to-date: /home/marcob1129/Desktop/VSCode/RoboFlock/ros2_ws/install/mpu9250driver/share/mpu9250driver//launch/__pycache__/mpu9250driver_launch.cpython-310.pyc
[0.677s] -- Up-to-date: /home/marcob1129/Desktop/VSCode/RoboFlock/ros2_ws/install/mpu9250driver/share/mpu9250driver//params
[0.678s] -- Up-to-date: /home/marcob1129/Desktop/VSCode/RoboFlock/ros2_ws/install/mpu9250driver/share/mpu9250driver//params/mpu9250.yaml
[0.678s] -- Up-to-date: /home/marcob1129/Desktop/VSCode/RoboFlock/ros2_ws/install/mpu9250driver/share/ament_index/resource_index/package_run_dependencies/mpu9250driver
[0.678s] -- Up-to-date: /home/marcob1129/Desktop/VSCode/RoboFlock/ros2_ws/install/mpu9250driver/share/ament_index/resource_index/parent_prefix_path/mpu9250driver
[0.678s] -- Up-to-date: /home/marcob1129/Desktop/VSCode/RoboFlock/ros2_ws/install/mpu9250driver/share/mpu9250driver/environment/ament_prefix_path.sh
[0.678s] -- Up-to-date: /home/marcob1129/Desktop/VSCode/RoboFlock/ros2_ws/install/mpu9250driver/share/mpu9250driver/environment/ament_prefix_path.dsv
[0.678s] -- Up-to-date: /home/marcob1129/Desktop/VSCode/RoboFlock/ros2_ws/install/mpu9250driver/share/mpu9250driver/environment/path.sh
[0.678s] -- Up-to-date: /home/marcob1129/Desktop/VSCode/RoboFlock/ros2_ws/install/mpu9250driver/share/mpu9250driver/environment/path.dsv
[0.678s] -- Up-to-date: /home/marcob1129/Desktop/VSCode/RoboFlock/ros2_ws/install/mpu9250driver/share/mpu9250driver/local_setup.bash
[0.678s] -- Up-to-date: /home/marcob1129/Desktop/VSCode/RoboFlock/ros2_ws/install/mpu9250driver/share/mpu9250driver/local_setup.sh
[0.678s] -- Up-to-date: /home/marcob1129/Desktop/VSCode/RoboFlock/ros2_ws/install/mpu9250driver/share/mpu9250driver/local_setup.zsh
[0.678s] -- Up-to-date: /home/marcob1129/Desktop/VSCode/RoboFlock/ros2_ws/install/mpu9250driver/share/mpu9250driver/local_setup.dsv
[0.679s] -- Installing: /home/marcob1129/Desktop/VSCode/RoboFlock/ros2_ws/install/mpu9250driver/share/mpu9250driver/package.dsv
[0.679s] -- Up-to-date: /home/marcob1129/Desktop/VSCode/RoboFlock/ros2_ws/install/mpu9250driver/share/ament_index/resource_index/packages/mpu9250driver
[0.679s] -- Up-to-date: /home/marcob1129/Desktop/VSCode/RoboFlock/ros2_ws/install/mpu9250driver/share/mpu9250driver/cmake/mpu9250driverConfig.cmake
[0.679s] -- Up-to-date: /home/marcob1129/Desktop/VSCode/RoboFlock/ros2_ws/install/mpu9250driver/share/mpu9250driver/cmake/mpu9250driverConfig-version.cmake
[0.679s] -- Up-to-date: /home/marcob1129/Desktop/VSCode/RoboFlock/ros2_ws/install/mpu9250driver/share/mpu9250driver/package.xml
[0.703s] Invoked command in '/home/marcob1129/Desktop/VSCode/RoboFlock/ros2_ws/build/mpu9250driver' returned '0': CMAKE_PREFIX_PATH=${CMAKE_PREFIX_PATH}:/opt/ros/humble /usr/bin/cmake --install /home/marcob1129/Desktop/VSCode/RoboFlock/ros2_ws/build/mpu9250driver
