[0.034s] Invoking command in '/home/roboflock/RoboFlock/build/ultrasonic_ros': CMAKE_PREFIX_PATH=${CMAKE_PREFIX_PATH}:/opt/ros/humble PS1=(venv) \[\e]0;\u@\h: \w\a\]${debian_chroot:+($debian_chroot)}\[\033[01;35m\]\u:\[\033[01;36m\]\w\[\033[00m\]\$ VIRTUAL_ENV_PROMPT=(venv) /usr/bin/cmake --build /home/roboflock/RoboFlock/build/ultrasonic_ros -- -j6 -l6
[0.170s] [ 50%] Built target ultrasonic_ros_lib
[0.235s] [ 75%] [32mBuilding CXX object CMakeFiles/ultrasonic_publisher.dir/src/ultrasonic_publisher.cpp.o[0m
[12.517s] [100%] [32m[1mLinking CXX executable ultrasonic_publisher[0m
[13.197s] [100%] Built target ultrasonic_publisher
[13.228s] Invoked command in '/home/roboflock/RoboFlock/build/ultrasonic_ros' returned '0': CMAKE_PREFIX_PATH=${CMAKE_PREFIX_PATH}:/opt/ros/humble PS1=(venv) \[\e]0;\u@\h: \w\a\]${debian_chroot:+($debian_chroot)}\[\033[01;35m\]\u:\[\033[01;36m\]\w\[\033[00m\]\$ VIRTUAL_ENV_PROMPT=(venv) /usr/bin/cmake --build /home/roboflock/RoboFlock/build/ultrasonic_ros -- -j6 -l6
[13.257s] Invoking command in '/home/roboflock/RoboFlock/build/ultrasonic_ros': CMAKE_PREFIX_PATH=${CMAKE_PREFIX_PATH}:/opt/ros/humble PS1=(venv) \[\e]0;\u@\h: \w\a\]${debian_chroot:+($debian_chroot)}\[\033[01;35m\]\u:\[\033[01;36m\]\w\[\033[00m\]\$ VIRTUAL_ENV_PROMPT=(venv) /usr/bin/cmake --install /home/roboflock/RoboFlock/build/ultrasonic_ros
[13.277s] -- Install configuration: ""
[13.277s] -- Up-to-date: /home/roboflock/RoboFlock/install/ultrasonic_ros/include/ultrasonic_ros
[13.278s] -- Up-to-date: /home/roboflock/RoboFlock/install/ultrasonic_ros/include/ultrasonic_ros/ultrasonic_usb.hpp
[13.278s] -- Up-to-date: /home/roboflock/RoboFlock/install/ultrasonic_ros/lib/libultrasonic_ros_lib.a
[13.278s] -- Up-to-date: /home/roboflock/RoboFlock/install/ultrasonic_ros/share/ultrasonic_ros/environment/library_path.sh
[13.278s] -- Up-to-date: /home/roboflock/RoboFlock/install/ultrasonic_ros/share/ultrasonic_ros/environment/library_path.dsv
[13.278s] -- Installing: /home/roboflock/RoboFlock/install/ultrasonic_ros/lib/ultrasonic_ros/ultrasonic_publisher
[13.283s] -- Set runtime path of "/home/roboflock/RoboFlock/install/ultrasonic_ros/lib/ultrasonic_ros/ultrasonic_publisher" to ""
[13.283s] -- Up-to-date: /home/roboflock/RoboFlock/install/ultrasonic_ros/share/ament_index/resource_index/package_run_dependencies/ultrasonic_ros
[13.284s] -- Up-to-date: /home/roboflock/RoboFlock/install/ultrasonic_ros/share/ament_index/resource_index/parent_prefix_path/ultrasonic_ros
[13.284s] -- Up-to-date: /home/roboflock/RoboFlock/install/ultrasonic_ros/share/ultrasonic_ros/environment/ament_prefix_path.sh
[13.284s] -- Up-to-date: /home/roboflock/RoboFlock/install/ultrasonic_ros/share/ultrasonic_ros/environment/ament_prefix_path.dsv
[13.285s] -- Up-to-date: /home/roboflock/RoboFlock/install/ultrasonic_ros/share/ultrasonic_ros/environment/path.sh
[13.285s] -- Up-to-date: /home/roboflock/RoboFlock/install/ultrasonic_ros/share/ultrasonic_ros/environment/path.dsv
[13.285s] -- Up-to-date: /home/roboflock/RoboFlock/install/ultrasonic_ros/share/ultrasonic_ros/local_setup.bash
[13.286s] -- Up-to-date: /home/roboflock/RoboFlock/install/ultrasonic_ros/share/ultrasonic_ros/local_setup.sh
[13.286s] -- Up-to-date: /home/roboflock/RoboFlock/install/ultrasonic_ros/share/ultrasonic_ros/local_setup.zsh
[13.286s] -- Up-to-date: /home/roboflock/RoboFlock/install/ultrasonic_ros/share/ultrasonic_ros/local_setup.dsv
[13.286s] -- Up-to-date: /home/roboflock/RoboFlock/install/ultrasonic_ros/share/ultrasonic_ros/package.dsv
[13.287s] -- Up-to-date: /home/roboflock/RoboFlock/install/ultrasonic_ros/share/ament_index/resource_index/packages/ultrasonic_ros
[13.287s] -- Up-to-date: /home/roboflock/RoboFlock/install/ultrasonic_ros/share/ultrasonic_ros/cmake/ament_cmake_export_include_directories-extras.cmake
[13.287s] -- Up-to-date: /home/roboflock/RoboFlock/install/ultrasonic_ros/share/ultrasonic_ros/cmake/ament_cmake_export_libraries-extras.cmake
[13.288s] -- Up-to-date: /home/roboflock/RoboFlock/install/ultrasonic_ros/share/ultrasonic_ros/cmake/ament_cmake_export_dependencies-extras.cmake
[13.288s] -- Up-to-date: /home/roboflock/RoboFlock/install/ultrasonic_ros/share/ultrasonic_ros/cmake/ultrasonic_rosConfig.cmake
[13.288s] -- Up-to-date: /home/roboflock/RoboFlock/install/ultrasonic_ros/share/ultrasonic_ros/cmake/ultrasonic_rosConfig-version.cmake
[13.289s] -- Up-to-date: /home/roboflock/RoboFlock/install/ultrasonic_ros/share/ultrasonic_ros/package.xml
[13.292s] Invoked command in '/home/roboflock/RoboFlock/build/ultrasonic_ros' returned '0': CMAKE_PREFIX_PATH=${CMAKE_PREFIX_PATH}:/opt/ros/humble PS1=(venv) \[\e]0;\u@\h: \w\a\]${debian_chroot:+($debian_chroot)}\[\033[01;35m\]\u:\[\033[01;36m\]\w\[\033[00m\]\$ VIRTUAL_ENV_PROMPT=(venv) /usr/bin/cmake --install /home/roboflock/RoboFlock/build/ultrasonic_ros
