-- The C compiler identification is GNU 11.4.0
-- The CXX compiler identification is GNU 11.4.0
-- Detecting C compiler ABI info
-- Detecting C compiler ABI info - done
-- Check for working C compiler: /usr/bin/cc - skipped
-- Detecting C compile features
-- Detecting C compile features - done
-- Detecting CXX compiler ABI info
-- Detecting CXX compiler ABI info - done
-- Check for working CXX compiler: /usr/bin/c++ - skipped
-- Detecting CXX compile features
-- Detecting CXX compile features - done
-- Found ament_cmake: 1.3.12 (/opt/ros/humble/share/ament_cmake/cmake)
-- Found Python3: /home/roboflock/RoboFlock/venv/bin/python3 (found version "3.10.12") found components: Interpreter 
-- Found rclcpp: 16.0.17 (/opt/ros/humble/share/rclcpp/cmake)
-- Found rosidl_generator_c: 3.1.8 (/opt/ros/humble/share/rosidl_generator_c/cmake)
-- Found rosidl_adapter: 3.1.8 (/opt/ros/humble/share/rosidl_adapter/cmake)
-- Found rosidl_generator_cpp: 3.1.8 (/opt/ros/humble/share/rosidl_generator_cpp/cmake)
-- Using all available rosidl_typesupport_c: rosidl_typesupport_fastrtps_c;rosidl_typesupport_introspection_c
-- Using all available rosidl_typesupport_cpp: rosidl_typesupport_fastrtps_cpp;rosidl_typesupport_introspection_cpp
-- Found rmw_implementation_cmake: 6.1.2 (/opt/ros/humble/share/rmw_implementation_cmake/cmake)
-- Found rmw_fastrtps_cpp: 6.2.9 (/opt/ros/humble/share/rmw_fastrtps_cpp/cmake)
-- Found OpenSSL: /usr/lib/aarch64-linux-gnu/libcrypto.so (found version "3.0.2")  
-- Found FastRTPS: /opt/ros/humble/include  
-- Using RMW implementation 'rmw_fastrtps_cpp' as default
-- Looking for pthread.h
-- Looking for pthread.h - found
-- Performing Test CMAKE_HAVE_LIBC_PTHREAD
-- Performing Test CMAKE_HAVE_LIBC_PTHREAD - Success
-- Found Threads: TRUE  
-- Found sensor_msgs: 4.9.0 (/opt/ros/humble/share/sensor_msgs/cmake)
-- Found source file: src/ultrasonic_usb.cpp
-- Configuring done
-- Generating done
-- Build files have been written to: /home/roboflock/RoboFlock/build/ultrasonic_ros
[ 25%] [32mBuilding CXX object CMakeFiles/ultrasonic_ros_lib.dir/src/ultrasonic_usb.cpp.o[0m
[ 50%] [32m[1mLinking CXX static library libultrasonic_ros_lib.a[0m
[ 50%] Built target ultrasonic_ros_lib
[ 75%] [32mBuilding CXX object CMakeFiles/ultrasonic_publisher.dir/src/ultrasonic_publisher.cpp.o[0m
[100%] [32m[1mLinking CXX executable ultrasonic_publisher[0m
[100%] Built target ultrasonic_publisher
-- Install configuration: ""
-- Installing: /home/roboflock/RoboFlock/install/ultrasonic_ros/include/ultrasonic_ros
-- Installing: /home/roboflock/RoboFlock/install/ultrasonic_ros/include/ultrasonic_ros/ultrasonic_usb.hpp
-- Installing: /home/roboflock/RoboFlock/install/ultrasonic_ros/bin/ultrasonic_publisher
-- Set runtime path of "/home/roboflock/RoboFlock/install/ultrasonic_ros/bin/ultrasonic_publisher" to ""
-- Installing: /home/roboflock/RoboFlock/install/ultrasonic_ros/lib/libultrasonic_ros_lib.a
-- Installing: /home/roboflock/RoboFlock/install/ultrasonic_ros/share/ultrasonic_ros/environment/library_path.sh
-- Installing: /home/roboflock/RoboFlock/install/ultrasonic_ros/share/ultrasonic_ros/environment/library_path.dsv
-- Installing: /home/roboflock/RoboFlock/install/ultrasonic_ros/share/ament_index/resource_index/package_run_dependencies/ultrasonic_ros
-- Installing: /home/roboflock/RoboFlock/install/ultrasonic_ros/share/ament_index/resource_index/parent_prefix_path/ultrasonic_ros
-- Installing: /home/roboflock/RoboFlock/install/ultrasonic_ros/share/ultrasonic_ros/environment/ament_prefix_path.sh
-- Installing: /home/roboflock/RoboFlock/install/ultrasonic_ros/share/ultrasonic_ros/environment/ament_prefix_path.dsv
-- Installing: /home/roboflock/RoboFlock/install/ultrasonic_ros/share/ultrasonic_ros/environment/path.sh
-- Installing: /home/roboflock/RoboFlock/install/ultrasonic_ros/share/ultrasonic_ros/environment/path.dsv
-- Installing: /home/roboflock/RoboFlock/install/ultrasonic_ros/share/ultrasonic_ros/local_setup.bash
-- Installing: /home/roboflock/RoboFlock/install/ultrasonic_ros/share/ultrasonic_ros/local_setup.sh
-- Installing: /home/roboflock/RoboFlock/install/ultrasonic_ros/share/ultrasonic_ros/local_setup.zsh
-- Installing: /home/roboflock/RoboFlock/install/ultrasonic_ros/share/ultrasonic_ros/local_setup.dsv
-- Installing: /home/roboflock/RoboFlock/install/ultrasonic_ros/share/ultrasonic_ros/package.dsv
-- Installing: /home/roboflock/RoboFlock/install/ultrasonic_ros/share/ament_index/resource_index/packages/ultrasonic_ros
-- Installing: /home/roboflock/RoboFlock/install/ultrasonic_ros/share/ultrasonic_ros/cmake/ament_cmake_export_include_directories-extras.cmake
-- Installing: /home/roboflock/RoboFlock/install/ultrasonic_ros/share/ultrasonic_ros/cmake/ament_cmake_export_libraries-extras.cmake
-- Installing: /home/roboflock/RoboFlock/install/ultrasonic_ros/share/ultrasonic_ros/cmake/ament_cmake_export_dependencies-extras.cmake
-- Installing: /home/roboflock/RoboFlock/install/ultrasonic_ros/share/ultrasonic_ros/cmake/ultrasonic_rosConfig.cmake
-- Installing: /home/roboflock/RoboFlock/install/ultrasonic_ros/share/ultrasonic_ros/cmake/ultrasonic_rosConfig-version.cmake
-- Installing: /home/roboflock/RoboFlock/install/ultrasonic_ros/share/ultrasonic_ros/package.xml
