[0.804s] Invoking command in '/home/roboflock/RoboFlock/build/ultrasonic_ros': CMAKE_PREFIX_PATH=${CMAKE_PREFIX_PATH}:/opt/ros/humble PS1=(venv) \[\e]0;\u@\h: \w\a\]${debian_chroot:+($debian_chroot)}\[\033[01;35m\]\u:\[\033[01;36m\]\w\[\033[00m\]\$ VIRTUAL_ENV_PROMPT=(venv) /usr/bin/cmake --build /home/roboflock/RoboFlock/build/ultrasonic_ros -- -j6 -l6
[0.945s] [ 50%] Built target ultrasonic_ros_lib
[0.979s] [35m[1mConsolidate compiler generated dependencies of target ultrasonic_publisher[0m
[1.027s] [ 75%] [32mBuilding CXX object CMakeFiles/ultrasonic_publisher.dir/src/ultrasonic_publisher.cpp.o[0m
[21.835s] [100%] [32m[1mLinking CXX executable ultrasonic_publisher[0m
[23.251s] [100%] Built target ultrasonic_publisher
[23.330s] Invoked command in '/home/roboflock/RoboFlock/build/ultrasonic_ros' returned '0': CMAKE_PREFIX_PATH=${CMAKE_PREFIX_PATH}:/opt/ros/humble PS1=(venv) \[\e]0;\u@\h: \w\a\]${debian_chroot:+($debian_chroot)}\[\033[01;35m\]\u:\[\033[01;36m\]\w\[\033[00m\]\$ VIRTUAL_ENV_PROMPT=(venv) /usr/bin/cmake --build /home/roboflock/RoboFlock/build/ultrasonic_ros -- -j6 -l6
[23.425s] Invoking command in '/home/roboflock/RoboFlock/build/ultrasonic_ros': CMAKE_PREFIX_PATH=${CMAKE_PREFIX_PATH}:/opt/ros/humble PS1=(venv) \[\e]0;\u@\h: \w\a\]${debian_chroot:+($debian_chroot)}\[\033[01;35m\]\u:\[\033[01;36m\]\w\[\033[00m\]\$ VIRTUAL_ENV_PROMPT=(venv) /usr/bin/cmake --install /home/roboflock/RoboFlock/build/ultrasonic_ros
[23.465s] -- Install configuration: ""
[23.465s] -- Up-to-date: /home/roboflock/RoboFlock/install/ultrasonic_ros/include/ultrasonic_ros
[23.465s] -- Up-to-date: /home/roboflock/RoboFlock/install/ultrasonic_ros/include/ultrasonic_ros/ultrasonic_usb.hpp
[23.466s] -- Up-to-date: /home/roboflock/RoboFlock/install/ultrasonic_ros/lib/libultrasonic_ros_lib.a
[23.466s] -- Up-to-date: /home/roboflock/RoboFlock/install/ultrasonic_ros/share/ultrasonic_ros/environment/library_path.sh
[23.466s] -- Up-to-date: /home/roboflock/RoboFlock/install/ultrasonic_ros/share/ultrasonic_ros/environment/library_path.dsv
[23.466s] -- Installing: /home/roboflock/RoboFlock/install/ultrasonic_ros/lib/ultrasonic_ros/ultrasonic_publisher
[23.471s] -- Set runtime path of "/home/roboflock/RoboFlock/install/ultrasonic_ros/lib/ultrasonic_ros/ultrasonic_publisher" to ""
[23.475s] -- Up-to-date: /home/roboflock/RoboFlock/install/ultrasonic_ros/share/ament_index/resource_index/package_run_dependencies/ultrasonic_ros
[23.475s] -- Up-to-date: /home/roboflock/RoboFlock/install/ultrasonic_ros/share/ament_index/resource_index/parent_prefix_path/ultrasonic_ros
[23.476s] -- Up-to-date: /home/roboflock/RoboFlock/install/ultrasonic_ros/share/ultrasonic_ros/environment/ament_prefix_path.sh
[23.476s] -- Up-to-date: /home/roboflock/RoboFlock/install/ultrasonic_ros/share/ultrasonic_ros/environment/ament_prefix_path.dsv
[23.476s] -- Up-to-date: /home/roboflock/RoboFlock/install/ultrasonic_ros/share/ultrasonic_ros/environment/path.sh
[23.476s] -- Up-to-date: /home/roboflock/RoboFlock/install/ultrasonic_ros/share/ultrasonic_ros/environment/path.dsv
[23.476s] -- Up-to-date: /home/roboflock/RoboFlock/install/ultrasonic_ros/share/ultrasonic_ros/local_setup.bash
[23.476s] -- Up-to-date: /home/roboflock/RoboFlock/install/ultrasonic_ros/share/ultrasonic_ros/local_setup.sh
[23.480s] -- Up-to-date: /home/roboflock/RoboFlock/install/ultrasonic_ros/share/ultrasonic_ros/local_setup.zsh
[23.480s] -- Up-to-date: /home/roboflock/RoboFlock/install/ultrasonic_ros/share/ultrasonic_ros/local_setup.dsv
[23.481s] -- Installing: /home/roboflock/RoboFlock/install/ultrasonic_ros/share/ultrasonic_ros/package.dsv
[23.481s] -- Up-to-date: /home/roboflock/RoboFlock/install/ultrasonic_ros/share/ament_index/resource_index/packages/ultrasonic_ros
[23.481s] -- Up-to-date: /home/roboflock/RoboFlock/install/ultrasonic_ros/share/ultrasonic_ros/cmake/ament_cmake_export_include_directories-extras.cmake
[23.481s] -- Up-to-date: /home/roboflock/RoboFlock/install/ultrasonic_ros/share/ultrasonic_ros/cmake/ament_cmake_export_libraries-extras.cmake
[23.481s] -- Up-to-date: /home/roboflock/RoboFlock/install/ultrasonic_ros/share/ultrasonic_ros/cmake/ament_cmake_export_dependencies-extras.cmake
[23.482s] -- Up-to-date: /home/roboflock/RoboFlock/install/ultrasonic_ros/share/ultrasonic_ros/cmake/ultrasonic_rosConfig.cmake
[23.482s] -- Up-to-date: /home/roboflock/RoboFlock/install/ultrasonic_ros/share/ultrasonic_ros/cmake/ultrasonic_rosConfig-version.cmake
[23.482s] -- Up-to-date: /home/roboflock/RoboFlock/install/ultrasonic_ros/share/ultrasonic_ros/package.xml
[23.491s] Invoked command in '/home/roboflock/RoboFlock/build/ultrasonic_ros' returned '0': CMAKE_PREFIX_PATH=${CMAKE_PREFIX_PATH}:/opt/ros/humble PS1=(venv) \[\e]0;\u@\h: \w\a\]${debian_chroot:+($debian_chroot)}\[\033[01;35m\]\u:\[\033[01;36m\]\w\[\033[00m\]\$ VIRTUAL_ENV_PROMPT=(venv) /usr/bin/cmake --install /home/roboflock/RoboFlock/build/ultrasonic_ros
