[0.153s] Invoking command in '/home/marcob1129/Desktop/VSCode/RoboFlock/ros2_ws/build/mpu9250driver': CMAKE_PREFIX_PATH=${CMAKE_PREFIX_PATH}:/opt/ros/humble /usr/bin/cmake --build /home/marcob1129/Desktop/VSCode/RoboFlock/ros2_ws/build/mpu9250driver -- -j4 -l4
[0.610s] [ 33%] Built target mpu9250sensor
[0.705s] [ 66%] Built target linux_i2c_communicator
[0.940s] [100%] Built target mpu9250driver
[1.109s] Invoked command in '/home/marcob1129/Desktop/VSCode/RoboFlock/ros2_ws/build/mpu9250driver' returned '0': CMAKE_PREFIX_PATH=${CMAKE_PREFIX_PATH}:/opt/ros/humble /usr/bin/cmake --build /home/marcob1129/Desktop/VSCode/RoboFlock/ros2_ws/build/mpu9250driver -- -j4 -l4
[1.109s] Invoking command in '/home/marcob1129/Desktop/VSCode/RoboFlock/ros2_ws/build/mpu9250driver': CMAKE_PREFIX_PATH=${CMAKE_PREFIX_PATH}:/opt/ros/humble /usr/bin/cmake --install /home/marcob1129/Desktop/VSCode/RoboFlock/ros2_ws/build/mpu9250driver
[1.219s] -- Install configuration: ""
[1.220s] -- Up-to-date: /home/marcob1129/Desktop/VSCode/RoboFlock/ros2_ws/install/mpu9250driver/lib/mpu9250driver/mpu9250driver
[1.220s] -- Up-to-date: /home/marcob1129/Desktop/VSCode/RoboFlock/ros2_ws/install/mpu9250driver/share/mpu9250driver//launch
[1.222s] -- Up-to-date: /home/marcob1129/Desktop/VSCode/RoboFlock/ros2_ws/install/mpu9250driver/share/mpu9250driver//launch/mpu9250driver_launch.py
[1.222s] -- Up-to-date: /home/marcob1129/Desktop/VSCode/RoboFlock/ros2_ws/install/mpu9250driver/share/mpu9250driver//launch/__pycache__
[1.222s] -- Up-to-date: /home/marcob1129/Desktop/VSCode/RoboFlock/ros2_ws/install/mpu9250driver/share/mpu9250driver//launch/__pycache__/mpu9250driver_launch.cpython-310.pyc
[1.222s] -- Up-to-date: /home/marcob1129/Desktop/VSCode/RoboFlock/ros2_ws/install/mpu9250driver/share/mpu9250driver//params
[1.222s] -- Up-to-date: /home/marcob1129/Desktop/VSCode/RoboFlock/ros2_ws/install/mpu9250driver/share/mpu9250driver//params/mpu9250.yaml
[1.223s] -- Up-to-date: /home/marcob1129/Desktop/VSCode/RoboFlock/ros2_ws/install/mpu9250driver/share/ament_index/resource_index/package_run_dependencies/mpu9250driver
[1.223s] -- Up-to-date: /home/marcob1129/Desktop/VSCode/RoboFlock/ros2_ws/install/mpu9250driver/share/ament_index/resource_index/parent_prefix_path/mpu9250driver
[1.223s] -- Up-to-date: /home/marcob1129/Desktop/VSCode/RoboFlock/ros2_ws/install/mpu9250driver/share/mpu9250driver/environment/ament_prefix_path.sh
[1.223s] -- Up-to-date: /home/marcob1129/Desktop/VSCode/RoboFlock/ros2_ws/install/mpu9250driver/share/mpu9250driver/environment/ament_prefix_path.dsv
[1.223s] -- Up-to-date: /home/marcob1129/Desktop/VSCode/RoboFlock/ros2_ws/install/mpu9250driver/share/mpu9250driver/environment/path.sh
[1.223s] -- Up-to-date: /home/marcob1129/Desktop/VSCode/RoboFlock/ros2_ws/install/mpu9250driver/share/mpu9250driver/environment/path.dsv
[1.224s] -- Up-to-date: /home/marcob1129/Desktop/VSCode/RoboFlock/ros2_ws/install/mpu9250driver/share/mpu9250driver/local_setup.bash
[1.224s] -- Up-to-date: /home/marcob1129/Desktop/VSCode/RoboFlock/ros2_ws/install/mpu9250driver/share/mpu9250driver/local_setup.sh
[1.224s] -- Up-to-date: /home/marcob1129/Desktop/VSCode/RoboFlock/ros2_ws/install/mpu9250driver/share/mpu9250driver/local_setup.zsh
[1.224s] -- Up-to-date: /home/marcob1129/Desktop/VSCode/RoboFlock/ros2_ws/install/mpu9250driver/share/mpu9250driver/local_setup.dsv
[1.224s] -- Installing: /home/marcob1129/Desktop/VSCode/RoboFlock/ros2_ws/install/mpu9250driver/share/mpu9250driver/package.dsv
[1.224s] -- Up-to-date: /home/marcob1129/Desktop/VSCode/RoboFlock/ros2_ws/install/mpu9250driver/share/ament_index/resource_index/packages/mpu9250driver
[1.225s] -- Up-to-date: /home/marcob1129/Desktop/VSCode/RoboFlock/ros2_ws/install/mpu9250driver/share/mpu9250driver/cmake/mpu9250driverConfig.cmake
[1.240s] -- Up-to-date: /home/marcob1129/Desktop/VSCode/RoboFlock/ros2_ws/install/mpu9250driver/share/mpu9250driver/cmake/mpu9250driverConfig-version.cmake
[1.240s] -- Up-to-date: /home/marcob1129/Desktop/VSCode/RoboFlock/ros2_ws/install/mpu9250driver/share/mpu9250driver/package.xml
[1.522s] Invoked command in '/home/marcob1129/Desktop/VSCode/RoboFlock/ros2_ws/build/mpu9250driver' returned '0': CMAKE_PREFIX_PATH=${CMAKE_PREFIX_PATH}:/opt/ros/humble /usr/bin/cmake --install /home/marcob1129/Desktop/VSCode/RoboFlock/ros2_ws/build/mpu9250driver
