[0.237s] DEBUG:colcon:Command line arguments: ['/usr/bin/colcon', 'build']
[0.237s] DEBUG:colcon:Parsed command line arguments: Namespace(log_base=None, log_level=None, verb_name='build', build_base='build', install_base='install', merge_install=False, symlink_install=False, test_result_base=None, continue_on_error=False, executor='parallel', parallel_workers=4, event_handlers=None, ignore_user_meta=False, metas=['./colcon.meta'], base_paths=['.'], packages_ignore=None, packages_ignore_regex=None, paths=None, packages_up_to=None, packages_up_to_regex=None, packages_above=None, packages_above_and_dependencies=None, packages_above_depth=None, packages_select_by_dep=None, packages_skip_by_dep=None, packages_skip_up_to=None, packages_select_build_failed=False, packages_skip_build_finished=False, packages_select_test_failures=False, packages_skip_test_passed=False, packages_select=None, packages_skip=None, packages_select_regex=None, packages_skip_regex=None, packages_start=None, packages_end=None, allow_overriding=[], cmake_args=None, cmake_target=None, cmake_target_skip_unavailable=False, cmake_clean_cache=False, cmake_clean_first=False, cmake_force_configure=False, ament_cmake_args=None, catkin_cmake_args=None, catkin_skip_building_tests=False, mixin_files=None, mixin=None, verb_parser=<colcon_mixin.mixin.mixin_argument.MixinArgumentDecorator object at 0x71d15776a200>, verb_extension=<colcon_core.verb.build.BuildVerb object at 0x71d157769d20>, main=<bound method BuildVerb.main of <colcon_core.verb.build.BuildVerb object at 0x71d157769d20>>, mixin_verb=('build',))
[0.810s] Level 1:colcon.colcon_core.package_discovery:discover_packages(colcon_meta) check parameters
[0.810s] Level 1:colcon.colcon_core.package_discovery:discover_packages(recursive) check parameters
[0.810s] Level 1:colcon.colcon_core.package_discovery:discover_packages(ignore) check parameters
[0.810s] Level 1:colcon.colcon_core.package_discovery:discover_packages(path) check parameters
[0.810s] Level 1:colcon.colcon_core.package_discovery:discover_packages(colcon_meta) discover
[0.810s] Level 1:colcon.colcon_core.package_discovery:discover_packages(recursive) discover
[0.810s] INFO:colcon.colcon_core.package_discovery:Crawling recursively for packages in '/home/marcob1129/Desktop/VSCode/RoboFlock/ros2_ws'
[0.810s] Level 1:colcon.colcon_core.package_identification:_identify(.) by extensions ['ignore', 'ignore_ament_install']
[0.810s] Level 1:colcon.colcon_core.package_identification:_identify(.) by extension 'ignore'
[0.810s] Level 1:colcon.colcon_core.package_identification:_identify(.) by extension 'ignore_ament_install'
[0.811s] Level 1:colcon.colcon_core.package_identification:_identify(.) by extensions ['colcon_pkg']
[0.811s] Level 1:colcon.colcon_core.package_identification:_identify(.) by extension 'colcon_pkg'
[0.811s] Level 1:colcon.colcon_core.package_identification:_identify(.) by extensions ['colcon_meta']
[0.811s] Level 1:colcon.colcon_core.package_identification:_identify(.) by extension 'colcon_meta'
[0.811s] Level 1:colcon.colcon_core.package_identification:_identify(.) by extensions ['ros']
[0.811s] Level 1:colcon.colcon_core.package_identification:_identify(.) by extension 'ros'
[0.847s] Level 1:colcon.colcon_core.package_identification:_identify(.) by extensions ['cmake', 'python']
[0.848s] Level 1:colcon.colcon_core.package_identification:_identify(.) by extension 'cmake'
[0.848s] Level 1:colcon.colcon_core.package_identification:_identify(.) by extension 'python'
[0.848s] Level 1:colcon.colcon_core.package_identification:_identify(.) by extensions ['python_setup_py']
[0.848s] Level 1:colcon.colcon_core.package_identification:_identify(.) by extension 'python_setup_py'
[0.848s] Level 1:colcon.colcon_core.package_identification:_identify(build) by extensions ['ignore', 'ignore_ament_install']
[0.848s] Level 1:colcon.colcon_core.package_identification:_identify(build) by extension 'ignore'
[0.848s] Level 1:colcon.colcon_core.package_identification:_identify(build) ignored
[0.848s] Level 1:colcon.colcon_core.package_identification:_identify(install) by extensions ['ignore', 'ignore_ament_install']
[0.849s] Level 1:colcon.colcon_core.package_identification:_identify(install) by extension 'ignore'
[0.849s] Level 1:colcon.colcon_core.package_identification:_identify(install) ignored
[0.849s] Level 1:colcon.colcon_core.package_identification:_identify(log) by extensions ['ignore', 'ignore_ament_install']
[0.849s] Level 1:colcon.colcon_core.package_identification:_identify(log) by extension 'ignore'
[0.849s] Level 1:colcon.colcon_core.package_identification:_identify(log) ignored
[0.849s] Level 1:colcon.colcon_core.package_identification:_identify(src) by extensions ['ignore', 'ignore_ament_install']
[0.849s] Level 1:colcon.colcon_core.package_identification:_identify(src) by extension 'ignore'
[0.849s] Level 1:colcon.colcon_core.package_identification:_identify(src) by extension 'ignore_ament_install'
[0.849s] Level 1:colcon.colcon_core.package_identification:_identify(src) by extensions ['colcon_pkg']
[0.849s] Level 1:colcon.colcon_core.package_identification:_identify(src) by extension 'colcon_pkg'
[0.849s] Level 1:colcon.colcon_core.package_identification:_identify(src) by extensions ['colcon_meta']
[0.850s] Level 1:colcon.colcon_core.package_identification:_identify(src) by extension 'colcon_meta'
[0.850s] Level 1:colcon.colcon_core.package_identification:_identify(src) by extensions ['ros']
[0.850s] Level 1:colcon.colcon_core.package_identification:_identify(src) by extension 'ros'
[0.850s] Level 1:colcon.colcon_core.package_identification:_identify(src) by extensions ['cmake', 'python']
[0.850s] Level 1:colcon.colcon_core.package_identification:_identify(src) by extension 'cmake'
[0.850s] Level 1:colcon.colcon_core.package_identification:_identify(src) by extension 'python'
[0.850s] Level 1:colcon.colcon_core.package_identification:_identify(src) by extensions ['python_setup_py']
[0.850s] Level 1:colcon.colcon_core.package_identification:_identify(src) by extension 'python_setup_py'
[0.850s] Level 1:colcon.colcon_core.package_identification:_identify(src/rf2o_laser_odometry) by extensions ['ignore', 'ignore_ament_install']
[0.851s] Level 1:colcon.colcon_core.package_identification:_identify(src/rf2o_laser_odometry) by extension 'ignore'
[0.851s] Level 1:colcon.colcon_core.package_identification:_identify(src/rf2o_laser_odometry) by extension 'ignore_ament_install'
[0.851s] Level 1:colcon.colcon_core.package_identification:_identify(src/rf2o_laser_odometry) by extensions ['colcon_pkg']
[0.851s] Level 1:colcon.colcon_core.package_identification:_identify(src/rf2o_laser_odometry) by extension 'colcon_pkg'
[0.851s] Level 1:colcon.colcon_core.package_identification:_identify(src/rf2o_laser_odometry) by extensions ['colcon_meta']
[0.851s] Level 1:colcon.colcon_core.package_identification:_identify(src/rf2o_laser_odometry) by extension 'colcon_meta'
[0.851s] Level 1:colcon.colcon_core.package_identification:_identify(src/rf2o_laser_odometry) by extensions ['ros']
[0.851s] Level 1:colcon.colcon_core.package_identification:_identify(src/rf2o_laser_odometry) by extension 'ros'
[0.859s] DEBUG:colcon.colcon_core.package_identification:Package 'src/rf2o_laser_odometry' with type 'ros.ament_cmake' and name 'rf2o_laser_odometry'
[0.859s] Level 1:colcon.colcon_core.package_identification:_identify(src/roboflock_localization) by extensions ['ignore', 'ignore_ament_install']
[0.859s] Level 1:colcon.colcon_core.package_identification:_identify(src/roboflock_localization) by extension 'ignore'
[0.859s] Level 1:colcon.colcon_core.package_identification:_identify(src/roboflock_localization) by extension 'ignore_ament_install'
[0.860s] Level 1:colcon.colcon_core.package_identification:_identify(src/roboflock_localization) by extensions ['colcon_pkg']
[0.860s] Level 1:colcon.colcon_core.package_identification:_identify(src/roboflock_localization) by extension 'colcon_pkg'
[0.860s] Level 1:colcon.colcon_core.package_identification:_identify(src/roboflock_localization) by extensions ['colcon_meta']
[0.860s] Level 1:colcon.colcon_core.package_identification:_identify(src/roboflock_localization) by extension 'colcon_meta'
[0.860s] Level 1:colcon.colcon_core.package_identification:_identify(src/roboflock_localization) by extensions ['ros']
[0.860s] Level 1:colcon.colcon_core.package_identification:_identify(src/roboflock_localization) by extension 'ros'
[0.862s] DEBUG:colcon.colcon_core.package_identification:Package 'src/roboflock_localization' with type 'ros.ament_cmake' and name 'roboflock_localization'
[0.862s] Level 1:colcon.colcon_core.package_identification:_identify(src/ros2_mpu9250_driver) by extensions ['ignore', 'ignore_ament_install']
[0.862s] Level 1:colcon.colcon_core.package_identification:_identify(src/ros2_mpu9250_driver) by extension 'ignore'
[0.862s] Level 1:colcon.colcon_core.package_identification:_identify(src/ros2_mpu9250_driver) by extension 'ignore_ament_install'
[0.862s] Level 1:colcon.colcon_core.package_identification:_identify(src/ros2_mpu9250_driver) by extensions ['colcon_pkg']
[0.862s] Level 1:colcon.colcon_core.package_identification:_identify(src/ros2_mpu9250_driver) by extension 'colcon_pkg'
[0.863s] Level 1:colcon.colcon_core.package_identification:_identify(src/ros2_mpu9250_driver) by extensions ['colcon_meta']
[0.863s] Level 1:colcon.colcon_core.package_identification:_identify(src/ros2_mpu9250_driver) by extension 'colcon_meta'
[0.863s] Level 1:colcon.colcon_core.package_identification:_identify(src/ros2_mpu9250_driver) by extensions ['ros']
[0.863s] Level 1:colcon.colcon_core.package_identification:_identify(src/ros2_mpu9250_driver) by extension 'ros'
[0.863s] DEBUG:colcon.colcon_core.package_identification:Package 'src/ros2_mpu9250_driver' with type 'ros.ament_cmake' and name 'mpu9250driver'
[0.864s] Level 1:colcon.colcon_core.package_identification:_identify(src/rplidar_ros) by extensions ['ignore', 'ignore_ament_install']
[0.864s] Level 1:colcon.colcon_core.package_identification:_identify(src/rplidar_ros) by extension 'ignore'
[0.864s] Level 1:colcon.colcon_core.package_identification:_identify(src/rplidar_ros) by extension 'ignore_ament_install'
[0.864s] Level 1:colcon.colcon_core.package_identification:_identify(src/rplidar_ros) by extensions ['colcon_pkg']
[0.864s] Level 1:colcon.colcon_core.package_identification:_identify(src/rplidar_ros) by extension 'colcon_pkg'
[0.864s] Level 1:colcon.colcon_core.package_identification:_identify(src/rplidar_ros) by extensions ['colcon_meta']
[0.864s] Level 1:colcon.colcon_core.package_identification:_identify(src/rplidar_ros) by extension 'colcon_meta'
[0.864s] Level 1:colcon.colcon_core.package_identification:_identify(src/rplidar_ros) by extensions ['ros']
[0.864s] Level 1:colcon.colcon_core.package_identification:_identify(src/rplidar_ros) by extension 'ros'
[0.865s] DEBUG:colcon.colcon_core.package_identification:Package 'src/rplidar_ros' with type 'ros.ament_cmake' and name 'rplidar_ros'
[0.865s] Level 1:colcon.colcon_core.package_discovery:discover_packages(recursive) using defaults
[0.866s] Level 1:colcon.colcon_core.package_discovery:discover_packages(ignore) discover
[0.866s] Level 1:colcon.colcon_core.package_discovery:discover_packages(ignore) using defaults
[0.866s] Level 1:colcon.colcon_core.package_discovery:discover_packages(path) discover
[0.866s] Level 1:colcon.colcon_core.package_discovery:discover_packages(path) using defaults
[0.948s] Level 1:colcon.colcon_core.package_discovery:discover_packages(prefix_path) check parameters
[0.948s] Level 1:colcon.colcon_core.package_discovery:discover_packages(prefix_path) discover
[0.959s] DEBUG:colcon.colcon_installed_package_information.package_discovery:Found 1 installed packages in /home/marcob1129/Desktop/VSCode/cse453/cse453_test/ros2_ws/install
[0.961s] DEBUG:colcon.colcon_installed_package_information.package_discovery:Found 279 installed packages in /opt/ros/humble
[0.963s] Level 1:colcon.colcon_core.package_discovery:discover_packages(prefix_path) using defaults
[1.035s] Level 5:colcon.colcon_core.verb:set package 'mpu9250driver' build argument 'cmake_args' from command line to 'None'
[1.035s] Level 5:colcon.colcon_core.verb:set package 'mpu9250driver' build argument 'cmake_target' from command line to 'None'
[1.035s] Level 5:colcon.colcon_core.verb:set package 'mpu9250driver' build argument 'cmake_target_skip_unavailable' from command line to 'False'
[1.035s] Level 5:colcon.colcon_core.verb:set package 'mpu9250driver' build argument 'cmake_clean_cache' from command line to 'False'
[1.035s] Level 5:colcon.colcon_core.verb:set package 'mpu9250driver' build argument 'cmake_clean_first' from command line to 'False'
[1.035s] Level 5:colcon.colcon_core.verb:set package 'mpu9250driver' build argument 'cmake_force_configure' from command line to 'False'
[1.035s] Level 5:colcon.colcon_core.verb:set package 'mpu9250driver' build argument 'ament_cmake_args' from command line to 'None'
[1.035s] Level 5:colcon.colcon_core.verb:set package 'mpu9250driver' build argument 'catkin_cmake_args' from command line to 'None'
[1.035s] Level 5:colcon.colcon_core.verb:set package 'mpu9250driver' build argument 'catkin_skip_building_tests' from command line to 'False'
[1.035s] DEBUG:colcon.colcon_core.verb:Building package 'mpu9250driver' with the following arguments: {'ament_cmake_args': None, 'build_base': '/home/marcob1129/Desktop/VSCode/RoboFlock/ros2_ws/build/mpu9250driver', 'catkin_cmake_args': None, 'catkin_skip_building_tests': False, 'cmake_args': None, 'cmake_clean_cache': False, 'cmake_clean_first': False, 'cmake_force_configure': False, 'cmake_target': None, 'cmake_target_skip_unavailable': False, 'install_base': '/home/marcob1129/Desktop/VSCode/RoboFlock/ros2_ws/install/mpu9250driver', 'merge_install': False, 'path': '/home/marcob1129/Desktop/VSCode/RoboFlock/ros2_ws/src/ros2_mpu9250_driver', 'symlink_install': False, 'test_result_base': None}
[1.036s] Level 5:colcon.colcon_core.verb:set package 'rf2o_laser_odometry' build argument 'cmake_args' from command line to 'None'
[1.036s] Level 5:colcon.colcon_core.verb:set package 'rf2o_laser_odometry' build argument 'cmake_target' from command line to 'None'
[1.036s] Level 5:colcon.colcon_core.verb:set package 'rf2o_laser_odometry' build argument 'cmake_target_skip_unavailable' from command line to 'False'
[1.036s] Level 5:colcon.colcon_core.verb:set package 'rf2o_laser_odometry' build argument 'cmake_clean_cache' from command line to 'False'
[1.036s] Level 5:colcon.colcon_core.verb:set package 'rf2o_laser_odometry' build argument 'cmake_clean_first' from command line to 'False'
[1.036s] Level 5:colcon.colcon_core.verb:set package 'rf2o_laser_odometry' build argument 'cmake_force_configure' from command line to 'False'
[1.036s] Level 5:colcon.colcon_core.verb:set package 'rf2o_laser_odometry' build argument 'ament_cmake_args' from command line to 'None'
[1.036s] Level 5:colcon.colcon_core.verb:set package 'rf2o_laser_odometry' build argument 'catkin_cmake_args' from command line to 'None'
[1.036s] Level 5:colcon.colcon_core.verb:set package 'rf2o_laser_odometry' build argument 'catkin_skip_building_tests' from command line to 'False'
[1.036s] DEBUG:colcon.colcon_core.verb:Building package 'rf2o_laser_odometry' with the following arguments: {'ament_cmake_args': None, 'build_base': '/home/marcob1129/Desktop/VSCode/RoboFlock/ros2_ws/build/rf2o_laser_odometry', 'catkin_cmake_args': None, 'catkin_skip_building_tests': False, 'cmake_args': None, 'cmake_clean_cache': False, 'cmake_clean_first': False, 'cmake_force_configure': False, 'cmake_target': None, 'cmake_target_skip_unavailable': False, 'install_base': '/home/marcob1129/Desktop/VSCode/RoboFlock/ros2_ws/install/rf2o_laser_odometry', 'merge_install': False, 'path': '/home/marcob1129/Desktop/VSCode/RoboFlock/ros2_ws/src/rf2o_laser_odometry', 'symlink_install': False, 'test_result_base': None}
[1.036s] Level 5:colcon.colcon_core.verb:set package 'roboflock_localization' build argument 'cmake_args' from command line to 'None'
[1.036s] Level 5:colcon.colcon_core.verb:set package 'roboflock_localization' build argument 'cmake_target' from command line to 'None'
[1.036s] Level 5:colcon.colcon_core.verb:set package 'roboflock_localization' build argument 'cmake_target_skip_unavailable' from command line to 'False'
[1.036s] Level 5:colcon.colcon_core.verb:set package 'roboflock_localization' build argument 'cmake_clean_cache' from command line to 'False'
[1.036s] Level 5:colcon.colcon_core.verb:set package 'roboflock_localization' build argument 'cmake_clean_first' from command line to 'False'
[1.036s] Level 5:colcon.colcon_core.verb:set package 'roboflock_localization' build argument 'cmake_force_configure' from command line to 'False'
[1.036s] Level 5:colcon.colcon_core.verb:set package 'roboflock_localization' build argument 'ament_cmake_args' from command line to 'None'
[1.036s] Level 5:colcon.colcon_core.verb:set package 'roboflock_localization' build argument 'catkin_cmake_args' from command line to 'None'
[1.036s] Level 5:colcon.colcon_core.verb:set package 'roboflock_localization' build argument 'catkin_skip_building_tests' from command line to 'False'
[1.036s] DEBUG:colcon.colcon_core.verb:Building package 'roboflock_localization' with the following arguments: {'ament_cmake_args': None, 'build_base': '/home/marcob1129/Desktop/VSCode/RoboFlock/ros2_ws/build/roboflock_localization', 'catkin_cmake_args': None, 'catkin_skip_building_tests': False, 'cmake_args': None, 'cmake_clean_cache': False, 'cmake_clean_first': False, 'cmake_force_configure': False, 'cmake_target': None, 'cmake_target_skip_unavailable': False, 'install_base': '/home/marcob1129/Desktop/VSCode/RoboFlock/ros2_ws/install/roboflock_localization', 'merge_install': False, 'path': '/home/marcob1129/Desktop/VSCode/RoboFlock/ros2_ws/src/roboflock_localization', 'symlink_install': False, 'test_result_base': None}
[1.037s] Level 5:colcon.colcon_core.verb:set package 'rplidar_ros' build argument 'cmake_args' from command line to 'None'
[1.037s] Level 5:colcon.colcon_core.verb:set package 'rplidar_ros' build argument 'cmake_target' from command line to 'None'
[1.037s] Level 5:colcon.colcon_core.verb:set package 'rplidar_ros' build argument 'cmake_target_skip_unavailable' from command line to 'False'
[1.037s] Level 5:colcon.colcon_core.verb:set package 'rplidar_ros' build argument 'cmake_clean_cache' from command line to 'False'
[1.037s] Level 5:colcon.colcon_core.verb:set package 'rplidar_ros' build argument 'cmake_clean_first' from command line to 'False'
[1.037s] Level 5:colcon.colcon_core.verb:set package 'rplidar_ros' build argument 'cmake_force_configure' from command line to 'False'
[1.037s] Level 5:colcon.colcon_core.verb:set package 'rplidar_ros' build argument 'ament_cmake_args' from command line to 'None'
[1.037s] Level 5:colcon.colcon_core.verb:set package 'rplidar_ros' build argument 'catkin_cmake_args' from command line to 'None'
[1.037s] Level 5:colcon.colcon_core.verb:set package 'rplidar_ros' build argument 'catkin_skip_building_tests' from command line to 'False'
[1.037s] DEBUG:colcon.colcon_core.verb:Building package 'rplidar_ros' with the following arguments: {'ament_cmake_args': None, 'build_base': '/home/marcob1129/Desktop/VSCode/RoboFlock/ros2_ws/build/rplidar_ros', 'catkin_cmake_args': None, 'catkin_skip_building_tests': False, 'cmake_args': None, 'cmake_clean_cache': False, 'cmake_clean_first': False, 'cmake_force_configure': False, 'cmake_target': None, 'cmake_target_skip_unavailable': False, 'install_base': '/home/marcob1129/Desktop/VSCode/RoboFlock/ros2_ws/install/rplidar_ros', 'merge_install': False, 'path': '/home/marcob1129/Desktop/VSCode/RoboFlock/ros2_ws/src/rplidar_ros', 'symlink_install': False, 'test_result_base': None}
[1.037s] INFO:colcon.colcon_core.executor:Executing jobs using 'parallel' executor
[1.040s] DEBUG:colcon.colcon_parallel_executor.executor.parallel:run_until_complete
[1.040s] INFO:colcon.colcon_ros.task.ament_cmake.build:Building ROS package in '/home/marcob1129/Desktop/VSCode/RoboFlock/ros2_ws/src/ros2_mpu9250_driver' with build type 'ament_cmake'
[1.040s] INFO:colcon.colcon_cmake.task.cmake.build:Building CMake package in '/home/marcob1129/Desktop/VSCode/RoboFlock/ros2_ws/src/ros2_mpu9250_driver'
[1.066s] INFO:colcon.colcon_core.plugin_system:Skipping extension 'colcon_core.shell.bat': Not used on non-Windows systems
[1.067s] INFO:colcon.colcon_core.shell:Skip shell extension 'powershell' for command environment: Not usable outside of PowerShell
[1.067s] DEBUG:colcon.colcon_core.shell:Skip shell extension 'dsv' for command environment
[1.079s] INFO:colcon.colcon_ros.task.ament_cmake.build:Building ROS package in '/home/marcob1129/Desktop/VSCode/RoboFlock/ros2_ws/src/rf2o_laser_odometry' with build type 'ament_cmake'
[1.079s] INFO:colcon.colcon_cmake.task.cmake.build:Building CMake package in '/home/marcob1129/Desktop/VSCode/RoboFlock/ros2_ws/src/rf2o_laser_odometry'
[1.079s] INFO:colcon.colcon_core.shell:Skip shell extension 'powershell' for command environment: Not usable outside of PowerShell
[1.079s] DEBUG:colcon.colcon_core.shell:Skip shell extension 'dsv' for command environment
[1.101s] INFO:colcon.colcon_ros.task.ament_cmake.build:Building ROS package in '/home/marcob1129/Desktop/VSCode/RoboFlock/ros2_ws/src/roboflock_localization' with build type 'ament_cmake'
[1.101s] INFO:colcon.colcon_cmake.task.cmake.build:Building CMake package in '/home/marcob1129/Desktop/VSCode/RoboFlock/ros2_ws/src/roboflock_localization'
[1.103s] INFO:colcon.colcon_core.shell:Skip shell extension 'powershell' for command environment: Not usable outside of PowerShell
[1.104s] DEBUG:colcon.colcon_core.shell:Skip shell extension 'dsv' for command environment
[1.123s] INFO:colcon.colcon_ros.task.ament_cmake.build:Building ROS package in '/home/marcob1129/Desktop/VSCode/RoboFlock/ros2_ws/src/rplidar_ros' with build type 'ament_cmake'
[1.123s] INFO:colcon.colcon_cmake.task.cmake.build:Building CMake package in '/home/marcob1129/Desktop/VSCode/RoboFlock/ros2_ws/src/rplidar_ros'
[1.124s] INFO:colcon.colcon_core.shell:Skip shell extension 'powershell' for command environment: Not usable outside of PowerShell
[1.124s] DEBUG:colcon.colcon_core.shell:Skip shell extension 'dsv' for command environment
[1.154s] DEBUG:colcon.colcon_core.event_handler.log_command:Invoking command in '/home/marcob1129/Desktop/VSCode/RoboFlock/ros2_ws/build/mpu9250driver': CMAKE_PREFIX_PATH=${CMAKE_PREFIX_PATH}:/opt/ros/humble /usr/bin/cmake /home/marcob1129/Desktop/VSCode/RoboFlock/ros2_ws/src/ros2_mpu9250_driver -DCMAKE_INSTALL_PREFIX=/home/marcob1129/Desktop/VSCode/RoboFlock/ros2_ws/install/mpu9250driver
[1.169s] DEBUG:colcon.colcon_core.event_handler.log_command:Invoking command in '/home/marcob1129/Desktop/VSCode/RoboFlock/ros2_ws/build/rf2o_laser_odometry': CMAKE_PREFIX_PATH=${CMAKE_PREFIX_PATH}:/opt/ros/humble /usr/bin/cmake /home/marcob1129/Desktop/VSCode/RoboFlock/ros2_ws/src/rf2o_laser_odometry -DCMAKE_INSTALL_PREFIX=/home/marcob1129/Desktop/VSCode/RoboFlock/ros2_ws/install/rf2o_laser_odometry
[1.190s] DEBUG:colcon.colcon_core.event_handler.log_command:Invoking command in '/home/marcob1129/Desktop/VSCode/RoboFlock/ros2_ws/build/roboflock_localization': CMAKE_PREFIX_PATH=${CMAKE_PREFIX_PATH}:/opt/ros/humble /usr/bin/cmake /home/marcob1129/Desktop/VSCode/RoboFlock/ros2_ws/src/roboflock_localization -DCMAKE_INSTALL_PREFIX=/home/marcob1129/Desktop/VSCode/RoboFlock/ros2_ws/install/roboflock_localization
[1.219s] DEBUG:colcon.colcon_core.event_handler.log_command:Invoking command in '/home/marcob1129/Desktop/VSCode/RoboFlock/ros2_ws/build/rplidar_ros': CMAKE_PREFIX_PATH=${CMAKE_PREFIX_PATH}:/opt/ros/humble /usr/bin/cmake /home/marcob1129/Desktop/VSCode/RoboFlock/ros2_ws/src/rplidar_ros -DCMAKE_INSTALL_PREFIX=/home/marcob1129/Desktop/VSCode/RoboFlock/ros2_ws/install/rplidar_ros
[5.444s] DEBUG:colcon.colcon_core.event_handler.log_command:Invoked command in '/home/marcob1129/Desktop/VSCode/RoboFlock/ros2_ws/build/roboflock_localization' returned '0': CMAKE_PREFIX_PATH=${CMAKE_PREFIX_PATH}:/opt/ros/humble /usr/bin/cmake /home/marcob1129/Desktop/VSCode/RoboFlock/ros2_ws/src/roboflock_localization -DCMAKE_INSTALL_PREFIX=/home/marcob1129/Desktop/VSCode/RoboFlock/ros2_ws/install/roboflock_localization
[5.444s] DEBUG:colcon.colcon_core.event_handler.log_command:Invoking command in '/home/marcob1129/Desktop/VSCode/RoboFlock/ros2_ws/build/roboflock_localization': CMAKE_PREFIX_PATH=${CMAKE_PREFIX_PATH}:/opt/ros/humble /usr/bin/cmake --build /home/marcob1129/Desktop/VSCode/RoboFlock/ros2_ws/build/roboflock_localization -- -j4 -l4
[6.325s] DEBUG:colcon.colcon_core.event_handler.log_command:Invoked command in '/home/marcob1129/Desktop/VSCode/RoboFlock/ros2_ws/build/roboflock_localization' returned '0': CMAKE_PREFIX_PATH=${CMAKE_PREFIX_PATH}:/opt/ros/humble /usr/bin/cmake --build /home/marcob1129/Desktop/VSCode/RoboFlock/ros2_ws/build/roboflock_localization -- -j4 -l4
[6.362s] DEBUG:colcon.colcon_core.event_handler.log_command:Invoking command in '/home/marcob1129/Desktop/VSCode/RoboFlock/ros2_ws/build/roboflock_localization': CMAKE_PREFIX_PATH=${CMAKE_PREFIX_PATH}:/opt/ros/humble /usr/bin/cmake --install /home/marcob1129/Desktop/VSCode/RoboFlock/ros2_ws/build/roboflock_localization
[6.434s] Level 1:colcon.colcon_core.environment:create_environment_scripts_only(roboflock_localization)
[6.461s] DEBUG:colcon.colcon_core.event_handler.log_command:Invoked command in '/home/marcob1129/Desktop/VSCode/RoboFlock/ros2_ws/build/roboflock_localization' returned '0': CMAKE_PREFIX_PATH=${CMAKE_PREFIX_PATH}:/opt/ros/humble /usr/bin/cmake --install /home/marcob1129/Desktop/VSCode/RoboFlock/ros2_ws/build/roboflock_localization
[6.469s] Level 1:colcon.colcon_core.environment:checking '/home/marcob1129/Desktop/VSCode/RoboFlock/ros2_ws/install/roboflock_localization' for CMake module files
[6.470s] Level 1:colcon.colcon_core.environment:checking '/home/marcob1129/Desktop/VSCode/RoboFlock/ros2_ws/install/roboflock_localization' for CMake config files
[6.470s] Level 1:colcon.colcon_core.shell:create_environment_hook('roboflock_localization', 'cmake_prefix_path')
[6.470s] INFO:colcon.colcon_core.shell:Creating environment hook '/home/marcob1129/Desktop/VSCode/RoboFlock/ros2_ws/install/roboflock_localization/share/roboflock_localization/hook/cmake_prefix_path.ps1'
[6.471s] INFO:colcon.colcon_core.shell:Creating environment descriptor '/home/marcob1129/Desktop/VSCode/RoboFlock/ros2_ws/install/roboflock_localization/share/roboflock_localization/hook/cmake_prefix_path.dsv'
[6.472s] INFO:colcon.colcon_core.shell:Creating environment hook '/home/marcob1129/Desktop/VSCode/RoboFlock/ros2_ws/install/roboflock_localization/share/roboflock_localization/hook/cmake_prefix_path.sh'
[6.473s] Level 1:colcon.colcon_core.environment:checking '/home/marcob1129/Desktop/VSCode/RoboFlock/ros2_ws/install/roboflock_localization/bin'
[6.473s] Level 1:colcon.colcon_core.environment:checking '/home/marcob1129/Desktop/VSCode/RoboFlock/ros2_ws/install/roboflock_localization/lib/pkgconfig/roboflock_localization.pc'
[6.474s] Level 1:colcon.colcon_core.environment:checking '/home/marcob1129/Desktop/VSCode/RoboFlock/ros2_ws/install/roboflock_localization/lib/python3.10/site-packages'
[6.474s] Level 1:colcon.colcon_core.environment:checking '/home/marcob1129/Desktop/VSCode/RoboFlock/ros2_ws/install/roboflock_localization/bin'
[6.475s] INFO:colcon.colcon_core.shell:Creating package script '/home/marcob1129/Desktop/VSCode/RoboFlock/ros2_ws/install/roboflock_localization/share/roboflock_localization/package.ps1'
[6.477s] INFO:colcon.colcon_core.shell:Creating package descriptor '/home/marcob1129/Desktop/VSCode/RoboFlock/ros2_ws/install/roboflock_localization/share/roboflock_localization/package.dsv'
[6.478s] INFO:colcon.colcon_core.shell:Creating package script '/home/marcob1129/Desktop/VSCode/RoboFlock/ros2_ws/install/roboflock_localization/share/roboflock_localization/package.sh'
[6.480s] INFO:colcon.colcon_core.shell:Creating package script '/home/marcob1129/Desktop/VSCode/RoboFlock/ros2_ws/install/roboflock_localization/share/roboflock_localization/package.bash'
[6.481s] INFO:colcon.colcon_core.shell:Creating package script '/home/marcob1129/Desktop/VSCode/RoboFlock/ros2_ws/install/roboflock_localization/share/roboflock_localization/package.zsh'
[6.482s] Level 1:colcon.colcon_core.environment:create_file_with_runtime_dependencies(/home/marcob1129/Desktop/VSCode/RoboFlock/ros2_ws/install/roboflock_localization/share/colcon-core/packages/roboflock_localization)
[6.482s] Level 1:colcon.colcon_core.environment:create_environment_scripts_only(roboflock_localization)
[6.483s] Level 1:colcon.colcon_core.environment:checking '/home/marcob1129/Desktop/VSCode/RoboFlock/ros2_ws/install/roboflock_localization' for CMake module files
[6.483s] Level 1:colcon.colcon_core.environment:checking '/home/marcob1129/Desktop/VSCode/RoboFlock/ros2_ws/install/roboflock_localization' for CMake config files
[6.483s] Level 1:colcon.colcon_core.shell:create_environment_hook('roboflock_localization', 'cmake_prefix_path')
[6.484s] INFO:colcon.colcon_core.shell:Creating environment hook '/home/marcob1129/Desktop/VSCode/RoboFlock/ros2_ws/install/roboflock_localization/share/roboflock_localization/hook/cmake_prefix_path.ps1'
[6.484s] INFO:colcon.colcon_core.shell:Creating environment descriptor '/home/marcob1129/Desktop/VSCode/RoboFlock/ros2_ws/install/roboflock_localization/share/roboflock_localization/hook/cmake_prefix_path.dsv'
[6.485s] INFO:colcon.colcon_core.shell:Creating environment hook '/home/marcob1129/Desktop/VSCode/RoboFlock/ros2_ws/install/roboflock_localization/share/roboflock_localization/hook/cmake_prefix_path.sh'
[6.486s] Level 1:colcon.colcon_core.environment:checking '/home/marcob1129/Desktop/VSCode/RoboFlock/ros2_ws/install/roboflock_localization/bin'
[6.487s] Level 1:colcon.colcon_core.environment:checking '/home/marcob1129/Desktop/VSCode/RoboFlock/ros2_ws/install/roboflock_localization/lib/pkgconfig/roboflock_localization.pc'
[6.487s] Level 1:colcon.colcon_core.environment:checking '/home/marcob1129/Desktop/VSCode/RoboFlock/ros2_ws/install/roboflock_localization/lib/python3.10/site-packages'
[6.487s] Level 1:colcon.colcon_core.environment:checking '/home/marcob1129/Desktop/VSCode/RoboFlock/ros2_ws/install/roboflock_localization/bin'
[6.488s] INFO:colcon.colcon_core.shell:Creating package script '/home/marcob1129/Desktop/VSCode/RoboFlock/ros2_ws/install/roboflock_localization/share/roboflock_localization/package.ps1'
[6.489s] INFO:colcon.colcon_core.shell:Creating package descriptor '/home/marcob1129/Desktop/VSCode/RoboFlock/ros2_ws/install/roboflock_localization/share/roboflock_localization/package.dsv'
[6.490s] INFO:colcon.colcon_core.shell:Creating package script '/home/marcob1129/Desktop/VSCode/RoboFlock/ros2_ws/install/roboflock_localization/share/roboflock_localization/package.sh'
[6.490s] INFO:colcon.colcon_core.shell:Creating package script '/home/marcob1129/Desktop/VSCode/RoboFlock/ros2_ws/install/roboflock_localization/share/roboflock_localization/package.bash'
[6.491s] INFO:colcon.colcon_core.shell:Creating package script '/home/marcob1129/Desktop/VSCode/RoboFlock/ros2_ws/install/roboflock_localization/share/roboflock_localization/package.zsh'
[6.492s] Level 1:colcon.colcon_core.environment:create_file_with_runtime_dependencies(/home/marcob1129/Desktop/VSCode/RoboFlock/ros2_ws/install/roboflock_localization/share/colcon-core/packages/roboflock_localization)
[6.513s] DEBUG:colcon.colcon_core.event_handler.log_command:Invoked command in '/home/marcob1129/Desktop/VSCode/RoboFlock/ros2_ws/build/mpu9250driver' returned '0': CMAKE_PREFIX_PATH=${CMAKE_PREFIX_PATH}:/opt/ros/humble /usr/bin/cmake /home/marcob1129/Desktop/VSCode/RoboFlock/ros2_ws/src/ros2_mpu9250_driver -DCMAKE_INSTALL_PREFIX=/home/marcob1129/Desktop/VSCode/RoboFlock/ros2_ws/install/mpu9250driver
[6.564s] DEBUG:colcon.colcon_core.event_handler.log_command:Invoking command in '/home/marcob1129/Desktop/VSCode/RoboFlock/ros2_ws/build/mpu9250driver': CMAKE_PREFIX_PATH=${CMAKE_PREFIX_PATH}:/opt/ros/humble /usr/bin/cmake --build /home/marcob1129/Desktop/VSCode/RoboFlock/ros2_ws/build/mpu9250driver -- -j4 -l4
[6.584s] DEBUG:colcon.colcon_core.event_handler.log_command:Invoked command in '/home/marcob1129/Desktop/VSCode/RoboFlock/ros2_ws/build/rplidar_ros' returned '0': CMAKE_PREFIX_PATH=${CMAKE_PREFIX_PATH}:/opt/ros/humble /usr/bin/cmake /home/marcob1129/Desktop/VSCode/RoboFlock/ros2_ws/src/rplidar_ros -DCMAKE_INSTALL_PREFIX=/home/marcob1129/Desktop/VSCode/RoboFlock/ros2_ws/install/rplidar_ros
[6.603s] DEBUG:colcon.colcon_core.event_handler.log_command:Invoking command in '/home/marcob1129/Desktop/VSCode/RoboFlock/ros2_ws/build/rplidar_ros': CMAKE_PREFIX_PATH=${CMAKE_PREFIX_PATH}:/opt/ros/humble /usr/bin/cmake --build /home/marcob1129/Desktop/VSCode/RoboFlock/ros2_ws/build/rplidar_ros -- -j4 -l4
[7.669s] DEBUG:colcon.colcon_core.event_handler.log_command:Invoked command in '/home/marcob1129/Desktop/VSCode/RoboFlock/ros2_ws/build/rf2o_laser_odometry' returned '0': CMAKE_PREFIX_PATH=${CMAKE_PREFIX_PATH}:/opt/ros/humble /usr/bin/cmake /home/marcob1129/Desktop/VSCode/RoboFlock/ros2_ws/src/rf2o_laser_odometry -DCMAKE_INSTALL_PREFIX=/home/marcob1129/Desktop/VSCode/RoboFlock/ros2_ws/install/rf2o_laser_odometry
[7.670s] DEBUG:colcon.colcon_core.event_handler.log_command:Invoking command in '/home/marcob1129/Desktop/VSCode/RoboFlock/ros2_ws/build/rf2o_laser_odometry': CMAKE_PREFIX_PATH=${CMAKE_PREFIX_PATH}:/opt/ros/humble /usr/bin/cmake --build /home/marcob1129/Desktop/VSCode/RoboFlock/ros2_ws/build/rf2o_laser_odometry -- -j4 -l4
[36.285s] DEBUG:colcon.colcon_core.event_handler.log_command:Invoked command in '/home/marcob1129/Desktop/VSCode/RoboFlock/ros2_ws/build/mpu9250driver' returned '0': CMAKE_PREFIX_PATH=${CMAKE_PREFIX_PATH}:/opt/ros/humble /usr/bin/cmake --build /home/marcob1129/Desktop/VSCode/RoboFlock/ros2_ws/build/mpu9250driver -- -j4 -l4
[36.285s] DEBUG:colcon.colcon_core.event_handler.log_command:Invoking command in '/home/marcob1129/Desktop/VSCode/RoboFlock/ros2_ws/build/mpu9250driver': CMAKE_PREFIX_PATH=${CMAKE_PREFIX_PATH}:/opt/ros/humble /usr/bin/cmake --install /home/marcob1129/Desktop/VSCode/RoboFlock/ros2_ws/build/mpu9250driver
[36.842s] Level 1:colcon.colcon_core.environment:create_environment_scripts_only(mpu9250driver)
[36.846s] Level 1:colcon.colcon_core.environment:checking '/home/marcob1129/Desktop/VSCode/RoboFlock/ros2_ws/install/mpu9250driver' for CMake module files
[36.848s] Level 1:colcon.colcon_core.environment:checking '/home/marcob1129/Desktop/VSCode/RoboFlock/ros2_ws/install/mpu9250driver' for CMake config files
[36.928s] Level 1:colcon.colcon_core.shell:create_environment_hook('mpu9250driver', 'cmake_prefix_path')
[36.928s] INFO:colcon.colcon_core.shell:Creating environment hook '/home/marcob1129/Desktop/VSCode/RoboFlock/ros2_ws/install/mpu9250driver/share/mpu9250driver/hook/cmake_prefix_path.ps1'
[36.929s] INFO:colcon.colcon_core.shell:Creating environment descriptor '/home/marcob1129/Desktop/VSCode/RoboFlock/ros2_ws/install/mpu9250driver/share/mpu9250driver/hook/cmake_prefix_path.dsv'
[36.930s] INFO:colcon.colcon_core.shell:Creating environment hook '/home/marcob1129/Desktop/VSCode/RoboFlock/ros2_ws/install/mpu9250driver/share/mpu9250driver/hook/cmake_prefix_path.sh'
[36.949s] Level 1:colcon.colcon_core.environment:checking '/home/marcob1129/Desktop/VSCode/RoboFlock/ros2_ws/install/mpu9250driver/lib'
[36.950s] Level 1:colcon.colcon_core.environment:checking '/home/marcob1129/Desktop/VSCode/RoboFlock/ros2_ws/install/mpu9250driver/bin'
[36.950s] Level 1:colcon.colcon_core.environment:checking '/home/marcob1129/Desktop/VSCode/RoboFlock/ros2_ws/install/mpu9250driver/lib/pkgconfig/mpu9250driver.pc'
[36.950s] Level 1:colcon.colcon_core.environment:checking '/home/marcob1129/Desktop/VSCode/RoboFlock/ros2_ws/install/mpu9250driver/lib/python3.10/site-packages'
[36.952s] Level 1:colcon.colcon_core.environment:checking '/home/marcob1129/Desktop/VSCode/RoboFlock/ros2_ws/install/mpu9250driver/bin'
[36.953s] INFO:colcon.colcon_core.shell:Creating package script '/home/marcob1129/Desktop/VSCode/RoboFlock/ros2_ws/install/mpu9250driver/share/mpu9250driver/package.ps1'
[36.955s] INFO:colcon.colcon_core.shell:Creating package descriptor '/home/marcob1129/Desktop/VSCode/RoboFlock/ros2_ws/install/mpu9250driver/share/mpu9250driver/package.dsv'
[36.965s] INFO:colcon.colcon_core.shell:Creating package script '/home/marcob1129/Desktop/VSCode/RoboFlock/ros2_ws/install/mpu9250driver/share/mpu9250driver/package.sh'
[36.969s] INFO:colcon.colcon_core.shell:Creating package script '/home/marcob1129/Desktop/VSCode/RoboFlock/ros2_ws/install/mpu9250driver/share/mpu9250driver/package.bash'
[36.986s] DEBUG:colcon.colcon_core.event_handler.log_command:Invoked command in '/home/marcob1129/Desktop/VSCode/RoboFlock/ros2_ws/build/mpu9250driver' returned '0': CMAKE_PREFIX_PATH=${CMAKE_PREFIX_PATH}:/opt/ros/humble /usr/bin/cmake --install /home/marcob1129/Desktop/VSCode/RoboFlock/ros2_ws/build/mpu9250driver
[36.993s] INFO:colcon.colcon_core.shell:Creating package script '/home/marcob1129/Desktop/VSCode/RoboFlock/ros2_ws/install/mpu9250driver/share/mpu9250driver/package.zsh'
[36.994s] Level 1:colcon.colcon_core.environment:create_file_with_runtime_dependencies(/home/marcob1129/Desktop/VSCode/RoboFlock/ros2_ws/install/mpu9250driver/share/colcon-core/packages/mpu9250driver)
[36.995s] Level 1:colcon.colcon_core.environment:create_environment_scripts_only(mpu9250driver)
[36.996s] Level 1:colcon.colcon_core.environment:checking '/home/marcob1129/Desktop/VSCode/RoboFlock/ros2_ws/install/mpu9250driver' for CMake module files
[36.997s] Level 1:colcon.colcon_core.environment:checking '/home/marcob1129/Desktop/VSCode/RoboFlock/ros2_ws/install/mpu9250driver' for CMake config files
[36.998s] Level 1:colcon.colcon_core.shell:create_environment_hook('mpu9250driver', 'cmake_prefix_path')
[36.998s] INFO:colcon.colcon_core.shell:Creating environment hook '/home/marcob1129/Desktop/VSCode/RoboFlock/ros2_ws/install/mpu9250driver/share/mpu9250driver/hook/cmake_prefix_path.ps1'
[36.999s] INFO:colcon.colcon_core.shell:Creating environment descriptor '/home/marcob1129/Desktop/VSCode/RoboFlock/ros2_ws/install/mpu9250driver/share/mpu9250driver/hook/cmake_prefix_path.dsv'
[37.001s] INFO:colcon.colcon_core.shell:Creating environment hook '/home/marcob1129/Desktop/VSCode/RoboFlock/ros2_ws/install/mpu9250driver/share/mpu9250driver/hook/cmake_prefix_path.sh'
[37.002s] Level 1:colcon.colcon_core.environment:checking '/home/marcob1129/Desktop/VSCode/RoboFlock/ros2_ws/install/mpu9250driver/lib'
[37.003s] Level 1:colcon.colcon_core.environment:checking '/home/marcob1129/Desktop/VSCode/RoboFlock/ros2_ws/install/mpu9250driver/bin'
[37.003s] Level 1:colcon.colcon_core.environment:checking '/home/marcob1129/Desktop/VSCode/RoboFlock/ros2_ws/install/mpu9250driver/lib/pkgconfig/mpu9250driver.pc'
[37.003s] Level 1:colcon.colcon_core.environment:checking '/home/marcob1129/Desktop/VSCode/RoboFlock/ros2_ws/install/mpu9250driver/lib/python3.10/site-packages'
[37.004s] Level 1:colcon.colcon_core.environment:checking '/home/marcob1129/Desktop/VSCode/RoboFlock/ros2_ws/install/mpu9250driver/bin'
[37.005s] INFO:colcon.colcon_core.shell:Creating package script '/home/marcob1129/Desktop/VSCode/RoboFlock/ros2_ws/install/mpu9250driver/share/mpu9250driver/package.ps1'
[37.006s] INFO:colcon.colcon_core.shell:Creating package descriptor '/home/marcob1129/Desktop/VSCode/RoboFlock/ros2_ws/install/mpu9250driver/share/mpu9250driver/package.dsv'
[37.009s] INFO:colcon.colcon_core.shell:Creating package script '/home/marcob1129/Desktop/VSCode/RoboFlock/ros2_ws/install/mpu9250driver/share/mpu9250driver/package.sh'
[37.010s] INFO:colcon.colcon_core.shell:Creating package script '/home/marcob1129/Desktop/VSCode/RoboFlock/ros2_ws/install/mpu9250driver/share/mpu9250driver/package.bash'
[37.012s] INFO:colcon.colcon_core.shell:Creating package script '/home/marcob1129/Desktop/VSCode/RoboFlock/ros2_ws/install/mpu9250driver/share/mpu9250driver/package.zsh'
[37.013s] Level 1:colcon.colcon_core.environment:create_file_with_runtime_dependencies(/home/marcob1129/Desktop/VSCode/RoboFlock/ros2_ws/install/mpu9250driver/share/colcon-core/packages/mpu9250driver)
[63.664s] DEBUG:colcon.colcon_core.event_handler.log_command:Invoked command in '/home/marcob1129/Desktop/VSCode/RoboFlock/ros2_ws/build/rplidar_ros' returned '0': CMAKE_PREFIX_PATH=${CMAKE_PREFIX_PATH}:/opt/ros/humble /usr/bin/cmake --build /home/marcob1129/Desktop/VSCode/RoboFlock/ros2_ws/build/rplidar_ros -- -j4 -l4
[63.672s] DEBUG:colcon.colcon_core.event_handler.log_command:Invoking command in '/home/marcob1129/Desktop/VSCode/RoboFlock/ros2_ws/build/rplidar_ros': CMAKE_PREFIX_PATH=${CMAKE_PREFIX_PATH}:/opt/ros/humble /usr/bin/cmake --install /home/marcob1129/Desktop/VSCode/RoboFlock/ros2_ws/build/rplidar_ros
[63.852s] Level 1:colcon.colcon_core.environment:create_environment_scripts_only(rplidar_ros)
[63.852s] Level 1:colcon.colcon_core.environment:checking '/home/marcob1129/Desktop/VSCode/RoboFlock/ros2_ws/install/rplidar_ros' for CMake module files
[63.854s] DEBUG:colcon.colcon_core.event_handler.log_command:Invoked command in '/home/marcob1129/Desktop/VSCode/RoboFlock/ros2_ws/build/rplidar_ros' returned '0': CMAKE_PREFIX_PATH=${CMAKE_PREFIX_PATH}:/opt/ros/humble /usr/bin/cmake --install /home/marcob1129/Desktop/VSCode/RoboFlock/ros2_ws/build/rplidar_ros
[63.855s] Level 1:colcon.colcon_core.environment:checking '/home/marcob1129/Desktop/VSCode/RoboFlock/ros2_ws/install/rplidar_ros' for CMake config files
[63.856s] Level 1:colcon.colcon_core.shell:create_environment_hook('rplidar_ros', 'cmake_prefix_path')
[63.856s] INFO:colcon.colcon_core.shell:Creating environment hook '/home/marcob1129/Desktop/VSCode/RoboFlock/ros2_ws/install/rplidar_ros/share/rplidar_ros/hook/cmake_prefix_path.ps1'
[63.857s] INFO:colcon.colcon_core.shell:Creating environment descriptor '/home/marcob1129/Desktop/VSCode/RoboFlock/ros2_ws/install/rplidar_ros/share/rplidar_ros/hook/cmake_prefix_path.dsv'
[63.858s] INFO:colcon.colcon_core.shell:Creating environment hook '/home/marcob1129/Desktop/VSCode/RoboFlock/ros2_ws/install/rplidar_ros/share/rplidar_ros/hook/cmake_prefix_path.sh'
[63.859s] Level 1:colcon.colcon_core.environment:checking '/home/marcob1129/Desktop/VSCode/RoboFlock/ros2_ws/install/rplidar_ros/lib'
[63.859s] Level 1:colcon.colcon_core.environment:checking '/home/marcob1129/Desktop/VSCode/RoboFlock/ros2_ws/install/rplidar_ros/bin'
[63.860s] Level 1:colcon.colcon_core.environment:checking '/home/marcob1129/Desktop/VSCode/RoboFlock/ros2_ws/install/rplidar_ros/lib/pkgconfig/rplidar_ros.pc'
[63.861s] Level 1:colcon.colcon_core.environment:checking '/home/marcob1129/Desktop/VSCode/RoboFlock/ros2_ws/install/rplidar_ros/lib/python3.10/site-packages'
[63.861s] Level 1:colcon.colcon_core.environment:checking '/home/marcob1129/Desktop/VSCode/RoboFlock/ros2_ws/install/rplidar_ros/bin'
[63.862s] INFO:colcon.colcon_core.shell:Creating package script '/home/marcob1129/Desktop/VSCode/RoboFlock/ros2_ws/install/rplidar_ros/share/rplidar_ros/package.ps1'
[63.863s] INFO:colcon.colcon_core.shell:Creating package descriptor '/home/marcob1129/Desktop/VSCode/RoboFlock/ros2_ws/install/rplidar_ros/share/rplidar_ros/package.dsv'
[63.864s] INFO:colcon.colcon_core.shell:Creating package script '/home/marcob1129/Desktop/VSCode/RoboFlock/ros2_ws/install/rplidar_ros/share/rplidar_ros/package.sh'
[63.871s] INFO:colcon.colcon_core.shell:Creating package script '/home/marcob1129/Desktop/VSCode/RoboFlock/ros2_ws/install/rplidar_ros/share/rplidar_ros/package.bash'
[63.872s] INFO:colcon.colcon_core.shell:Creating package script '/home/marcob1129/Desktop/VSCode/RoboFlock/ros2_ws/install/rplidar_ros/share/rplidar_ros/package.zsh'
[63.877s] Level 1:colcon.colcon_core.environment:create_file_with_runtime_dependencies(/home/marcob1129/Desktop/VSCode/RoboFlock/ros2_ws/install/rplidar_ros/share/colcon-core/packages/rplidar_ros)
[63.879s] Level 1:colcon.colcon_core.environment:create_environment_scripts_only(rplidar_ros)
[63.879s] Level 1:colcon.colcon_core.environment:checking '/home/marcob1129/Desktop/VSCode/RoboFlock/ros2_ws/install/rplidar_ros' for CMake module files
[63.880s] Level 1:colcon.colcon_core.environment:checking '/home/marcob1129/Desktop/VSCode/RoboFlock/ros2_ws/install/rplidar_ros' for CMake config files
[63.881s] Level 1:colcon.colcon_core.shell:create_environment_hook('rplidar_ros', 'cmake_prefix_path')
[63.881s] INFO:colcon.colcon_core.shell:Creating environment hook '/home/marcob1129/Desktop/VSCode/RoboFlock/ros2_ws/install/rplidar_ros/share/rplidar_ros/hook/cmake_prefix_path.ps1'
[63.883s] INFO:colcon.colcon_core.shell:Creating environment descriptor '/home/marcob1129/Desktop/VSCode/RoboFlock/ros2_ws/install/rplidar_ros/share/rplidar_ros/hook/cmake_prefix_path.dsv'
[63.884s] INFO:colcon.colcon_core.shell:Creating environment hook '/home/marcob1129/Desktop/VSCode/RoboFlock/ros2_ws/install/rplidar_ros/share/rplidar_ros/hook/cmake_prefix_path.sh'
[63.887s] Level 1:colcon.colcon_core.environment:checking '/home/marcob1129/Desktop/VSCode/RoboFlock/ros2_ws/install/rplidar_ros/lib'
[63.888s] Level 1:colcon.colcon_core.environment:checking '/home/marcob1129/Desktop/VSCode/RoboFlock/ros2_ws/install/rplidar_ros/bin'
[63.888s] Level 1:colcon.colcon_core.environment:checking '/home/marcob1129/Desktop/VSCode/RoboFlock/ros2_ws/install/rplidar_ros/lib/pkgconfig/rplidar_ros.pc'
[63.889s] Level 1:colcon.colcon_core.environment:checking '/home/marcob1129/Desktop/VSCode/RoboFlock/ros2_ws/install/rplidar_ros/lib/python3.10/site-packages'
[63.890s] Level 1:colcon.colcon_core.environment:checking '/home/marcob1129/Desktop/VSCode/RoboFlock/ros2_ws/install/rplidar_ros/bin'
[63.890s] INFO:colcon.colcon_core.shell:Creating package script '/home/marcob1129/Desktop/VSCode/RoboFlock/ros2_ws/install/rplidar_ros/share/rplidar_ros/package.ps1'
[63.892s] INFO:colcon.colcon_core.shell:Creating package descriptor '/home/marcob1129/Desktop/VSCode/RoboFlock/ros2_ws/install/rplidar_ros/share/rplidar_ros/package.dsv'
[63.894s] INFO:colcon.colcon_core.shell:Creating package script '/home/marcob1129/Desktop/VSCode/RoboFlock/ros2_ws/install/rplidar_ros/share/rplidar_ros/package.sh'
[63.896s] INFO:colcon.colcon_core.shell:Creating package script '/home/marcob1129/Desktop/VSCode/RoboFlock/ros2_ws/install/rplidar_ros/share/rplidar_ros/package.bash'
[63.898s] INFO:colcon.colcon_core.shell:Creating package script '/home/marcob1129/Desktop/VSCode/RoboFlock/ros2_ws/install/rplidar_ros/share/rplidar_ros/package.zsh'
[63.900s] Level 1:colcon.colcon_core.environment:create_file_with_runtime_dependencies(/home/marcob1129/Desktop/VSCode/RoboFlock/ros2_ws/install/rplidar_ros/share/colcon-core/packages/rplidar_ros)
[79.661s] DEBUG:colcon.colcon_core.event_handler.log_command:Invoked command in '/home/marcob1129/Desktop/VSCode/RoboFlock/ros2_ws/build/rf2o_laser_odometry' returned '0': CMAKE_PREFIX_PATH=${CMAKE_PREFIX_PATH}:/opt/ros/humble /usr/bin/cmake --build /home/marcob1129/Desktop/VSCode/RoboFlock/ros2_ws/build/rf2o_laser_odometry -- -j4 -l4
[79.662s] DEBUG:colcon.colcon_core.event_handler.log_command:Invoking command in '/home/marcob1129/Desktop/VSCode/RoboFlock/ros2_ws/build/rf2o_laser_odometry': CMAKE_PREFIX_PATH=${CMAKE_PREFIX_PATH}:/opt/ros/humble /usr/bin/cmake --install /home/marcob1129/Desktop/VSCode/RoboFlock/ros2_ws/build/rf2o_laser_odometry
[79.721s] Level 1:colcon.colcon_core.environment:create_environment_scripts_only(rf2o_laser_odometry)
[79.722s] Level 1:colcon.colcon_core.environment:checking '/home/marcob1129/Desktop/VSCode/RoboFlock/ros2_ws/install/rf2o_laser_odometry' for CMake module files
[79.723s] DEBUG:colcon.colcon_core.event_handler.log_command:Invoked command in '/home/marcob1129/Desktop/VSCode/RoboFlock/ros2_ws/build/rf2o_laser_odometry' returned '0': CMAKE_PREFIX_PATH=${CMAKE_PREFIX_PATH}:/opt/ros/humble /usr/bin/cmake --install /home/marcob1129/Desktop/VSCode/RoboFlock/ros2_ws/build/rf2o_laser_odometry
[79.723s] Level 1:colcon.colcon_core.environment:checking '/home/marcob1129/Desktop/VSCode/RoboFlock/ros2_ws/install/rf2o_laser_odometry' for CMake config files
[79.724s] Level 1:colcon.colcon_core.shell:create_environment_hook('rf2o_laser_odometry', 'cmake_prefix_path')
[79.724s] INFO:colcon.colcon_core.shell:Creating environment hook '/home/marcob1129/Desktop/VSCode/RoboFlock/ros2_ws/install/rf2o_laser_odometry/share/rf2o_laser_odometry/hook/cmake_prefix_path.ps1'
[79.725s] INFO:colcon.colcon_core.shell:Creating environment descriptor '/home/marcob1129/Desktop/VSCode/RoboFlock/ros2_ws/install/rf2o_laser_odometry/share/rf2o_laser_odometry/hook/cmake_prefix_path.dsv'
[79.725s] INFO:colcon.colcon_core.shell:Creating environment hook '/home/marcob1129/Desktop/VSCode/RoboFlock/ros2_ws/install/rf2o_laser_odometry/share/rf2o_laser_odometry/hook/cmake_prefix_path.sh'
[79.726s] Level 1:colcon.colcon_core.environment:checking '/home/marcob1129/Desktop/VSCode/RoboFlock/ros2_ws/install/rf2o_laser_odometry/lib'
[79.726s] Level 1:colcon.colcon_core.environment:checking '/home/marcob1129/Desktop/VSCode/RoboFlock/ros2_ws/install/rf2o_laser_odometry/bin'
[79.726s] Level 1:colcon.colcon_core.environment:checking '/home/marcob1129/Desktop/VSCode/RoboFlock/ros2_ws/install/rf2o_laser_odometry/lib/pkgconfig/rf2o_laser_odometry.pc'
[79.727s] Level 1:colcon.colcon_core.environment:checking '/home/marcob1129/Desktop/VSCode/RoboFlock/ros2_ws/install/rf2o_laser_odometry/lib/python3.10/site-packages'
[79.728s] Level 1:colcon.colcon_core.environment:checking '/home/marcob1129/Desktop/VSCode/RoboFlock/ros2_ws/install/rf2o_laser_odometry/bin'
[79.728s] INFO:colcon.colcon_core.shell:Creating package script '/home/marcob1129/Desktop/VSCode/RoboFlock/ros2_ws/install/rf2o_laser_odometry/share/rf2o_laser_odometry/package.ps1'
[79.729s] INFO:colcon.colcon_core.shell:Creating package descriptor '/home/marcob1129/Desktop/VSCode/RoboFlock/ros2_ws/install/rf2o_laser_odometry/share/rf2o_laser_odometry/package.dsv'
[79.730s] INFO:colcon.colcon_core.shell:Creating package script '/home/marcob1129/Desktop/VSCode/RoboFlock/ros2_ws/install/rf2o_laser_odometry/share/rf2o_laser_odometry/package.sh'
[79.733s] INFO:colcon.colcon_core.shell:Creating package script '/home/marcob1129/Desktop/VSCode/RoboFlock/ros2_ws/install/rf2o_laser_odometry/share/rf2o_laser_odometry/package.bash'
[79.734s] INFO:colcon.colcon_core.shell:Creating package script '/home/marcob1129/Desktop/VSCode/RoboFlock/ros2_ws/install/rf2o_laser_odometry/share/rf2o_laser_odometry/package.zsh'
[79.735s] Level 1:colcon.colcon_core.environment:create_file_with_runtime_dependencies(/home/marcob1129/Desktop/VSCode/RoboFlock/ros2_ws/install/rf2o_laser_odometry/share/colcon-core/packages/rf2o_laser_odometry)
[79.736s] Level 1:colcon.colcon_core.environment:create_environment_scripts_only(rf2o_laser_odometry)
[79.736s] Level 1:colcon.colcon_core.environment:checking '/home/marcob1129/Desktop/VSCode/RoboFlock/ros2_ws/install/rf2o_laser_odometry' for CMake module files
[79.737s] Level 1:colcon.colcon_core.environment:checking '/home/marcob1129/Desktop/VSCode/RoboFlock/ros2_ws/install/rf2o_laser_odometry' for CMake config files
[79.738s] Level 1:colcon.colcon_core.shell:create_environment_hook('rf2o_laser_odometry', 'cmake_prefix_path')
[79.740s] INFO:colcon.colcon_core.shell:Creating environment hook '/home/marcob1129/Desktop/VSCode/RoboFlock/ros2_ws/install/rf2o_laser_odometry/share/rf2o_laser_odometry/hook/cmake_prefix_path.ps1'
[79.743s] INFO:colcon.colcon_core.shell:Creating environment descriptor '/home/marcob1129/Desktop/VSCode/RoboFlock/ros2_ws/install/rf2o_laser_odometry/share/rf2o_laser_odometry/hook/cmake_prefix_path.dsv'
[79.745s] INFO:colcon.colcon_core.shell:Creating environment hook '/home/marcob1129/Desktop/VSCode/RoboFlock/ros2_ws/install/rf2o_laser_odometry/share/rf2o_laser_odometry/hook/cmake_prefix_path.sh'
[79.748s] Level 1:colcon.colcon_core.environment:checking '/home/marcob1129/Desktop/VSCode/RoboFlock/ros2_ws/install/rf2o_laser_odometry/lib'
[79.749s] Level 1:colcon.colcon_core.environment:checking '/home/marcob1129/Desktop/VSCode/RoboFlock/ros2_ws/install/rf2o_laser_odometry/bin'
[79.750s] Level 1:colcon.colcon_core.environment:checking '/home/marcob1129/Desktop/VSCode/RoboFlock/ros2_ws/install/rf2o_laser_odometry/lib/pkgconfig/rf2o_laser_odometry.pc'
[79.751s] Level 1:colcon.colcon_core.environment:checking '/home/marcob1129/Desktop/VSCode/RoboFlock/ros2_ws/install/rf2o_laser_odometry/lib/python3.10/site-packages'
[79.754s] Level 1:colcon.colcon_core.environment:checking '/home/marcob1129/Desktop/VSCode/RoboFlock/ros2_ws/install/rf2o_laser_odometry/bin'
[79.756s] INFO:colcon.colcon_core.shell:Creating package script '/home/marcob1129/Desktop/VSCode/RoboFlock/ros2_ws/install/rf2o_laser_odometry/share/rf2o_laser_odometry/package.ps1'
[79.759s] INFO:colcon.colcon_core.shell:Creating package descriptor '/home/marcob1129/Desktop/VSCode/RoboFlock/ros2_ws/install/rf2o_laser_odometry/share/rf2o_laser_odometry/package.dsv'
[79.762s] INFO:colcon.colcon_core.shell:Creating package script '/home/marcob1129/Desktop/VSCode/RoboFlock/ros2_ws/install/rf2o_laser_odometry/share/rf2o_laser_odometry/package.sh'
[79.763s] INFO:colcon.colcon_core.shell:Creating package script '/home/marcob1129/Desktop/VSCode/RoboFlock/ros2_ws/install/rf2o_laser_odometry/share/rf2o_laser_odometry/package.bash'
[79.766s] INFO:colcon.colcon_core.shell:Creating package script '/home/marcob1129/Desktop/VSCode/RoboFlock/ros2_ws/install/rf2o_laser_odometry/share/rf2o_laser_odometry/package.zsh'
[79.800s] Level 1:colcon.colcon_core.environment:create_file_with_runtime_dependencies(/home/marcob1129/Desktop/VSCode/RoboFlock/ros2_ws/install/rf2o_laser_odometry/share/colcon-core/packages/rf2o_laser_odometry)
[79.803s] DEBUG:colcon.colcon_parallel_executor.executor.parallel:closing loop
[79.803s] DEBUG:colcon.colcon_parallel_executor.executor.parallel:loop closed
[79.804s] DEBUG:colcon.colcon_parallel_executor.executor.parallel:run_until_complete finished with '0'
[79.804s] DEBUG:colcon.colcon_core.event_reactor:joining thread
[79.882s] INFO:colcon.colcon_core.plugin_system:Skipping extension 'colcon_notification.desktop_notification.terminal_notifier': Not used on non-Darwin systems
[79.883s] INFO:colcon.colcon_core.plugin_system:Skipping extension 'colcon_notification.desktop_notification.win32': Not used on non-Windows systems
[79.883s] INFO:colcon.colcon_notification.desktop_notification:Sending desktop notification using 'notify2'
[79.964s] DEBUG:colcon.colcon_core.event_reactor:joined thread
[79.964s] INFO:colcon.colcon_core.shell:Creating prefix script '/home/marcob1129/Desktop/VSCode/RoboFlock/ros2_ws/install/local_setup.ps1'
[79.968s] INFO:colcon.colcon_core.shell:Creating prefix util module '/home/marcob1129/Desktop/VSCode/RoboFlock/ros2_ws/install/_local_setup_util_ps1.py'
[79.978s] INFO:colcon.colcon_core.shell:Creating prefix chain script '/home/marcob1129/Desktop/VSCode/RoboFlock/ros2_ws/install/setup.ps1'
[79.980s] INFO:colcon.colcon_core.shell:Creating prefix script '/home/marcob1129/Desktop/VSCode/RoboFlock/ros2_ws/install/local_setup.sh'
[79.981s] INFO:colcon.colcon_core.shell:Creating prefix util module '/home/marcob1129/Desktop/VSCode/RoboFlock/ros2_ws/install/_local_setup_util_sh.py'
[79.983s] INFO:colcon.colcon_core.shell:Creating prefix chain script '/home/marcob1129/Desktop/VSCode/RoboFlock/ros2_ws/install/setup.sh'
[79.985s] INFO:colcon.colcon_core.shell:Creating prefix script '/home/marcob1129/Desktop/VSCode/RoboFlock/ros2_ws/install/local_setup.bash'
[79.985s] INFO:colcon.colcon_core.shell:Creating prefix chain script '/home/marcob1129/Desktop/VSCode/RoboFlock/ros2_ws/install/setup.bash'
[79.987s] INFO:colcon.colcon_core.shell:Creating prefix script '/home/marcob1129/Desktop/VSCode/RoboFlock/ros2_ws/install/local_setup.zsh'
[79.987s] INFO:colcon.colcon_core.shell:Creating prefix chain script '/home/marcob1129/Desktop/VSCode/RoboFlock/ros2_ws/install/setup.zsh'
