[0.148s] DEBUG:colcon:Command line arguments: ['/usr/bin/colcon', 'build']
[0.149s] DEBUG:colcon:Parsed command line arguments: Namespace(log_base=None, log_level=None, verb_name='build', build_base='build', install_base='install', merge_install=False, symlink_install=False, test_result_base=None, continue_on_error=False, executor='parallel', parallel_workers=4, event_handlers=None, ignore_user_meta=False, metas=['./colcon.meta'], base_paths=['.'], packages_ignore=None, packages_ignore_regex=None, paths=None, packages_up_to=None, packages_up_to_regex=None, packages_above=None, packages_above_and_dependencies=None, packages_above_depth=None, packages_select_by_dep=None, packages_skip_by_dep=None, packages_skip_up_to=None, packages_select_build_failed=False, packages_skip_build_finished=False, packages_select_test_failures=False, packages_skip_test_passed=False, packages_select=None, packages_skip=None, packages_select_regex=None, packages_skip_regex=None, packages_start=None, packages_end=None, allow_overriding=[], cmake_args=None, cmake_target=None, cmake_target_skip_unavailable=False, cmake_clean_cache=False, cmake_clean_first=False, cmake_force_configure=False, ament_cmake_args=None, catkin_cmake_args=None, catkin_skip_building_tests=False, mixin_files=None, mixin=None, verb_parser=<colcon_mixin.mixin.mixin_argument.MixinArgumentDecorator object at 0x769e5d43e530>, verb_extension=<colcon_core.verb.build.BuildVerb object at 0x769e5d43e050>, main=<bound method BuildVerb.main of <colcon_core.verb.build.BuildVerb object at 0x769e5d43e050>>, mixin_verb=('build',))
[0.342s] Level 1:colcon.colcon_core.package_discovery:discover_packages(colcon_meta) check parameters
[0.342s] Level 1:colcon.colcon_core.package_discovery:discover_packages(recursive) check parameters
[0.342s] Level 1:colcon.colcon_core.package_discovery:discover_packages(ignore) check parameters
[0.342s] Level 1:colcon.colcon_core.package_discovery:discover_packages(path) check parameters
[0.342s] Level 1:colcon.colcon_core.package_discovery:discover_packages(colcon_meta) discover
[0.342s] Level 1:colcon.colcon_core.package_discovery:discover_packages(recursive) discover
[0.343s] INFO:colcon.colcon_core.package_discovery:Crawling recursively for packages in '/home/marcob1129/Desktop/VSCode/RoboFlock/ros2_ws'
[0.343s] Level 1:colcon.colcon_core.package_identification:_identify(.) by extensions ['ignore', 'ignore_ament_install']
[0.343s] Level 1:colcon.colcon_core.package_identification:_identify(.) by extension 'ignore'
[0.343s] Level 1:colcon.colcon_core.package_identification:_identify(.) by extension 'ignore_ament_install'
[0.343s] Level 1:colcon.colcon_core.package_identification:_identify(.) by extensions ['colcon_pkg']
[0.343s] Level 1:colcon.colcon_core.package_identification:_identify(.) by extension 'colcon_pkg'
[0.343s] Level 1:colcon.colcon_core.package_identification:_identify(.) by extensions ['colcon_meta']
[0.343s] Level 1:colcon.colcon_core.package_identification:_identify(.) by extension 'colcon_meta'
[0.343s] Level 1:colcon.colcon_core.package_identification:_identify(.) by extensions ['ros']
[0.343s] Level 1:colcon.colcon_core.package_identification:_identify(.) by extension 'ros'
[0.358s] Level 1:colcon.colcon_core.package_identification:_identify(.) by extensions ['cmake', 'python']
[0.359s] Level 1:colcon.colcon_core.package_identification:_identify(.) by extension 'cmake'
[0.359s] Level 1:colcon.colcon_core.package_identification:_identify(.) by extension 'python'
[0.359s] Level 1:colcon.colcon_core.package_identification:_identify(.) by extensions ['python_setup_py']
[0.359s] Level 1:colcon.colcon_core.package_identification:_identify(.) by extension 'python_setup_py'
[0.359s] Level 1:colcon.colcon_core.package_identification:_identify(build) by extensions ['ignore', 'ignore_ament_install']
[0.359s] Level 1:colcon.colcon_core.package_identification:_identify(build) by extension 'ignore'
[0.359s] Level 1:colcon.colcon_core.package_identification:_identify(build) ignored
[0.359s] Level 1:colcon.colcon_core.package_identification:_identify(install) by extensions ['ignore', 'ignore_ament_install']
[0.360s] Level 1:colcon.colcon_core.package_identification:_identify(install) by extension 'ignore'
[0.360s] Level 1:colcon.colcon_core.package_identification:_identify(install) ignored
[0.360s] Level 1:colcon.colcon_core.package_identification:_identify(log) by extensions ['ignore', 'ignore_ament_install']
[0.360s] Level 1:colcon.colcon_core.package_identification:_identify(log) by extension 'ignore'
[0.360s] Level 1:colcon.colcon_core.package_identification:_identify(log) ignored
[0.360s] Level 1:colcon.colcon_core.package_identification:_identify(src) by extensions ['ignore', 'ignore_ament_install']
[0.360s] Level 1:colcon.colcon_core.package_identification:_identify(src) by extension 'ignore'
[0.360s] Level 1:colcon.colcon_core.package_identification:_identify(src) by extension 'ignore_ament_install'
[0.360s] Level 1:colcon.colcon_core.package_identification:_identify(src) by extensions ['colcon_pkg']
[0.360s] Level 1:colcon.colcon_core.package_identification:_identify(src) by extension 'colcon_pkg'
[0.361s] Level 1:colcon.colcon_core.package_identification:_identify(src) by extensions ['colcon_meta']
[0.361s] Level 1:colcon.colcon_core.package_identification:_identify(src) by extension 'colcon_meta'
[0.361s] Level 1:colcon.colcon_core.package_identification:_identify(src) by extensions ['ros']
[0.361s] Level 1:colcon.colcon_core.package_identification:_identify(src) by extension 'ros'
[0.361s] Level 1:colcon.colcon_core.package_identification:_identify(src) by extensions ['cmake', 'python']
[0.361s] Level 1:colcon.colcon_core.package_identification:_identify(src) by extension 'cmake'
[0.361s] Level 1:colcon.colcon_core.package_identification:_identify(src) by extension 'python'
[0.361s] Level 1:colcon.colcon_core.package_identification:_identify(src) by extensions ['python_setup_py']
[0.361s] Level 1:colcon.colcon_core.package_identification:_identify(src) by extension 'python_setup_py'
[0.361s] Level 1:colcon.colcon_core.package_identification:_identify(src/rf2o_laser_odometry) by extensions ['ignore', 'ignore_ament_install']
[0.362s] Level 1:colcon.colcon_core.package_identification:_identify(src/rf2o_laser_odometry) by extension 'ignore'
[0.362s] Level 1:colcon.colcon_core.package_identification:_identify(src/rf2o_laser_odometry) by extension 'ignore_ament_install'
[0.362s] Level 1:colcon.colcon_core.package_identification:_identify(src/rf2o_laser_odometry) by extensions ['colcon_pkg']
[0.362s] Level 1:colcon.colcon_core.package_identification:_identify(src/rf2o_laser_odometry) by extension 'colcon_pkg'
[0.362s] Level 1:colcon.colcon_core.package_identification:_identify(src/rf2o_laser_odometry) by extensions ['colcon_meta']
[0.362s] Level 1:colcon.colcon_core.package_identification:_identify(src/rf2o_laser_odometry) by extension 'colcon_meta'
[0.362s] Level 1:colcon.colcon_core.package_identification:_identify(src/rf2o_laser_odometry) by extensions ['ros']
[0.362s] Level 1:colcon.colcon_core.package_identification:_identify(src/rf2o_laser_odometry) by extension 'ros'
[0.365s] DEBUG:colcon.colcon_core.package_identification:Package 'src/rf2o_laser_odometry' with type 'ros.ament_cmake' and name 'rf2o_laser_odometry'
[0.366s] Level 1:colcon.colcon_core.package_identification:_identify(src/roboflock_localization) by extensions ['ignore', 'ignore_ament_install']
[0.367s] Level 1:colcon.colcon_core.package_identification:_identify(src/roboflock_localization) by extension 'ignore'
[0.367s] Level 1:colcon.colcon_core.package_identification:_identify(src/roboflock_localization) by extension 'ignore_ament_install'
[0.367s] Level 1:colcon.colcon_core.package_identification:_identify(src/roboflock_localization) by extensions ['colcon_pkg']
[0.367s] Level 1:colcon.colcon_core.package_identification:_identify(src/roboflock_localization) by extension 'colcon_pkg'
[0.367s] Level 1:colcon.colcon_core.package_identification:_identify(src/roboflock_localization) by extensions ['colcon_meta']
[0.367s] Level 1:colcon.colcon_core.package_identification:_identify(src/roboflock_localization) by extension 'colcon_meta'
[0.367s] Level 1:colcon.colcon_core.package_identification:_identify(src/roboflock_localization) by extensions ['ros']
[0.367s] Level 1:colcon.colcon_core.package_identification:_identify(src/roboflock_localization) by extension 'ros'
[0.368s] DEBUG:colcon.colcon_core.package_identification:Package 'src/roboflock_localization' with type 'ros.ament_cmake' and name 'roboflock_localization'
[0.368s] Level 1:colcon.colcon_core.package_identification:_identify(src/ros2_mpu9250_driver) by extensions ['ignore', 'ignore_ament_install']
[0.369s] Level 1:colcon.colcon_core.package_identification:_identify(src/ros2_mpu9250_driver) by extension 'ignore'
[0.369s] Level 1:colcon.colcon_core.package_identification:_identify(src/ros2_mpu9250_driver) by extension 'ignore_ament_install'
[0.369s] Level 1:colcon.colcon_core.package_identification:_identify(src/ros2_mpu9250_driver) by extensions ['colcon_pkg']
[0.369s] Level 1:colcon.colcon_core.package_identification:_identify(src/ros2_mpu9250_driver) by extension 'colcon_pkg'
[0.369s] Level 1:colcon.colcon_core.package_identification:_identify(src/ros2_mpu9250_driver) by extensions ['colcon_meta']
[0.369s] Level 1:colcon.colcon_core.package_identification:_identify(src/ros2_mpu9250_driver) by extension 'colcon_meta'
[0.369s] Level 1:colcon.colcon_core.package_identification:_identify(src/ros2_mpu9250_driver) by extensions ['ros']
[0.369s] Level 1:colcon.colcon_core.package_identification:_identify(src/ros2_mpu9250_driver) by extension 'ros'
[0.370s] DEBUG:colcon.colcon_core.package_identification:Package 'src/ros2_mpu9250_driver' with type 'ros.ament_cmake' and name 'mpu9250driver'
[0.370s] Level 1:colcon.colcon_core.package_identification:_identify(src/rplidar_ros) by extensions ['ignore', 'ignore_ament_install']
[0.371s] Level 1:colcon.colcon_core.package_identification:_identify(src/rplidar_ros) by extension 'ignore'
[0.371s] Level 1:colcon.colcon_core.package_identification:_identify(src/rplidar_ros) by extension 'ignore_ament_install'
[0.371s] Level 1:colcon.colcon_core.package_identification:_identify(src/rplidar_ros) by extensions ['colcon_pkg']
[0.371s] Level 1:colcon.colcon_core.package_identification:_identify(src/rplidar_ros) by extension 'colcon_pkg'
[0.371s] Level 1:colcon.colcon_core.package_identification:_identify(src/rplidar_ros) by extensions ['colcon_meta']
[0.371s] Level 1:colcon.colcon_core.package_identification:_identify(src/rplidar_ros) by extension 'colcon_meta'
[0.371s] Level 1:colcon.colcon_core.package_identification:_identify(src/rplidar_ros) by extensions ['ros']
[0.371s] Level 1:colcon.colcon_core.package_identification:_identify(src/rplidar_ros) by extension 'ros'
[0.372s] DEBUG:colcon.colcon_core.package_identification:Package 'src/rplidar_ros' with type 'ros.ament_cmake' and name 'rplidar_ros'
[0.372s] Level 1:colcon.colcon_core.package_discovery:discover_packages(recursive) using defaults
[0.373s] Level 1:colcon.colcon_core.package_discovery:discover_packages(ignore) discover
[0.373s] Level 1:colcon.colcon_core.package_discovery:discover_packages(ignore) using defaults
[0.373s] Level 1:colcon.colcon_core.package_discovery:discover_packages(path) discover
[0.373s] Level 1:colcon.colcon_core.package_discovery:discover_packages(path) using defaults
[0.426s] Level 1:colcon.colcon_core.package_discovery:discover_packages(prefix_path) check parameters
[0.426s] Level 1:colcon.colcon_core.package_discovery:discover_packages(prefix_path) discover
[0.428s] WARNING:colcon.colcon_ros.prefix_path.ament:The path '/home/marcob1129/Desktop/VSCode/cse453/cse453_test/ros2_ws/install/gps_processor' in the environment variable AMENT_PREFIX_PATH doesn't exist
[0.429s] WARNING:colcon.colcon_ros.prefix_path.catkin:The path '/home/marcob1129/Desktop/VSCode/cse453/cse453_test/ros2_ws/install/gps_processor' in the environment variable CMAKE_PREFIX_PATH doesn't exist
[0.430s] DEBUG:colcon.colcon_installed_package_information.package_discovery:Found 4 installed packages in /home/marcob1129/Desktop/VSCode/RoboFlock/ros2_ws/install
[0.431s] DEBUG:colcon.colcon_installed_package_information.package_discovery:Found 1 installed packages in /home/marcob1129/Desktop/VSCode/cse453/cse453_test/ros2_ws/install
[0.433s] DEBUG:colcon.colcon_installed_package_information.package_discovery:Found 279 installed packages in /opt/ros/humble
[0.435s] Level 1:colcon.colcon_core.package_discovery:discover_packages(prefix_path) using defaults
[0.500s] Level 5:colcon.colcon_core.verb:set package 'mpu9250driver' build argument 'cmake_args' from command line to 'None'
[0.500s] Level 5:colcon.colcon_core.verb:set package 'mpu9250driver' build argument 'cmake_target' from command line to 'None'
[0.500s] Level 5:colcon.colcon_core.verb:set package 'mpu9250driver' build argument 'cmake_target_skip_unavailable' from command line to 'False'
[0.500s] Level 5:colcon.colcon_core.verb:set package 'mpu9250driver' build argument 'cmake_clean_cache' from command line to 'False'
[0.500s] Level 5:colcon.colcon_core.verb:set package 'mpu9250driver' build argument 'cmake_clean_first' from command line to 'False'
[0.500s] Level 5:colcon.colcon_core.verb:set package 'mpu9250driver' build argument 'cmake_force_configure' from command line to 'False'
[0.501s] Level 5:colcon.colcon_core.verb:set package 'mpu9250driver' build argument 'ament_cmake_args' from command line to 'None'
[0.501s] Level 5:colcon.colcon_core.verb:set package 'mpu9250driver' build argument 'catkin_cmake_args' from command line to 'None'
[0.501s] Level 5:colcon.colcon_core.verb:set package 'mpu9250driver' build argument 'catkin_skip_building_tests' from command line to 'False'
[0.501s] DEBUG:colcon.colcon_core.verb:Building package 'mpu9250driver' with the following arguments: {'ament_cmake_args': None, 'build_base': '/home/marcob1129/Desktop/VSCode/RoboFlock/ros2_ws/build/mpu9250driver', 'catkin_cmake_args': None, 'catkin_skip_building_tests': False, 'cmake_args': None, 'cmake_clean_cache': False, 'cmake_clean_first': False, 'cmake_force_configure': False, 'cmake_target': None, 'cmake_target_skip_unavailable': False, 'install_base': '/home/marcob1129/Desktop/VSCode/RoboFlock/ros2_ws/install/mpu9250driver', 'merge_install': False, 'path': '/home/marcob1129/Desktop/VSCode/RoboFlock/ros2_ws/src/ros2_mpu9250_driver', 'symlink_install': False, 'test_result_base': None}
[0.501s] Level 5:colcon.colcon_core.verb:set package 'rf2o_laser_odometry' build argument 'cmake_args' from command line to 'None'
[0.502s] Level 5:colcon.colcon_core.verb:set package 'rf2o_laser_odometry' build argument 'cmake_target' from command line to 'None'
[0.502s] Level 5:colcon.colcon_core.verb:set package 'rf2o_laser_odometry' build argument 'cmake_target_skip_unavailable' from command line to 'False'
[0.502s] Level 5:colcon.colcon_core.verb:set package 'rf2o_laser_odometry' build argument 'cmake_clean_cache' from command line to 'False'
[0.502s] Level 5:colcon.colcon_core.verb:set package 'rf2o_laser_odometry' build argument 'cmake_clean_first' from command line to 'False'
[0.502s] Level 5:colcon.colcon_core.verb:set package 'rf2o_laser_odometry' build argument 'cmake_force_configure' from command line to 'False'
[0.502s] Level 5:colcon.colcon_core.verb:set package 'rf2o_laser_odometry' build argument 'ament_cmake_args' from command line to 'None'
[0.502s] Level 5:colcon.colcon_core.verb:set package 'rf2o_laser_odometry' build argument 'catkin_cmake_args' from command line to 'None'
[0.502s] Level 5:colcon.colcon_core.verb:set package 'rf2o_laser_odometry' build argument 'catkin_skip_building_tests' from command line to 'False'
[0.502s] DEBUG:colcon.colcon_core.verb:Building package 'rf2o_laser_odometry' with the following arguments: {'ament_cmake_args': None, 'build_base': '/home/marcob1129/Desktop/VSCode/RoboFlock/ros2_ws/build/rf2o_laser_odometry', 'catkin_cmake_args': None, 'catkin_skip_building_tests': False, 'cmake_args': None, 'cmake_clean_cache': False, 'cmake_clean_first': False, 'cmake_force_configure': False, 'cmake_target': None, 'cmake_target_skip_unavailable': False, 'install_base': '/home/marcob1129/Desktop/VSCode/RoboFlock/ros2_ws/install/rf2o_laser_odometry', 'merge_install': False, 'path': '/home/marcob1129/Desktop/VSCode/RoboFlock/ros2_ws/src/rf2o_laser_odometry', 'symlink_install': False, 'test_result_base': None}
[0.503s] Level 5:colcon.colcon_core.verb:set package 'roboflock_localization' build argument 'cmake_args' from command line to 'None'
[0.503s] Level 5:colcon.colcon_core.verb:set package 'roboflock_localization' build argument 'cmake_target' from command line to 'None'
[0.503s] Level 5:colcon.colcon_core.verb:set package 'roboflock_localization' build argument 'cmake_target_skip_unavailable' from command line to 'False'
[0.503s] Level 5:colcon.colcon_core.verb:set package 'roboflock_localization' build argument 'cmake_clean_cache' from command line to 'False'
[0.503s] Level 5:colcon.colcon_core.verb:set package 'roboflock_localization' build argument 'cmake_clean_first' from command line to 'False'
[0.503s] Level 5:colcon.colcon_core.verb:set package 'roboflock_localization' build argument 'cmake_force_configure' from command line to 'False'
[0.503s] Level 5:colcon.colcon_core.verb:set package 'roboflock_localization' build argument 'ament_cmake_args' from command line to 'None'
[0.503s] Level 5:colcon.colcon_core.verb:set package 'roboflock_localization' build argument 'catkin_cmake_args' from command line to 'None'
[0.503s] Level 5:colcon.colcon_core.verb:set package 'roboflock_localization' build argument 'catkin_skip_building_tests' from command line to 'False'
[0.503s] DEBUG:colcon.colcon_core.verb:Building package 'roboflock_localization' with the following arguments: {'ament_cmake_args': None, 'build_base': '/home/marcob1129/Desktop/VSCode/RoboFlock/ros2_ws/build/roboflock_localization', 'catkin_cmake_args': None, 'catkin_skip_building_tests': False, 'cmake_args': None, 'cmake_clean_cache': False, 'cmake_clean_first': False, 'cmake_force_configure': False, 'cmake_target': None, 'cmake_target_skip_unavailable': False, 'install_base': '/home/marcob1129/Desktop/VSCode/RoboFlock/ros2_ws/install/roboflock_localization', 'merge_install': False, 'path': '/home/marcob1129/Desktop/VSCode/RoboFlock/ros2_ws/src/roboflock_localization', 'symlink_install': False, 'test_result_base': None}
[0.504s] Level 5:colcon.colcon_core.verb:set package 'rplidar_ros' build argument 'cmake_args' from command line to 'None'
[0.504s] Level 5:colcon.colcon_core.verb:set package 'rplidar_ros' build argument 'cmake_target' from command line to 'None'
[0.504s] Level 5:colcon.colcon_core.verb:set package 'rplidar_ros' build argument 'cmake_target_skip_unavailable' from command line to 'False'
[0.504s] Level 5:colcon.colcon_core.verb:set package 'rplidar_ros' build argument 'cmake_clean_cache' from command line to 'False'
[0.504s] Level 5:colcon.colcon_core.verb:set package 'rplidar_ros' build argument 'cmake_clean_first' from command line to 'False'
[0.504s] Level 5:colcon.colcon_core.verb:set package 'rplidar_ros' build argument 'cmake_force_configure' from command line to 'False'
[0.504s] Level 5:colcon.colcon_core.verb:set package 'rplidar_ros' build argument 'ament_cmake_args' from command line to 'None'
[0.504s] Level 5:colcon.colcon_core.verb:set package 'rplidar_ros' build argument 'catkin_cmake_args' from command line to 'None'
[0.504s] Level 5:colcon.colcon_core.verb:set package 'rplidar_ros' build argument 'catkin_skip_building_tests' from command line to 'False'
[0.504s] DEBUG:colcon.colcon_core.verb:Building package 'rplidar_ros' with the following arguments: {'ament_cmake_args': None, 'build_base': '/home/marcob1129/Desktop/VSCode/RoboFlock/ros2_ws/build/rplidar_ros', 'catkin_cmake_args': None, 'catkin_skip_building_tests': False, 'cmake_args': None, 'cmake_clean_cache': False, 'cmake_clean_first': False, 'cmake_force_configure': False, 'cmake_target': None, 'cmake_target_skip_unavailable': False, 'install_base': '/home/marcob1129/Desktop/VSCode/RoboFlock/ros2_ws/install/rplidar_ros', 'merge_install': False, 'path': '/home/marcob1129/Desktop/VSCode/RoboFlock/ros2_ws/src/rplidar_ros', 'symlink_install': False, 'test_result_base': None}
[0.505s] INFO:colcon.colcon_core.executor:Executing jobs using 'parallel' executor
[0.506s] DEBUG:colcon.colcon_parallel_executor.executor.parallel:run_until_complete
[0.506s] INFO:colcon.colcon_ros.task.ament_cmake.build:Building ROS package in '/home/marcob1129/Desktop/VSCode/RoboFlock/ros2_ws/src/ros2_mpu9250_driver' with build type 'ament_cmake'
[0.506s] INFO:colcon.colcon_cmake.task.cmake.build:Building CMake package in '/home/marcob1129/Desktop/VSCode/RoboFlock/ros2_ws/src/ros2_mpu9250_driver'
[0.508s] INFO:colcon.colcon_core.plugin_system:Skipping extension 'colcon_core.shell.bat': Not used on non-Windows systems
[0.509s] INFO:colcon.colcon_core.shell:Skip shell extension 'powershell' for command environment: Not usable outside of PowerShell
[0.509s] DEBUG:colcon.colcon_core.shell:Skip shell extension 'dsv' for command environment
[0.516s] INFO:colcon.colcon_ros.task.ament_cmake.build:Building ROS package in '/home/marcob1129/Desktop/VSCode/RoboFlock/ros2_ws/src/rf2o_laser_odometry' with build type 'ament_cmake'
[0.516s] INFO:colcon.colcon_cmake.task.cmake.build:Building CMake package in '/home/marcob1129/Desktop/VSCode/RoboFlock/ros2_ws/src/rf2o_laser_odometry'
[0.516s] INFO:colcon.colcon_core.shell:Skip shell extension 'powershell' for command environment: Not usable outside of PowerShell
[0.517s] DEBUG:colcon.colcon_core.shell:Skip shell extension 'dsv' for command environment
[0.528s] INFO:colcon.colcon_ros.task.ament_cmake.build:Building ROS package in '/home/marcob1129/Desktop/VSCode/RoboFlock/ros2_ws/src/roboflock_localization' with build type 'ament_cmake'
[0.529s] INFO:colcon.colcon_cmake.task.cmake.build:Building CMake package in '/home/marcob1129/Desktop/VSCode/RoboFlock/ros2_ws/src/roboflock_localization'
[0.529s] INFO:colcon.colcon_core.shell:Skip shell extension 'powershell' for command environment: Not usable outside of PowerShell
[0.529s] DEBUG:colcon.colcon_core.shell:Skip shell extension 'dsv' for command environment
[0.539s] INFO:colcon.colcon_ros.task.ament_cmake.build:Building ROS package in '/home/marcob1129/Desktop/VSCode/RoboFlock/ros2_ws/src/rplidar_ros' with build type 'ament_cmake'
[0.540s] INFO:colcon.colcon_cmake.task.cmake.build:Building CMake package in '/home/marcob1129/Desktop/VSCode/RoboFlock/ros2_ws/src/rplidar_ros'
[0.541s] INFO:colcon.colcon_core.shell:Skip shell extension 'powershell' for command environment: Not usable outside of PowerShell
[0.541s] DEBUG:colcon.colcon_core.shell:Skip shell extension 'dsv' for command environment
[0.581s] DEBUG:colcon.colcon_core.event_handler.log_command:Invoking command in '/home/marcob1129/Desktop/VSCode/RoboFlock/ros2_ws/build/mpu9250driver': CMAKE_PREFIX_PATH=${CMAKE_PREFIX_PATH}:/opt/ros/humble /usr/bin/cmake --build /home/marcob1129/Desktop/VSCode/RoboFlock/ros2_ws/build/mpu9250driver -- -j4 -l4
[0.601s] DEBUG:colcon.colcon_core.event_handler.log_command:Invoking command in '/home/marcob1129/Desktop/VSCode/RoboFlock/ros2_ws/build/rf2o_laser_odometry': CMAKE_PREFIX_PATH=${CMAKE_PREFIX_PATH}:/opt/ros/humble /usr/bin/cmake --build /home/marcob1129/Desktop/VSCode/RoboFlock/ros2_ws/build/rf2o_laser_odometry -- -j4 -l4
[0.605s] DEBUG:colcon.colcon_core.event_handler.log_command:Invoking command in '/home/marcob1129/Desktop/VSCode/RoboFlock/ros2_ws/build/roboflock_localization': CMAKE_PREFIX_PATH=${CMAKE_PREFIX_PATH}:/opt/ros/humble /usr/bin/cmake --build /home/marcob1129/Desktop/VSCode/RoboFlock/ros2_ws/build/roboflock_localization -- -j4 -l4
[0.730s] DEBUG:colcon.colcon_core.event_handler.log_command:Invoking command in '/home/marcob1129/Desktop/VSCode/RoboFlock/ros2_ws/build/rplidar_ros': CMAKE_PREFIX_PATH=${CMAKE_PREFIX_PATH}:/opt/ros/humble /usr/bin/cmake --build /home/marcob1129/Desktop/VSCode/RoboFlock/ros2_ws/build/rplidar_ros -- -j4 -l4
[0.914s] DEBUG:colcon.colcon_core.event_handler.log_command:Invoked command in '/home/marcob1129/Desktop/VSCode/RoboFlock/ros2_ws/build/roboflock_localization' returned '0': CMAKE_PREFIX_PATH=${CMAKE_PREFIX_PATH}:/opt/ros/humble /usr/bin/cmake --build /home/marcob1129/Desktop/VSCode/RoboFlock/ros2_ws/build/roboflock_localization -- -j4 -l4
[0.985s] DEBUG:colcon.colcon_core.event_handler.log_command:Invoking command in '/home/marcob1129/Desktop/VSCode/RoboFlock/ros2_ws/build/roboflock_localization': CMAKE_PREFIX_PATH=${CMAKE_PREFIX_PATH}:/opt/ros/humble /usr/bin/cmake --install /home/marcob1129/Desktop/VSCode/RoboFlock/ros2_ws/build/roboflock_localization
[1.067s] Level 1:colcon.colcon_core.environment:create_environment_scripts_only(roboflock_localization)
[1.069s] DEBUG:colcon.colcon_core.event_handler.log_command:Invoked command in '/home/marcob1129/Desktop/VSCode/RoboFlock/ros2_ws/build/roboflock_localization' returned '0': CMAKE_PREFIX_PATH=${CMAKE_PREFIX_PATH}:/opt/ros/humble /usr/bin/cmake --install /home/marcob1129/Desktop/VSCode/RoboFlock/ros2_ws/build/roboflock_localization
[1.072s] Level 1:colcon.colcon_core.environment:checking '/home/marcob1129/Desktop/VSCode/RoboFlock/ros2_ws/install/roboflock_localization' for CMake module files
[1.072s] Level 1:colcon.colcon_core.environment:checking '/home/marcob1129/Desktop/VSCode/RoboFlock/ros2_ws/install/roboflock_localization' for CMake config files
[1.072s] Level 1:colcon.colcon_core.shell:create_environment_hook('roboflock_localization', 'cmake_prefix_path')
[1.077s] INFO:colcon.colcon_core.shell:Creating environment hook '/home/marcob1129/Desktop/VSCode/RoboFlock/ros2_ws/install/roboflock_localization/share/roboflock_localization/hook/cmake_prefix_path.ps1'
[1.078s] INFO:colcon.colcon_core.shell:Creating environment descriptor '/home/marcob1129/Desktop/VSCode/RoboFlock/ros2_ws/install/roboflock_localization/share/roboflock_localization/hook/cmake_prefix_path.dsv'
[1.086s] INFO:colcon.colcon_core.shell:Creating environment hook '/home/marcob1129/Desktop/VSCode/RoboFlock/ros2_ws/install/roboflock_localization/share/roboflock_localization/hook/cmake_prefix_path.sh'
[1.090s] Level 1:colcon.colcon_core.environment:checking '/home/marcob1129/Desktop/VSCode/RoboFlock/ros2_ws/install/roboflock_localization/bin'
[1.090s] Level 1:colcon.colcon_core.environment:checking '/home/marcob1129/Desktop/VSCode/RoboFlock/ros2_ws/install/roboflock_localization/lib/pkgconfig/roboflock_localization.pc'
[1.091s] Level 1:colcon.colcon_core.environment:checking '/home/marcob1129/Desktop/VSCode/RoboFlock/ros2_ws/install/roboflock_localization/lib/python3.10/site-packages'
[1.094s] Level 1:colcon.colcon_core.environment:checking '/home/marcob1129/Desktop/VSCode/RoboFlock/ros2_ws/install/roboflock_localization/bin'
[1.095s] INFO:colcon.colcon_core.shell:Creating package script '/home/marcob1129/Desktop/VSCode/RoboFlock/ros2_ws/install/roboflock_localization/share/roboflock_localization/package.ps1'
[1.103s] INFO:colcon.colcon_core.shell:Creating package descriptor '/home/marcob1129/Desktop/VSCode/RoboFlock/ros2_ws/install/roboflock_localization/share/roboflock_localization/package.dsv'
[1.104s] INFO:colcon.colcon_core.shell:Creating package script '/home/marcob1129/Desktop/VSCode/RoboFlock/ros2_ws/install/roboflock_localization/share/roboflock_localization/package.sh'
[1.111s] INFO:colcon.colcon_core.shell:Creating package script '/home/marcob1129/Desktop/VSCode/RoboFlock/ros2_ws/install/roboflock_localization/share/roboflock_localization/package.bash'
[1.115s] INFO:colcon.colcon_core.shell:Creating package script '/home/marcob1129/Desktop/VSCode/RoboFlock/ros2_ws/install/roboflock_localization/share/roboflock_localization/package.zsh'
[1.120s] Level 1:colcon.colcon_core.environment:create_file_with_runtime_dependencies(/home/marcob1129/Desktop/VSCode/RoboFlock/ros2_ws/install/roboflock_localization/share/colcon-core/packages/roboflock_localization)
[1.123s] Level 1:colcon.colcon_core.environment:create_environment_scripts_only(roboflock_localization)
[1.123s] Level 1:colcon.colcon_core.environment:checking '/home/marcob1129/Desktop/VSCode/RoboFlock/ros2_ws/install/roboflock_localization' for CMake module files
[1.124s] Level 1:colcon.colcon_core.environment:checking '/home/marcob1129/Desktop/VSCode/RoboFlock/ros2_ws/install/roboflock_localization' for CMake config files
[1.125s] Level 1:colcon.colcon_core.shell:create_environment_hook('roboflock_localization', 'cmake_prefix_path')
[1.126s] INFO:colcon.colcon_core.shell:Creating environment hook '/home/marcob1129/Desktop/VSCode/RoboFlock/ros2_ws/install/roboflock_localization/share/roboflock_localization/hook/cmake_prefix_path.ps1'
[1.127s] INFO:colcon.colcon_core.shell:Creating environment descriptor '/home/marcob1129/Desktop/VSCode/RoboFlock/ros2_ws/install/roboflock_localization/share/roboflock_localization/hook/cmake_prefix_path.dsv'
[1.128s] INFO:colcon.colcon_core.shell:Creating environment hook '/home/marcob1129/Desktop/VSCode/RoboFlock/ros2_ws/install/roboflock_localization/share/roboflock_localization/hook/cmake_prefix_path.sh'
[1.129s] Level 1:colcon.colcon_core.environment:checking '/home/marcob1129/Desktop/VSCode/RoboFlock/ros2_ws/install/roboflock_localization/bin'
[1.130s] Level 1:colcon.colcon_core.environment:checking '/home/marcob1129/Desktop/VSCode/RoboFlock/ros2_ws/install/roboflock_localization/lib/pkgconfig/roboflock_localization.pc'
[1.130s] Level 1:colcon.colcon_core.environment:checking '/home/marcob1129/Desktop/VSCode/RoboFlock/ros2_ws/install/roboflock_localization/lib/python3.10/site-packages'
[1.130s] Level 1:colcon.colcon_core.environment:checking '/home/marcob1129/Desktop/VSCode/RoboFlock/ros2_ws/install/roboflock_localization/bin'
[1.136s] INFO:colcon.colcon_core.shell:Creating package script '/home/marcob1129/Desktop/VSCode/RoboFlock/ros2_ws/install/roboflock_localization/share/roboflock_localization/package.ps1'
[1.138s] INFO:colcon.colcon_core.shell:Creating package descriptor '/home/marcob1129/Desktop/VSCode/RoboFlock/ros2_ws/install/roboflock_localization/share/roboflock_localization/package.dsv'
[1.140s] INFO:colcon.colcon_core.shell:Creating package script '/home/marcob1129/Desktop/VSCode/RoboFlock/ros2_ws/install/roboflock_localization/share/roboflock_localization/package.sh'
[1.142s] INFO:colcon.colcon_core.shell:Creating package script '/home/marcob1129/Desktop/VSCode/RoboFlock/ros2_ws/install/roboflock_localization/share/roboflock_localization/package.bash'
[1.143s] INFO:colcon.colcon_core.shell:Creating package script '/home/marcob1129/Desktop/VSCode/RoboFlock/ros2_ws/install/roboflock_localization/share/roboflock_localization/package.zsh'
[1.144s] Level 1:colcon.colcon_core.environment:create_file_with_runtime_dependencies(/home/marcob1129/Desktop/VSCode/RoboFlock/ros2_ws/install/roboflock_localization/share/colcon-core/packages/roboflock_localization)
[1.153s] DEBUG:colcon.colcon_core.event_handler.log_command:Invoked command in '/home/marcob1129/Desktop/VSCode/RoboFlock/ros2_ws/build/mpu9250driver' returned '0': CMAKE_PREFIX_PATH=${CMAKE_PREFIX_PATH}:/opt/ros/humble /usr/bin/cmake --build /home/marcob1129/Desktop/VSCode/RoboFlock/ros2_ws/build/mpu9250driver -- -j4 -l4
[1.154s] DEBUG:colcon.colcon_core.event_handler.log_command:Invoking command in '/home/marcob1129/Desktop/VSCode/RoboFlock/ros2_ws/build/mpu9250driver': CMAKE_PREFIX_PATH=${CMAKE_PREFIX_PATH}:/opt/ros/humble /usr/bin/cmake --install /home/marcob1129/Desktop/VSCode/RoboFlock/ros2_ws/build/mpu9250driver
[1.160s] DEBUG:colcon.colcon_core.event_handler.log_command:Invoked command in '/home/marcob1129/Desktop/VSCode/RoboFlock/ros2_ws/build/rplidar_ros' returned '0': CMAKE_PREFIX_PATH=${CMAKE_PREFIX_PATH}:/opt/ros/humble /usr/bin/cmake --build /home/marcob1129/Desktop/VSCode/RoboFlock/ros2_ws/build/rplidar_ros -- -j4 -l4
[1.160s] DEBUG:colcon.colcon_core.event_handler.log_command:Invoking command in '/home/marcob1129/Desktop/VSCode/RoboFlock/ros2_ws/build/rplidar_ros': CMAKE_PREFIX_PATH=${CMAKE_PREFIX_PATH}:/opt/ros/humble /usr/bin/cmake --install /home/marcob1129/Desktop/VSCode/RoboFlock/ros2_ws/build/rplidar_ros
[1.167s] DEBUG:colcon.colcon_core.event_handler.log_command:Invoked command in '/home/marcob1129/Desktop/VSCode/RoboFlock/ros2_ws/build/rf2o_laser_odometry' returned '0': CMAKE_PREFIX_PATH=${CMAKE_PREFIX_PATH}:/opt/ros/humble /usr/bin/cmake --build /home/marcob1129/Desktop/VSCode/RoboFlock/ros2_ws/build/rf2o_laser_odometry -- -j4 -l4
[1.175s] DEBUG:colcon.colcon_core.event_handler.log_command:Invoking command in '/home/marcob1129/Desktop/VSCode/RoboFlock/ros2_ws/build/rf2o_laser_odometry': CMAKE_PREFIX_PATH=${CMAKE_PREFIX_PATH}:/opt/ros/humble /usr/bin/cmake --install /home/marcob1129/Desktop/VSCode/RoboFlock/ros2_ws/build/rf2o_laser_odometry
[1.192s] Level 1:colcon.colcon_core.environment:create_environment_scripts_only(mpu9250driver)
[1.198s] Level 1:colcon.colcon_core.environment:checking '/home/marcob1129/Desktop/VSCode/RoboFlock/ros2_ws/install/mpu9250driver' for CMake module files
[1.199s] Level 1:colcon.colcon_core.environment:checking '/home/marcob1129/Desktop/VSCode/RoboFlock/ros2_ws/install/mpu9250driver' for CMake config files
[1.219s] DEBUG:colcon.colcon_core.event_handler.log_command:Invoked command in '/home/marcob1129/Desktop/VSCode/RoboFlock/ros2_ws/build/mpu9250driver' returned '0': CMAKE_PREFIX_PATH=${CMAKE_PREFIX_PATH}:/opt/ros/humble /usr/bin/cmake --install /home/marcob1129/Desktop/VSCode/RoboFlock/ros2_ws/build/mpu9250driver
[1.223s] Level 1:colcon.colcon_core.shell:create_environment_hook('mpu9250driver', 'cmake_prefix_path')
[1.223s] INFO:colcon.colcon_core.shell:Creating environment hook '/home/marcob1129/Desktop/VSCode/RoboFlock/ros2_ws/install/mpu9250driver/share/mpu9250driver/hook/cmake_prefix_path.ps1'
[1.237s] INFO:colcon.colcon_core.shell:Creating environment descriptor '/home/marcob1129/Desktop/VSCode/RoboFlock/ros2_ws/install/mpu9250driver/share/mpu9250driver/hook/cmake_prefix_path.dsv'
[1.242s] INFO:colcon.colcon_core.shell:Creating environment hook '/home/marcob1129/Desktop/VSCode/RoboFlock/ros2_ws/install/mpu9250driver/share/mpu9250driver/hook/cmake_prefix_path.sh'
[1.247s] Level 1:colcon.colcon_core.environment:checking '/home/marcob1129/Desktop/VSCode/RoboFlock/ros2_ws/install/mpu9250driver/lib'
[1.248s] Level 1:colcon.colcon_core.environment:checking '/home/marcob1129/Desktop/VSCode/RoboFlock/ros2_ws/install/mpu9250driver/bin'
[1.248s] Level 1:colcon.colcon_core.environment:checking '/home/marcob1129/Desktop/VSCode/RoboFlock/ros2_ws/install/mpu9250driver/lib/pkgconfig/mpu9250driver.pc'
[1.248s] Level 1:colcon.colcon_core.environment:checking '/home/marcob1129/Desktop/VSCode/RoboFlock/ros2_ws/install/mpu9250driver/lib/python3.10/site-packages'
[1.249s] Level 1:colcon.colcon_core.environment:checking '/home/marcob1129/Desktop/VSCode/RoboFlock/ros2_ws/install/mpu9250driver/bin'
[1.249s] INFO:colcon.colcon_core.shell:Creating package script '/home/marcob1129/Desktop/VSCode/RoboFlock/ros2_ws/install/mpu9250driver/share/mpu9250driver/package.ps1'
[1.251s] INFO:colcon.colcon_core.shell:Creating package descriptor '/home/marcob1129/Desktop/VSCode/RoboFlock/ros2_ws/install/mpu9250driver/share/mpu9250driver/package.dsv'
[1.253s] INFO:colcon.colcon_core.shell:Creating package script '/home/marcob1129/Desktop/VSCode/RoboFlock/ros2_ws/install/mpu9250driver/share/mpu9250driver/package.sh'
[1.255s] INFO:colcon.colcon_core.shell:Creating package script '/home/marcob1129/Desktop/VSCode/RoboFlock/ros2_ws/install/mpu9250driver/share/mpu9250driver/package.bash'
[1.257s] INFO:colcon.colcon_core.shell:Creating package script '/home/marcob1129/Desktop/VSCode/RoboFlock/ros2_ws/install/mpu9250driver/share/mpu9250driver/package.zsh'
[1.258s] Level 1:colcon.colcon_core.environment:create_file_with_runtime_dependencies(/home/marcob1129/Desktop/VSCode/RoboFlock/ros2_ws/install/mpu9250driver/share/colcon-core/packages/mpu9250driver)
[1.259s] Level 1:colcon.colcon_core.environment:create_environment_scripts_only(mpu9250driver)
[1.259s] Level 1:colcon.colcon_core.environment:checking '/home/marcob1129/Desktop/VSCode/RoboFlock/ros2_ws/install/mpu9250driver' for CMake module files
[1.260s] Level 1:colcon.colcon_core.environment:checking '/home/marcob1129/Desktop/VSCode/RoboFlock/ros2_ws/install/mpu9250driver' for CMake config files
[1.260s] Level 1:colcon.colcon_core.shell:create_environment_hook('mpu9250driver', 'cmake_prefix_path')
[1.260s] INFO:colcon.colcon_core.shell:Creating environment hook '/home/marcob1129/Desktop/VSCode/RoboFlock/ros2_ws/install/mpu9250driver/share/mpu9250driver/hook/cmake_prefix_path.ps1'
[1.261s] INFO:colcon.colcon_core.shell:Creating environment descriptor '/home/marcob1129/Desktop/VSCode/RoboFlock/ros2_ws/install/mpu9250driver/share/mpu9250driver/hook/cmake_prefix_path.dsv'
[1.262s] INFO:colcon.colcon_core.shell:Creating environment hook '/home/marcob1129/Desktop/VSCode/RoboFlock/ros2_ws/install/mpu9250driver/share/mpu9250driver/hook/cmake_prefix_path.sh'
[1.263s] Level 1:colcon.colcon_core.environment:checking '/home/marcob1129/Desktop/VSCode/RoboFlock/ros2_ws/install/mpu9250driver/lib'
[1.264s] Level 1:colcon.colcon_core.environment:checking '/home/marcob1129/Desktop/VSCode/RoboFlock/ros2_ws/install/mpu9250driver/bin'
[1.264s] Level 1:colcon.colcon_core.environment:checking '/home/marcob1129/Desktop/VSCode/RoboFlock/ros2_ws/install/mpu9250driver/lib/pkgconfig/mpu9250driver.pc'
[1.264s] Level 1:colcon.colcon_core.environment:checking '/home/marcob1129/Desktop/VSCode/RoboFlock/ros2_ws/install/mpu9250driver/lib/python3.10/site-packages'
[1.264s] Level 1:colcon.colcon_core.environment:checking '/home/marcob1129/Desktop/VSCode/RoboFlock/ros2_ws/install/mpu9250driver/bin'
[1.265s] INFO:colcon.colcon_core.shell:Creating package script '/home/marcob1129/Desktop/VSCode/RoboFlock/ros2_ws/install/mpu9250driver/share/mpu9250driver/package.ps1'
[1.266s] INFO:colcon.colcon_core.shell:Creating package descriptor '/home/marcob1129/Desktop/VSCode/RoboFlock/ros2_ws/install/mpu9250driver/share/mpu9250driver/package.dsv'
[1.267s] INFO:colcon.colcon_core.shell:Creating package script '/home/marcob1129/Desktop/VSCode/RoboFlock/ros2_ws/install/mpu9250driver/share/mpu9250driver/package.sh'
[1.268s] INFO:colcon.colcon_core.shell:Creating package script '/home/marcob1129/Desktop/VSCode/RoboFlock/ros2_ws/install/mpu9250driver/share/mpu9250driver/package.bash'
[1.269s] INFO:colcon.colcon_core.shell:Creating package script '/home/marcob1129/Desktop/VSCode/RoboFlock/ros2_ws/install/mpu9250driver/share/mpu9250driver/package.zsh'
[1.271s] Level 1:colcon.colcon_core.environment:create_file_with_runtime_dependencies(/home/marcob1129/Desktop/VSCode/RoboFlock/ros2_ws/install/mpu9250driver/share/colcon-core/packages/mpu9250driver)
[1.276s] Level 1:colcon.colcon_core.environment:create_environment_scripts_only(rplidar_ros)
[1.276s] Level 1:colcon.colcon_core.environment:checking '/home/marcob1129/Desktop/VSCode/RoboFlock/ros2_ws/install/rplidar_ros' for CMake module files
[1.278s] Level 1:colcon.colcon_core.environment:checking '/home/marcob1129/Desktop/VSCode/RoboFlock/ros2_ws/install/rplidar_ros' for CMake config files
[1.278s] Level 1:colcon.colcon_core.shell:create_environment_hook('rplidar_ros', 'cmake_prefix_path')
[1.278s] INFO:colcon.colcon_core.shell:Creating environment hook '/home/marcob1129/Desktop/VSCode/RoboFlock/ros2_ws/install/rplidar_ros/share/rplidar_ros/hook/cmake_prefix_path.ps1'
[1.283s] DEBUG:colcon.colcon_core.event_handler.log_command:Invoked command in '/home/marcob1129/Desktop/VSCode/RoboFlock/ros2_ws/build/rplidar_ros' returned '0': CMAKE_PREFIX_PATH=${CMAKE_PREFIX_PATH}:/opt/ros/humble /usr/bin/cmake --install /home/marcob1129/Desktop/VSCode/RoboFlock/ros2_ws/build/rplidar_ros
[1.283s] INFO:colcon.colcon_core.shell:Creating environment descriptor '/home/marcob1129/Desktop/VSCode/RoboFlock/ros2_ws/install/rplidar_ros/share/rplidar_ros/hook/cmake_prefix_path.dsv'
[1.285s] INFO:colcon.colcon_core.shell:Creating environment hook '/home/marcob1129/Desktop/VSCode/RoboFlock/ros2_ws/install/rplidar_ros/share/rplidar_ros/hook/cmake_prefix_path.sh'
[1.291s] Level 1:colcon.colcon_core.environment:checking '/home/marcob1129/Desktop/VSCode/RoboFlock/ros2_ws/install/rplidar_ros/lib'
[1.292s] Level 1:colcon.colcon_core.environment:checking '/home/marcob1129/Desktop/VSCode/RoboFlock/ros2_ws/install/rplidar_ros/bin'
[1.292s] Level 1:colcon.colcon_core.environment:checking '/home/marcob1129/Desktop/VSCode/RoboFlock/ros2_ws/install/rplidar_ros/lib/pkgconfig/rplidar_ros.pc'
[1.292s] Level 1:colcon.colcon_core.environment:checking '/home/marcob1129/Desktop/VSCode/RoboFlock/ros2_ws/install/rplidar_ros/lib/python3.10/site-packages'
[1.293s] Level 1:colcon.colcon_core.environment:checking '/home/marcob1129/Desktop/VSCode/RoboFlock/ros2_ws/install/rplidar_ros/bin'
[1.294s] INFO:colcon.colcon_core.shell:Creating package script '/home/marcob1129/Desktop/VSCode/RoboFlock/ros2_ws/install/rplidar_ros/share/rplidar_ros/package.ps1'
[1.295s] INFO:colcon.colcon_core.shell:Creating package descriptor '/home/marcob1129/Desktop/VSCode/RoboFlock/ros2_ws/install/rplidar_ros/share/rplidar_ros/package.dsv'
[1.296s] INFO:colcon.colcon_core.shell:Creating package script '/home/marcob1129/Desktop/VSCode/RoboFlock/ros2_ws/install/rplidar_ros/share/rplidar_ros/package.sh'
[1.297s] INFO:colcon.colcon_core.shell:Creating package script '/home/marcob1129/Desktop/VSCode/RoboFlock/ros2_ws/install/rplidar_ros/share/rplidar_ros/package.bash'
[1.298s] INFO:colcon.colcon_core.shell:Creating package script '/home/marcob1129/Desktop/VSCode/RoboFlock/ros2_ws/install/rplidar_ros/share/rplidar_ros/package.zsh'
[1.299s] Level 1:colcon.colcon_core.environment:create_file_with_runtime_dependencies(/home/marcob1129/Desktop/VSCode/RoboFlock/ros2_ws/install/rplidar_ros/share/colcon-core/packages/rplidar_ros)
[1.300s] Level 1:colcon.colcon_core.environment:create_environment_scripts_only(rplidar_ros)
[1.300s] Level 1:colcon.colcon_core.environment:checking '/home/marcob1129/Desktop/VSCode/RoboFlock/ros2_ws/install/rplidar_ros' for CMake module files
[1.301s] Level 1:colcon.colcon_core.environment:checking '/home/marcob1129/Desktop/VSCode/RoboFlock/ros2_ws/install/rplidar_ros' for CMake config files
[1.301s] Level 1:colcon.colcon_core.shell:create_environment_hook('rplidar_ros', 'cmake_prefix_path')
[1.308s] INFO:colcon.colcon_core.shell:Creating environment hook '/home/marcob1129/Desktop/VSCode/RoboFlock/ros2_ws/install/rplidar_ros/share/rplidar_ros/hook/cmake_prefix_path.ps1'
[1.309s] INFO:colcon.colcon_core.shell:Creating environment descriptor '/home/marcob1129/Desktop/VSCode/RoboFlock/ros2_ws/install/rplidar_ros/share/rplidar_ros/hook/cmake_prefix_path.dsv'
[1.310s] INFO:colcon.colcon_core.shell:Creating environment hook '/home/marcob1129/Desktop/VSCode/RoboFlock/ros2_ws/install/rplidar_ros/share/rplidar_ros/hook/cmake_prefix_path.sh'
[1.311s] Level 1:colcon.colcon_core.environment:checking '/home/marcob1129/Desktop/VSCode/RoboFlock/ros2_ws/install/rplidar_ros/lib'
[1.312s] Level 1:colcon.colcon_core.environment:checking '/home/marcob1129/Desktop/VSCode/RoboFlock/ros2_ws/install/rplidar_ros/bin'
[1.312s] Level 1:colcon.colcon_core.environment:checking '/home/marcob1129/Desktop/VSCode/RoboFlock/ros2_ws/install/rplidar_ros/lib/pkgconfig/rplidar_ros.pc'
[1.312s] Level 1:colcon.colcon_core.environment:checking '/home/marcob1129/Desktop/VSCode/RoboFlock/ros2_ws/install/rplidar_ros/lib/python3.10/site-packages'
[1.313s] Level 1:colcon.colcon_core.environment:checking '/home/marcob1129/Desktop/VSCode/RoboFlock/ros2_ws/install/rplidar_ros/bin'
[1.313s] INFO:colcon.colcon_core.shell:Creating package script '/home/marcob1129/Desktop/VSCode/RoboFlock/ros2_ws/install/rplidar_ros/share/rplidar_ros/package.ps1'
[1.314s] INFO:colcon.colcon_core.shell:Creating package descriptor '/home/marcob1129/Desktop/VSCode/RoboFlock/ros2_ws/install/rplidar_ros/share/rplidar_ros/package.dsv'
[1.316s] INFO:colcon.colcon_core.shell:Creating package script '/home/marcob1129/Desktop/VSCode/RoboFlock/ros2_ws/install/rplidar_ros/share/rplidar_ros/package.sh'
[1.317s] INFO:colcon.colcon_core.shell:Creating package script '/home/marcob1129/Desktop/VSCode/RoboFlock/ros2_ws/install/rplidar_ros/share/rplidar_ros/package.bash'
[1.318s] INFO:colcon.colcon_core.shell:Creating package script '/home/marcob1129/Desktop/VSCode/RoboFlock/ros2_ws/install/rplidar_ros/share/rplidar_ros/package.zsh'
[1.320s] Level 1:colcon.colcon_core.environment:create_file_with_runtime_dependencies(/home/marcob1129/Desktop/VSCode/RoboFlock/ros2_ws/install/rplidar_ros/share/colcon-core/packages/rplidar_ros)
[1.323s] Level 1:colcon.colcon_core.environment:create_environment_scripts_only(rf2o_laser_odometry)
[1.324s] Level 1:colcon.colcon_core.environment:checking '/home/marcob1129/Desktop/VSCode/RoboFlock/ros2_ws/install/rf2o_laser_odometry' for CMake module files
[1.329s] DEBUG:colcon.colcon_core.event_handler.log_command:Invoked command in '/home/marcob1129/Desktop/VSCode/RoboFlock/ros2_ws/build/rf2o_laser_odometry' returned '0': CMAKE_PREFIX_PATH=${CMAKE_PREFIX_PATH}:/opt/ros/humble /usr/bin/cmake --install /home/marcob1129/Desktop/VSCode/RoboFlock/ros2_ws/build/rf2o_laser_odometry
[1.331s] Level 1:colcon.colcon_core.environment:checking '/home/marcob1129/Desktop/VSCode/RoboFlock/ros2_ws/install/rf2o_laser_odometry' for CMake config files
[1.331s] Level 1:colcon.colcon_core.shell:create_environment_hook('rf2o_laser_odometry', 'cmake_prefix_path')
[1.333s] INFO:colcon.colcon_core.shell:Creating environment hook '/home/marcob1129/Desktop/VSCode/RoboFlock/ros2_ws/install/rf2o_laser_odometry/share/rf2o_laser_odometry/hook/cmake_prefix_path.ps1'
[1.334s] INFO:colcon.colcon_core.shell:Creating environment descriptor '/home/marcob1129/Desktop/VSCode/RoboFlock/ros2_ws/install/rf2o_laser_odometry/share/rf2o_laser_odometry/hook/cmake_prefix_path.dsv'
[1.336s] INFO:colcon.colcon_core.shell:Creating environment hook '/home/marcob1129/Desktop/VSCode/RoboFlock/ros2_ws/install/rf2o_laser_odometry/share/rf2o_laser_odometry/hook/cmake_prefix_path.sh'
[1.338s] Level 1:colcon.colcon_core.environment:checking '/home/marcob1129/Desktop/VSCode/RoboFlock/ros2_ws/install/rf2o_laser_odometry/lib'
[1.339s] Level 1:colcon.colcon_core.environment:checking '/home/marcob1129/Desktop/VSCode/RoboFlock/ros2_ws/install/rf2o_laser_odometry/bin'
[1.339s] Level 1:colcon.colcon_core.environment:checking '/home/marcob1129/Desktop/VSCode/RoboFlock/ros2_ws/install/rf2o_laser_odometry/lib/pkgconfig/rf2o_laser_odometry.pc'
[1.340s] Level 1:colcon.colcon_core.environment:checking '/home/marcob1129/Desktop/VSCode/RoboFlock/ros2_ws/install/rf2o_laser_odometry/lib/python3.10/site-packages'
[1.340s] Level 1:colcon.colcon_core.environment:checking '/home/marcob1129/Desktop/VSCode/RoboFlock/ros2_ws/install/rf2o_laser_odometry/bin'
[1.341s] INFO:colcon.colcon_core.shell:Creating package script '/home/marcob1129/Desktop/VSCode/RoboFlock/ros2_ws/install/rf2o_laser_odometry/share/rf2o_laser_odometry/package.ps1'
[1.342s] INFO:colcon.colcon_core.shell:Creating package descriptor '/home/marcob1129/Desktop/VSCode/RoboFlock/ros2_ws/install/rf2o_laser_odometry/share/rf2o_laser_odometry/package.dsv'
[1.344s] INFO:colcon.colcon_core.shell:Creating package script '/home/marcob1129/Desktop/VSCode/RoboFlock/ros2_ws/install/rf2o_laser_odometry/share/rf2o_laser_odometry/package.sh'
[1.345s] INFO:colcon.colcon_core.shell:Creating package script '/home/marcob1129/Desktop/VSCode/RoboFlock/ros2_ws/install/rf2o_laser_odometry/share/rf2o_laser_odometry/package.bash'
[1.346s] INFO:colcon.colcon_core.shell:Creating package script '/home/marcob1129/Desktop/VSCode/RoboFlock/ros2_ws/install/rf2o_laser_odometry/share/rf2o_laser_odometry/package.zsh'
[1.347s] Level 1:colcon.colcon_core.environment:create_file_with_runtime_dependencies(/home/marcob1129/Desktop/VSCode/RoboFlock/ros2_ws/install/rf2o_laser_odometry/share/colcon-core/packages/rf2o_laser_odometry)
[1.349s] Level 1:colcon.colcon_core.environment:create_environment_scripts_only(rf2o_laser_odometry)
[1.349s] Level 1:colcon.colcon_core.environment:checking '/home/marcob1129/Desktop/VSCode/RoboFlock/ros2_ws/install/rf2o_laser_odometry' for CMake module files
[1.350s] Level 1:colcon.colcon_core.environment:checking '/home/marcob1129/Desktop/VSCode/RoboFlock/ros2_ws/install/rf2o_laser_odometry' for CMake config files
[1.351s] Level 1:colcon.colcon_core.shell:create_environment_hook('rf2o_laser_odometry', 'cmake_prefix_path')
[1.352s] INFO:colcon.colcon_core.shell:Creating environment hook '/home/marcob1129/Desktop/VSCode/RoboFlock/ros2_ws/install/rf2o_laser_odometry/share/rf2o_laser_odometry/hook/cmake_prefix_path.ps1'
[1.353s] INFO:colcon.colcon_core.shell:Creating environment descriptor '/home/marcob1129/Desktop/VSCode/RoboFlock/ros2_ws/install/rf2o_laser_odometry/share/rf2o_laser_odometry/hook/cmake_prefix_path.dsv'
[1.354s] INFO:colcon.colcon_core.shell:Creating environment hook '/home/marcob1129/Desktop/VSCode/RoboFlock/ros2_ws/install/rf2o_laser_odometry/share/rf2o_laser_odometry/hook/cmake_prefix_path.sh'
[1.356s] Level 1:colcon.colcon_core.environment:checking '/home/marcob1129/Desktop/VSCode/RoboFlock/ros2_ws/install/rf2o_laser_odometry/lib'
[1.357s] Level 1:colcon.colcon_core.environment:checking '/home/marcob1129/Desktop/VSCode/RoboFlock/ros2_ws/install/rf2o_laser_odometry/bin'
[1.357s] Level 1:colcon.colcon_core.environment:checking '/home/marcob1129/Desktop/VSCode/RoboFlock/ros2_ws/install/rf2o_laser_odometry/lib/pkgconfig/rf2o_laser_odometry.pc'
[1.357s] Level 1:colcon.colcon_core.environment:checking '/home/marcob1129/Desktop/VSCode/RoboFlock/ros2_ws/install/rf2o_laser_odometry/lib/python3.10/site-packages'
[1.358s] Level 1:colcon.colcon_core.environment:checking '/home/marcob1129/Desktop/VSCode/RoboFlock/ros2_ws/install/rf2o_laser_odometry/bin'
[1.358s] INFO:colcon.colcon_core.shell:Creating package script '/home/marcob1129/Desktop/VSCode/RoboFlock/ros2_ws/install/rf2o_laser_odometry/share/rf2o_laser_odometry/package.ps1'
[1.365s] INFO:colcon.colcon_core.shell:Creating package descriptor '/home/marcob1129/Desktop/VSCode/RoboFlock/ros2_ws/install/rf2o_laser_odometry/share/rf2o_laser_odometry/package.dsv'
[1.368s] INFO:colcon.colcon_core.shell:Creating package script '/home/marcob1129/Desktop/VSCode/RoboFlock/ros2_ws/install/rf2o_laser_odometry/share/rf2o_laser_odometry/package.sh'
[1.370s] INFO:colcon.colcon_core.shell:Creating package script '/home/marcob1129/Desktop/VSCode/RoboFlock/ros2_ws/install/rf2o_laser_odometry/share/rf2o_laser_odometry/package.bash'
[1.371s] INFO:colcon.colcon_core.shell:Creating package script '/home/marcob1129/Desktop/VSCode/RoboFlock/ros2_ws/install/rf2o_laser_odometry/share/rf2o_laser_odometry/package.zsh'
[1.372s] Level 1:colcon.colcon_core.environment:create_file_with_runtime_dependencies(/home/marcob1129/Desktop/VSCode/RoboFlock/ros2_ws/install/rf2o_laser_odometry/share/colcon-core/packages/rf2o_laser_odometry)
[1.385s] DEBUG:colcon.colcon_parallel_executor.executor.parallel:closing loop
[1.385s] DEBUG:colcon.colcon_parallel_executor.executor.parallel:loop closed
[1.386s] DEBUG:colcon.colcon_parallel_executor.executor.parallel:run_until_complete finished with '0'
[1.386s] DEBUG:colcon.colcon_core.event_reactor:joining thread
[1.400s] INFO:colcon.colcon_core.plugin_system:Skipping extension 'colcon_notification.desktop_notification.terminal_notifier': Not used on non-Darwin systems
[1.400s] INFO:colcon.colcon_core.plugin_system:Skipping extension 'colcon_notification.desktop_notification.win32': Not used on non-Windows systems
[1.401s] INFO:colcon.colcon_notification.desktop_notification:Sending desktop notification using 'notify2'
[1.448s] DEBUG:colcon.colcon_core.event_reactor:joined thread
[1.449s] INFO:colcon.colcon_core.shell:Creating prefix script '/home/marcob1129/Desktop/VSCode/RoboFlock/ros2_ws/install/local_setup.ps1'
[1.452s] INFO:colcon.colcon_core.shell:Creating prefix util module '/home/marcob1129/Desktop/VSCode/RoboFlock/ros2_ws/install/_local_setup_util_ps1.py'
[1.457s] INFO:colcon.colcon_core.shell:Creating prefix chain script '/home/marcob1129/Desktop/VSCode/RoboFlock/ros2_ws/install/setup.ps1'
[1.459s] INFO:colcon.colcon_core.shell:Creating prefix script '/home/marcob1129/Desktop/VSCode/RoboFlock/ros2_ws/install/local_setup.sh'
[1.461s] INFO:colcon.colcon_core.shell:Creating prefix util module '/home/marcob1129/Desktop/VSCode/RoboFlock/ros2_ws/install/_local_setup_util_sh.py'
[1.462s] INFO:colcon.colcon_core.shell:Creating prefix chain script '/home/marcob1129/Desktop/VSCode/RoboFlock/ros2_ws/install/setup.sh'
[1.468s] INFO:colcon.colcon_core.shell:Creating prefix script '/home/marcob1129/Desktop/VSCode/RoboFlock/ros2_ws/install/local_setup.bash'
[1.471s] INFO:colcon.colcon_core.shell:Creating prefix chain script '/home/marcob1129/Desktop/VSCode/RoboFlock/ros2_ws/install/setup.bash'
[1.474s] INFO:colcon.colcon_core.shell:Creating prefix script '/home/marcob1129/Desktop/VSCode/RoboFlock/ros2_ws/install/local_setup.zsh'
[1.475s] INFO:colcon.colcon_core.shell:Creating prefix chain script '/home/marcob1129/Desktop/VSCode/RoboFlock/ros2_ws/install/setup.zsh'
