[1.775s] DEBUG:colcon:Command line arguments: ['/usr/bin/colcon', 'build']
[1.815s] DEBUG:colcon:Parsed command line arguments: Namespace(log_base=None, log_level=None, verb_name='build', build_base='build', install_base='install', merge_install=False, symlink_install=False, test_result_base=None, continue_on_error=False, executor='parallel', parallel_workers=4, event_handlers=None, ignore_user_meta=False, metas=['./colcon.meta'], base_paths=['.'], packages_ignore=None, packages_ignore_regex=None, paths=None, packages_up_to=None, packages_up_to_regex=None, packages_above=None, packages_above_and_dependencies=None, packages_above_depth=None, packages_select_by_dep=None, packages_skip_by_dep=None, packages_skip_up_to=None, packages_select_build_failed=False, packages_skip_build_finished=False, packages_select_test_failures=False, packages_skip_test_passed=False, packages_select=None, packages_skip=None, packages_select_regex=None, packages_skip_regex=None, packages_start=None, packages_end=None, allow_overriding=[], cmake_args=None, cmake_target=None, cmake_target_skip_unavailable=False, cmake_clean_cache=False, cmake_clean_first=False, cmake_force_configure=False, ament_cmake_args=None, catkin_cmake_args=None, catkin_skip_building_tests=False, mixin_files=None, mixin=None, verb_parser=<colcon_mixin.mixin.mixin_argument.MixinArgumentDecorator object at 0x7b353ead6530>, verb_extension=<colcon_core.verb.build.BuildVerb object at 0x7b353ead6050>, main=<bound method BuildVerb.main of <colcon_core.verb.build.BuildVerb object at 0x7b353ead6050>>, mixin_verb=('build',))
[4.079s] Level 1:colcon.colcon_core.package_discovery:discover_packages(colcon_meta) check parameters
[4.080s] Level 1:colcon.colcon_core.package_discovery:discover_packages(recursive) check parameters
[4.080s] Level 1:colcon.colcon_core.package_discovery:discover_packages(ignore) check parameters
[4.081s] Level 1:colcon.colcon_core.package_discovery:discover_packages(path) check parameters
[4.081s] Level 1:colcon.colcon_core.package_discovery:discover_packages(colcon_meta) discover
[4.081s] Level 1:colcon.colcon_core.package_discovery:discover_packages(recursive) discover
[4.081s] INFO:colcon.colcon_core.package_discovery:Crawling recursively for packages in '/home/marcob1129/Desktop/VSCode/RoboFlock/ros2_ws'
[4.081s] Level 1:colcon.colcon_core.package_identification:_identify(.) by extensions ['ignore', 'ignore_ament_install']
[4.082s] Level 1:colcon.colcon_core.package_identification:_identify(.) by extension 'ignore'
[4.082s] Level 1:colcon.colcon_core.package_identification:_identify(.) by extension 'ignore_ament_install'
[4.082s] Level 1:colcon.colcon_core.package_identification:_identify(.) by extensions ['colcon_pkg']
[4.082s] Level 1:colcon.colcon_core.package_identification:_identify(.) by extension 'colcon_pkg'
[4.082s] Level 1:colcon.colcon_core.package_identification:_identify(.) by extensions ['colcon_meta']
[4.082s] Level 1:colcon.colcon_core.package_identification:_identify(.) by extension 'colcon_meta'
[4.082s] Level 1:colcon.colcon_core.package_identification:_identify(.) by extensions ['ros']
[4.082s] Level 1:colcon.colcon_core.package_identification:_identify(.) by extension 'ros'
[4.110s] Level 1:colcon.colcon_core.package_identification:_identify(.) by extensions ['cmake', 'python']
[4.110s] Level 1:colcon.colcon_core.package_identification:_identify(.) by extension 'cmake'
[4.111s] Level 1:colcon.colcon_core.package_identification:_identify(.) by extension 'python'
[4.111s] Level 1:colcon.colcon_core.package_identification:_identify(.) by extensions ['python_setup_py']
[4.111s] Level 1:colcon.colcon_core.package_identification:_identify(.) by extension 'python_setup_py'
[4.112s] Level 1:colcon.colcon_core.package_identification:_identify(build) by extensions ['ignore', 'ignore_ament_install']
[4.112s] Level 1:colcon.colcon_core.package_identification:_identify(build) by extension 'ignore'
[4.112s] Level 1:colcon.colcon_core.package_identification:_identify(build) ignored
[4.113s] Level 1:colcon.colcon_core.package_identification:_identify(install) by extensions ['ignore', 'ignore_ament_install']
[4.114s] Level 1:colcon.colcon_core.package_identification:_identify(install) by extension 'ignore'
[4.114s] Level 1:colcon.colcon_core.package_identification:_identify(install) ignored
[4.114s] Level 1:colcon.colcon_core.package_identification:_identify(log) by extensions ['ignore', 'ignore_ament_install']
[4.115s] Level 1:colcon.colcon_core.package_identification:_identify(log) by extension 'ignore'
[4.115s] Level 1:colcon.colcon_core.package_identification:_identify(log) ignored
[4.115s] Level 1:colcon.colcon_core.package_identification:_identify(src) by extensions ['ignore', 'ignore_ament_install']
[4.115s] Level 1:colcon.colcon_core.package_identification:_identify(src) by extension 'ignore'
[4.116s] Level 1:colcon.colcon_core.package_identification:_identify(src) by extension 'ignore_ament_install'
[4.116s] Level 1:colcon.colcon_core.package_identification:_identify(src) by extensions ['colcon_pkg']
[4.116s] Level 1:colcon.colcon_core.package_identification:_identify(src) by extension 'colcon_pkg'
[4.116s] Level 1:colcon.colcon_core.package_identification:_identify(src) by extensions ['colcon_meta']
[4.116s] Level 1:colcon.colcon_core.package_identification:_identify(src) by extension 'colcon_meta'
[4.116s] Level 1:colcon.colcon_core.package_identification:_identify(src) by extensions ['ros']
[4.116s] Level 1:colcon.colcon_core.package_identification:_identify(src) by extension 'ros'
[4.117s] Level 1:colcon.colcon_core.package_identification:_identify(src) by extensions ['cmake', 'python']
[4.117s] Level 1:colcon.colcon_core.package_identification:_identify(src) by extension 'cmake'
[4.117s] Level 1:colcon.colcon_core.package_identification:_identify(src) by extension 'python'
[4.117s] Level 1:colcon.colcon_core.package_identification:_identify(src) by extensions ['python_setup_py']
[4.117s] Level 1:colcon.colcon_core.package_identification:_identify(src) by extension 'python_setup_py'
[4.118s] Level 1:colcon.colcon_core.package_identification:_identify(src/rf2o_laser_odometry) by extensions ['ignore', 'ignore_ament_install']
[4.118s] Level 1:colcon.colcon_core.package_identification:_identify(src/rf2o_laser_odometry) by extension 'ignore'
[4.118s] Level 1:colcon.colcon_core.package_identification:_identify(src/rf2o_laser_odometry) by extension 'ignore_ament_install'
[4.118s] Level 1:colcon.colcon_core.package_identification:_identify(src/rf2o_laser_odometry) by extensions ['colcon_pkg']
[4.118s] Level 1:colcon.colcon_core.package_identification:_identify(src/rf2o_laser_odometry) by extension 'colcon_pkg'
[4.118s] Level 1:colcon.colcon_core.package_identification:_identify(src/rf2o_laser_odometry) by extensions ['colcon_meta']
[4.118s] Level 1:colcon.colcon_core.package_identification:_identify(src/rf2o_laser_odometry) by extension 'colcon_meta'
[4.118s] Level 1:colcon.colcon_core.package_identification:_identify(src/rf2o_laser_odometry) by extensions ['ros']
[4.119s] Level 1:colcon.colcon_core.package_identification:_identify(src/rf2o_laser_odometry) by extension 'ros'
[4.126s] DEBUG:colcon.colcon_core.package_identification:Package 'src/rf2o_laser_odometry' with type 'ros.ament_cmake' and name 'rf2o_laser_odometry'
[4.127s] Level 1:colcon.colcon_core.package_identification:_identify(src/roboflock_localization) by extensions ['ignore', 'ignore_ament_install']
[4.128s] Level 1:colcon.colcon_core.package_identification:_identify(src/roboflock_localization) by extension 'ignore'
[4.128s] Level 1:colcon.colcon_core.package_identification:_identify(src/roboflock_localization) by extension 'ignore_ament_install'
[4.129s] Level 1:colcon.colcon_core.package_identification:_identify(src/roboflock_localization) by extensions ['colcon_pkg']
[4.129s] Level 1:colcon.colcon_core.package_identification:_identify(src/roboflock_localization) by extension 'colcon_pkg'
[4.129s] Level 1:colcon.colcon_core.package_identification:_identify(src/roboflock_localization) by extensions ['colcon_meta']
[4.129s] Level 1:colcon.colcon_core.package_identification:_identify(src/roboflock_localization) by extension 'colcon_meta'
[4.129s] Level 1:colcon.colcon_core.package_identification:_identify(src/roboflock_localization) by extensions ['ros']
[4.129s] Level 1:colcon.colcon_core.package_identification:_identify(src/roboflock_localization) by extension 'ros'
[4.131s] DEBUG:colcon.colcon_core.package_identification:Package 'src/roboflock_localization' with type 'ros.ament_cmake' and name 'roboflock_localization'
[4.132s] Level 1:colcon.colcon_core.package_identification:_identify(src/ros2_mpu9250_driver) by extensions ['ignore', 'ignore_ament_install']
[4.133s] Level 1:colcon.colcon_core.package_identification:_identify(src/ros2_mpu9250_driver) by extension 'ignore'
[4.133s] Level 1:colcon.colcon_core.package_identification:_identify(src/ros2_mpu9250_driver) by extension 'ignore_ament_install'
[4.133s] Level 1:colcon.colcon_core.package_identification:_identify(src/ros2_mpu9250_driver) by extensions ['colcon_pkg']
[4.133s] Level 1:colcon.colcon_core.package_identification:_identify(src/ros2_mpu9250_driver) by extension 'colcon_pkg'
[4.133s] Level 1:colcon.colcon_core.package_identification:_identify(src/ros2_mpu9250_driver) by extensions ['colcon_meta']
[4.136s] Level 1:colcon.colcon_core.package_identification:_identify(src/ros2_mpu9250_driver) by extension 'colcon_meta'
[4.137s] Level 1:colcon.colcon_core.package_identification:_identify(src/ros2_mpu9250_driver) by extensions ['ros']
[4.137s] Level 1:colcon.colcon_core.package_identification:_identify(src/ros2_mpu9250_driver) by extension 'ros'
[4.139s] DEBUG:colcon.colcon_core.package_identification:Package 'src/ros2_mpu9250_driver' with type 'ros.ament_cmake' and name 'mpu9250driver'
[4.140s] Level 1:colcon.colcon_core.package_identification:_identify(src/rplidar_ros) by extensions ['ignore', 'ignore_ament_install']
[4.140s] Level 1:colcon.colcon_core.package_identification:_identify(src/rplidar_ros) by extension 'ignore'
[4.141s] Level 1:colcon.colcon_core.package_identification:_identify(src/rplidar_ros) by extension 'ignore_ament_install'
[4.141s] Level 1:colcon.colcon_core.package_identification:_identify(src/rplidar_ros) by extensions ['colcon_pkg']
[4.141s] Level 1:colcon.colcon_core.package_identification:_identify(src/rplidar_ros) by extension 'colcon_pkg'
[4.141s] Level 1:colcon.colcon_core.package_identification:_identify(src/rplidar_ros) by extensions ['colcon_meta']
[4.142s] Level 1:colcon.colcon_core.package_identification:_identify(src/rplidar_ros) by extension 'colcon_meta'
[4.142s] Level 1:colcon.colcon_core.package_identification:_identify(src/rplidar_ros) by extensions ['ros']
[4.142s] Level 1:colcon.colcon_core.package_identification:_identify(src/rplidar_ros) by extension 'ros'
[4.144s] DEBUG:colcon.colcon_core.package_identification:Package 'src/rplidar_ros' with type 'ros.ament_cmake' and name 'rplidar_ros'
[4.145s] Level 1:colcon.colcon_core.package_discovery:discover_packages(recursive) using defaults
[4.145s] Level 1:colcon.colcon_core.package_discovery:discover_packages(ignore) discover
[4.145s] Level 1:colcon.colcon_core.package_discovery:discover_packages(ignore) using defaults
[4.145s] Level 1:colcon.colcon_core.package_discovery:discover_packages(path) discover
[4.146s] Level 1:colcon.colcon_core.package_discovery:discover_packages(path) using defaults
[4.248s] Level 1:colcon.colcon_core.package_discovery:discover_packages(prefix_path) check parameters
[4.248s] Level 1:colcon.colcon_core.package_discovery:discover_packages(prefix_path) discover
[4.253s] WARNING:colcon.colcon_ros.prefix_path.ament:The path '/home/marcob1129/Desktop/VSCode/cse453/cse453_test/ros2_ws/install/gps_processor' in the environment variable AMENT_PREFIX_PATH doesn't exist
[4.253s] WARNING:colcon.colcon_ros.prefix_path.catkin:The path '/home/marcob1129/Desktop/VSCode/cse453/cse453_test/ros2_ws/install/gps_processor' in the environment variable CMAKE_PREFIX_PATH doesn't exist
[4.289s] DEBUG:colcon.colcon_installed_package_information.package_discovery:Found 4 installed packages in /home/marcob1129/Desktop/VSCode/RoboFlock/ros2_ws/install
[4.337s] DEBUG:colcon.colcon_installed_package_information.package_discovery:Found 1 installed packages in /home/marcob1129/Desktop/VSCode/cse453/cse453_test/ros2_ws/install
[4.364s] DEBUG:colcon.colcon_installed_package_information.package_discovery:Found 279 installed packages in /opt/ros/humble
[4.389s] Level 1:colcon.colcon_core.package_discovery:discover_packages(prefix_path) using defaults
[4.603s] Level 5:colcon.colcon_core.verb:set package 'mpu9250driver' build argument 'cmake_args' from command line to 'None'
[4.604s] Level 5:colcon.colcon_core.verb:set package 'mpu9250driver' build argument 'cmake_target' from command line to 'None'
[4.604s] Level 5:colcon.colcon_core.verb:set package 'mpu9250driver' build argument 'cmake_target_skip_unavailable' from command line to 'False'
[4.604s] Level 5:colcon.colcon_core.verb:set package 'mpu9250driver' build argument 'cmake_clean_cache' from command line to 'False'
[4.604s] Level 5:colcon.colcon_core.verb:set package 'mpu9250driver' build argument 'cmake_clean_first' from command line to 'False'
[4.604s] Level 5:colcon.colcon_core.verb:set package 'mpu9250driver' build argument 'cmake_force_configure' from command line to 'False'
[4.604s] Level 5:colcon.colcon_core.verb:set package 'mpu9250driver' build argument 'ament_cmake_args' from command line to 'None'
[4.604s] Level 5:colcon.colcon_core.verb:set package 'mpu9250driver' build argument 'catkin_cmake_args' from command line to 'None'
[4.604s] Level 5:colcon.colcon_core.verb:set package 'mpu9250driver' build argument 'catkin_skip_building_tests' from command line to 'False'
[4.604s] DEBUG:colcon.colcon_core.verb:Building package 'mpu9250driver' with the following arguments: {'ament_cmake_args': None, 'build_base': '/home/marcob1129/Desktop/VSCode/RoboFlock/ros2_ws/build/mpu9250driver', 'catkin_cmake_args': None, 'catkin_skip_building_tests': False, 'cmake_args': None, 'cmake_clean_cache': False, 'cmake_clean_first': False, 'cmake_force_configure': False, 'cmake_target': None, 'cmake_target_skip_unavailable': False, 'install_base': '/home/marcob1129/Desktop/VSCode/RoboFlock/ros2_ws/install/mpu9250driver', 'merge_install': False, 'path': '/home/marcob1129/Desktop/VSCode/RoboFlock/ros2_ws/src/ros2_mpu9250_driver', 'symlink_install': False, 'test_result_base': None}
[4.606s] Level 5:colcon.colcon_core.verb:set package 'rf2o_laser_odometry' build argument 'cmake_args' from command line to 'None'
[4.606s] Level 5:colcon.colcon_core.verb:set package 'rf2o_laser_odometry' build argument 'cmake_target' from command line to 'None'
[4.606s] Level 5:colcon.colcon_core.verb:set package 'rf2o_laser_odometry' build argument 'cmake_target_skip_unavailable' from command line to 'False'
[4.606s] Level 5:colcon.colcon_core.verb:set package 'rf2o_laser_odometry' build argument 'cmake_clean_cache' from command line to 'False'
[4.606s] Level 5:colcon.colcon_core.verb:set package 'rf2o_laser_odometry' build argument 'cmake_clean_first' from command line to 'False'
[4.606s] Level 5:colcon.colcon_core.verb:set package 'rf2o_laser_odometry' build argument 'cmake_force_configure' from command line to 'False'
[4.607s] Level 5:colcon.colcon_core.verb:set package 'rf2o_laser_odometry' build argument 'ament_cmake_args' from command line to 'None'
[4.607s] Level 5:colcon.colcon_core.verb:set package 'rf2o_laser_odometry' build argument 'catkin_cmake_args' from command line to 'None'
[4.607s] Level 5:colcon.colcon_core.verb:set package 'rf2o_laser_odometry' build argument 'catkin_skip_building_tests' from command line to 'False'
[4.607s] DEBUG:colcon.colcon_core.verb:Building package 'rf2o_laser_odometry' with the following arguments: {'ament_cmake_args': None, 'build_base': '/home/marcob1129/Desktop/VSCode/RoboFlock/ros2_ws/build/rf2o_laser_odometry', 'catkin_cmake_args': None, 'catkin_skip_building_tests': False, 'cmake_args': None, 'cmake_clean_cache': False, 'cmake_clean_first': False, 'cmake_force_configure': False, 'cmake_target': None, 'cmake_target_skip_unavailable': False, 'install_base': '/home/marcob1129/Desktop/VSCode/RoboFlock/ros2_ws/install/rf2o_laser_odometry', 'merge_install': False, 'path': '/home/marcob1129/Desktop/VSCode/RoboFlock/ros2_ws/src/rf2o_laser_odometry', 'symlink_install': False, 'test_result_base': None}
[4.609s] Level 5:colcon.colcon_core.verb:set package 'roboflock_localization' build argument 'cmake_args' from command line to 'None'
[4.609s] Level 5:colcon.colcon_core.verb:set package 'roboflock_localization' build argument 'cmake_target' from command line to 'None'
[4.609s] Level 5:colcon.colcon_core.verb:set package 'roboflock_localization' build argument 'cmake_target_skip_unavailable' from command line to 'False'
[4.610s] Level 5:colcon.colcon_core.verb:set package 'roboflock_localization' build argument 'cmake_clean_cache' from command line to 'False'
[4.610s] Level 5:colcon.colcon_core.verb:set package 'roboflock_localization' build argument 'cmake_clean_first' from command line to 'False'
[4.610s] Level 5:colcon.colcon_core.verb:set package 'roboflock_localization' build argument 'cmake_force_configure' from command line to 'False'
[4.610s] Level 5:colcon.colcon_core.verb:set package 'roboflock_localization' build argument 'ament_cmake_args' from command line to 'None'
[4.610s] Level 5:colcon.colcon_core.verb:set package 'roboflock_localization' build argument 'catkin_cmake_args' from command line to 'None'
[4.610s] Level 5:colcon.colcon_core.verb:set package 'roboflock_localization' build argument 'catkin_skip_building_tests' from command line to 'False'
[4.610s] DEBUG:colcon.colcon_core.verb:Building package 'roboflock_localization' with the following arguments: {'ament_cmake_args': None, 'build_base': '/home/marcob1129/Desktop/VSCode/RoboFlock/ros2_ws/build/roboflock_localization', 'catkin_cmake_args': None, 'catkin_skip_building_tests': False, 'cmake_args': None, 'cmake_clean_cache': False, 'cmake_clean_first': False, 'cmake_force_configure': False, 'cmake_target': None, 'cmake_target_skip_unavailable': False, 'install_base': '/home/marcob1129/Desktop/VSCode/RoboFlock/ros2_ws/install/roboflock_localization', 'merge_install': False, 'path': '/home/marcob1129/Desktop/VSCode/RoboFlock/ros2_ws/src/roboflock_localization', 'symlink_install': False, 'test_result_base': None}
[4.616s] Level 5:colcon.colcon_core.verb:set package 'rplidar_ros' build argument 'cmake_args' from command line to 'None'
[4.616s] Level 5:colcon.colcon_core.verb:set package 'rplidar_ros' build argument 'cmake_target' from command line to 'None'
[4.616s] Level 5:colcon.colcon_core.verb:set package 'rplidar_ros' build argument 'cmake_target_skip_unavailable' from command line to 'False'
[4.616s] Level 5:colcon.colcon_core.verb:set package 'rplidar_ros' build argument 'cmake_clean_cache' from command line to 'False'
[4.620s] Level 5:colcon.colcon_core.verb:set package 'rplidar_ros' build argument 'cmake_clean_first' from command line to 'False'
[4.628s] Level 5:colcon.colcon_core.verb:set package 'rplidar_ros' build argument 'cmake_force_configure' from command line to 'False'
[4.628s] Level 5:colcon.colcon_core.verb:set package 'rplidar_ros' build argument 'ament_cmake_args' from command line to 'None'
[4.628s] Level 5:colcon.colcon_core.verb:set package 'rplidar_ros' build argument 'catkin_cmake_args' from command line to 'None'
[4.628s] Level 5:colcon.colcon_core.verb:set package 'rplidar_ros' build argument 'catkin_skip_building_tests' from command line to 'False'
[4.629s] DEBUG:colcon.colcon_core.verb:Building package 'rplidar_ros' with the following arguments: {'ament_cmake_args': None, 'build_base': '/home/marcob1129/Desktop/VSCode/RoboFlock/ros2_ws/build/rplidar_ros', 'catkin_cmake_args': None, 'catkin_skip_building_tests': False, 'cmake_args': None, 'cmake_clean_cache': False, 'cmake_clean_first': False, 'cmake_force_configure': False, 'cmake_target': None, 'cmake_target_skip_unavailable': False, 'install_base': '/home/marcob1129/Desktop/VSCode/RoboFlock/ros2_ws/install/rplidar_ros', 'merge_install': False, 'path': '/home/marcob1129/Desktop/VSCode/RoboFlock/ros2_ws/src/rplidar_ros', 'symlink_install': False, 'test_result_base': None}
[4.636s] INFO:colcon.colcon_core.executor:Executing jobs using 'parallel' executor
[4.645s] DEBUG:colcon.colcon_parallel_executor.executor.parallel:run_until_complete
[4.659s] INFO:colcon.colcon_ros.task.ament_cmake.build:Building ROS package in '/home/marcob1129/Desktop/VSCode/RoboFlock/ros2_ws/src/ros2_mpu9250_driver' with build type 'ament_cmake'
[4.677s] INFO:colcon.colcon_cmake.task.cmake.build:Building CMake package in '/home/marcob1129/Desktop/VSCode/RoboFlock/ros2_ws/src/ros2_mpu9250_driver'
[4.694s] INFO:colcon.colcon_core.plugin_system:Skipping extension 'colcon_core.shell.bat': Not used on non-Windows systems
[4.697s] INFO:colcon.colcon_core.shell:Skip shell extension 'powershell' for command environment: Not usable outside of PowerShell
[4.698s] DEBUG:colcon.colcon_core.shell:Skip shell extension 'dsv' for command environment
[4.719s] INFO:colcon.colcon_ros.task.ament_cmake.build:Building ROS package in '/home/marcob1129/Desktop/VSCode/RoboFlock/ros2_ws/src/rf2o_laser_odometry' with build type 'ament_cmake'
[4.720s] INFO:colcon.colcon_cmake.task.cmake.build:Building CMake package in '/home/marcob1129/Desktop/VSCode/RoboFlock/ros2_ws/src/rf2o_laser_odometry'
[4.721s] INFO:colcon.colcon_core.shell:Skip shell extension 'powershell' for command environment: Not usable outside of PowerShell
[4.727s] DEBUG:colcon.colcon_core.shell:Skip shell extension 'dsv' for command environment
[4.791s] INFO:colcon.colcon_ros.task.ament_cmake.build:Building ROS package in '/home/marcob1129/Desktop/VSCode/RoboFlock/ros2_ws/src/roboflock_localization' with build type 'ament_cmake'
[4.795s] INFO:colcon.colcon_cmake.task.cmake.build:Building CMake package in '/home/marcob1129/Desktop/VSCode/RoboFlock/ros2_ws/src/roboflock_localization'
[4.799s] INFO:colcon.colcon_core.shell:Skip shell extension 'powershell' for command environment: Not usable outside of PowerShell
[4.799s] DEBUG:colcon.colcon_core.shell:Skip shell extension 'dsv' for command environment
[4.952s] INFO:colcon.colcon_ros.task.ament_cmake.build:Building ROS package in '/home/marcob1129/Desktop/VSCode/RoboFlock/ros2_ws/src/rplidar_ros' with build type 'ament_cmake'
[4.962s] INFO:colcon.colcon_cmake.task.cmake.build:Building CMake package in '/home/marcob1129/Desktop/VSCode/RoboFlock/ros2_ws/src/rplidar_ros'
[4.991s] INFO:colcon.colcon_core.shell:Skip shell extension 'powershell' for command environment: Not usable outside of PowerShell
[4.992s] DEBUG:colcon.colcon_core.shell:Skip shell extension 'dsv' for command environment
[5.221s] DEBUG:colcon.colcon_core.event_handler.log_command:Invoking command in '/home/marcob1129/Desktop/VSCode/RoboFlock/ros2_ws/build/mpu9250driver': CMAKE_PREFIX_PATH=${CMAKE_PREFIX_PATH}:/opt/ros/humble /usr/bin/cmake --build /home/marcob1129/Desktop/VSCode/RoboFlock/ros2_ws/build/mpu9250driver -- -j4 -l4
[5.365s] DEBUG:colcon.colcon_core.event_handler.log_command:Invoking command in '/home/marcob1129/Desktop/VSCode/RoboFlock/ros2_ws/build/rf2o_laser_odometry': CMAKE_PREFIX_PATH=${CMAKE_PREFIX_PATH}:/opt/ros/humble /usr/bin/cmake --build /home/marcob1129/Desktop/VSCode/RoboFlock/ros2_ws/build/rf2o_laser_odometry -- -j4 -l4
[5.425s] DEBUG:colcon.colcon_core.event_handler.log_command:Invoking command in '/home/marcob1129/Desktop/VSCode/RoboFlock/ros2_ws/build/roboflock_localization': CMAKE_PREFIX_PATH=${CMAKE_PREFIX_PATH}:/opt/ros/humble /usr/bin/cmake --build /home/marcob1129/Desktop/VSCode/RoboFlock/ros2_ws/build/roboflock_localization -- -j4 -l4
[5.491s] DEBUG:colcon.colcon_core.event_handler.log_command:Invoking command in '/home/marcob1129/Desktop/VSCode/RoboFlock/ros2_ws/build/rplidar_ros': CMAKE_PREFIX_PATH=${CMAKE_PREFIX_PATH}:/opt/ros/humble /usr/bin/cmake --build /home/marcob1129/Desktop/VSCode/RoboFlock/ros2_ws/build/rplidar_ros -- -j4 -l4
[6.088s] DEBUG:colcon.colcon_core.event_handler.log_command:Invoked command in '/home/marcob1129/Desktop/VSCode/RoboFlock/ros2_ws/build/roboflock_localization' returned '0': CMAKE_PREFIX_PATH=${CMAKE_PREFIX_PATH}:/opt/ros/humble /usr/bin/cmake --build /home/marcob1129/Desktop/VSCode/RoboFlock/ros2_ws/build/roboflock_localization -- -j4 -l4
[6.197s] DEBUG:colcon.colcon_core.event_handler.log_command:Invoking command in '/home/marcob1129/Desktop/VSCode/RoboFlock/ros2_ws/build/roboflock_localization': CMAKE_PREFIX_PATH=${CMAKE_PREFIX_PATH}:/opt/ros/humble /usr/bin/cmake --install /home/marcob1129/Desktop/VSCode/RoboFlock/ros2_ws/build/roboflock_localization
[6.229s] Level 1:colcon.colcon_core.environment:create_environment_scripts_only(roboflock_localization)
[6.234s] Level 1:colcon.colcon_core.environment:checking '/home/marcob1129/Desktop/VSCode/RoboFlock/ros2_ws/install/roboflock_localization' for CMake module files
[6.234s] Level 1:colcon.colcon_core.environment:checking '/home/marcob1129/Desktop/VSCode/RoboFlock/ros2_ws/install/roboflock_localization' for CMake config files
[6.235s] Level 1:colcon.colcon_core.shell:create_environment_hook('roboflock_localization', 'cmake_prefix_path')
[6.235s] INFO:colcon.colcon_core.shell:Creating environment hook '/home/marcob1129/Desktop/VSCode/RoboFlock/ros2_ws/install/roboflock_localization/share/roboflock_localization/hook/cmake_prefix_path.ps1'
[6.236s] INFO:colcon.colcon_core.shell:Creating environment descriptor '/home/marcob1129/Desktop/VSCode/RoboFlock/ros2_ws/install/roboflock_localization/share/roboflock_localization/hook/cmake_prefix_path.dsv'
[6.254s] INFO:colcon.colcon_core.shell:Creating environment hook '/home/marcob1129/Desktop/VSCode/RoboFlock/ros2_ws/install/roboflock_localization/share/roboflock_localization/hook/cmake_prefix_path.sh'
[6.272s] Level 1:colcon.colcon_core.environment:checking '/home/marcob1129/Desktop/VSCode/RoboFlock/ros2_ws/install/roboflock_localization/bin'
[6.272s] Level 1:colcon.colcon_core.environment:checking '/home/marcob1129/Desktop/VSCode/RoboFlock/ros2_ws/install/roboflock_localization/lib/pkgconfig/roboflock_localization.pc'
[6.273s] Level 1:colcon.colcon_core.environment:checking '/home/marcob1129/Desktop/VSCode/RoboFlock/ros2_ws/install/roboflock_localization/lib/python3.10/site-packages'
[6.277s] Level 1:colcon.colcon_core.environment:checking '/home/marcob1129/Desktop/VSCode/RoboFlock/ros2_ws/install/roboflock_localization/bin'
[6.279s] DEBUG:colcon.colcon_core.event_handler.log_command:Invoked command in '/home/marcob1129/Desktop/VSCode/RoboFlock/ros2_ws/build/roboflock_localization' returned '0': CMAKE_PREFIX_PATH=${CMAKE_PREFIX_PATH}:/opt/ros/humble /usr/bin/cmake --install /home/marcob1129/Desktop/VSCode/RoboFlock/ros2_ws/build/roboflock_localization
[6.285s] INFO:colcon.colcon_core.shell:Creating package script '/home/marcob1129/Desktop/VSCode/RoboFlock/ros2_ws/install/roboflock_localization/share/roboflock_localization/package.ps1'
[6.289s] INFO:colcon.colcon_core.shell:Creating package descriptor '/home/marcob1129/Desktop/VSCode/RoboFlock/ros2_ws/install/roboflock_localization/share/roboflock_localization/package.dsv'
[6.304s] INFO:colcon.colcon_core.shell:Creating package script '/home/marcob1129/Desktop/VSCode/RoboFlock/ros2_ws/install/roboflock_localization/share/roboflock_localization/package.sh'
[6.307s] INFO:colcon.colcon_core.shell:Creating package script '/home/marcob1129/Desktop/VSCode/RoboFlock/ros2_ws/install/roboflock_localization/share/roboflock_localization/package.bash'
[6.310s] INFO:colcon.colcon_core.shell:Creating package script '/home/marcob1129/Desktop/VSCode/RoboFlock/ros2_ws/install/roboflock_localization/share/roboflock_localization/package.zsh'
[6.312s] Level 1:colcon.colcon_core.environment:create_file_with_runtime_dependencies(/home/marcob1129/Desktop/VSCode/RoboFlock/ros2_ws/install/roboflock_localization/share/colcon-core/packages/roboflock_localization)
[6.315s] Level 1:colcon.colcon_core.environment:create_environment_scripts_only(roboflock_localization)
[6.316s] Level 1:colcon.colcon_core.environment:checking '/home/marcob1129/Desktop/VSCode/RoboFlock/ros2_ws/install/roboflock_localization' for CMake module files
[6.316s] Level 1:colcon.colcon_core.environment:checking '/home/marcob1129/Desktop/VSCode/RoboFlock/ros2_ws/install/roboflock_localization' for CMake config files
[6.317s] Level 1:colcon.colcon_core.shell:create_environment_hook('roboflock_localization', 'cmake_prefix_path')
[6.318s] INFO:colcon.colcon_core.shell:Creating environment hook '/home/marcob1129/Desktop/VSCode/RoboFlock/ros2_ws/install/roboflock_localization/share/roboflock_localization/hook/cmake_prefix_path.ps1'
[6.319s] INFO:colcon.colcon_core.shell:Creating environment descriptor '/home/marcob1129/Desktop/VSCode/RoboFlock/ros2_ws/install/roboflock_localization/share/roboflock_localization/hook/cmake_prefix_path.dsv'
[6.320s] INFO:colcon.colcon_core.shell:Creating environment hook '/home/marcob1129/Desktop/VSCode/RoboFlock/ros2_ws/install/roboflock_localization/share/roboflock_localization/hook/cmake_prefix_path.sh'
[6.321s] Level 1:colcon.colcon_core.environment:checking '/home/marcob1129/Desktop/VSCode/RoboFlock/ros2_ws/install/roboflock_localization/bin'
[6.322s] Level 1:colcon.colcon_core.environment:checking '/home/marcob1129/Desktop/VSCode/RoboFlock/ros2_ws/install/roboflock_localization/lib/pkgconfig/roboflock_localization.pc'
[6.323s] Level 1:colcon.colcon_core.environment:checking '/home/marcob1129/Desktop/VSCode/RoboFlock/ros2_ws/install/roboflock_localization/lib/python3.10/site-packages'
[6.323s] Level 1:colcon.colcon_core.environment:checking '/home/marcob1129/Desktop/VSCode/RoboFlock/ros2_ws/install/roboflock_localization/bin'
[6.324s] INFO:colcon.colcon_core.shell:Creating package script '/home/marcob1129/Desktop/VSCode/RoboFlock/ros2_ws/install/roboflock_localization/share/roboflock_localization/package.ps1'
[6.325s] INFO:colcon.colcon_core.shell:Creating package descriptor '/home/marcob1129/Desktop/VSCode/RoboFlock/ros2_ws/install/roboflock_localization/share/roboflock_localization/package.dsv'
[6.326s] INFO:colcon.colcon_core.shell:Creating package script '/home/marcob1129/Desktop/VSCode/RoboFlock/ros2_ws/install/roboflock_localization/share/roboflock_localization/package.sh'
[6.327s] INFO:colcon.colcon_core.shell:Creating package script '/home/marcob1129/Desktop/VSCode/RoboFlock/ros2_ws/install/roboflock_localization/share/roboflock_localization/package.bash'
[6.329s] INFO:colcon.colcon_core.shell:Creating package script '/home/marcob1129/Desktop/VSCode/RoboFlock/ros2_ws/install/roboflock_localization/share/roboflock_localization/package.zsh'
[6.330s] Level 1:colcon.colcon_core.environment:create_file_with_runtime_dependencies(/home/marcob1129/Desktop/VSCode/RoboFlock/ros2_ws/install/roboflock_localization/share/colcon-core/packages/roboflock_localization)
[6.370s] DEBUG:colcon.colcon_core.event_handler.log_command:Invoked command in '/home/marcob1129/Desktop/VSCode/RoboFlock/ros2_ws/build/rf2o_laser_odometry' returned '0': CMAKE_PREFIX_PATH=${CMAKE_PREFIX_PATH}:/opt/ros/humble /usr/bin/cmake --build /home/marcob1129/Desktop/VSCode/RoboFlock/ros2_ws/build/rf2o_laser_odometry -- -j4 -l4
[6.371s] DEBUG:colcon.colcon_core.event_handler.log_command:Invoking command in '/home/marcob1129/Desktop/VSCode/RoboFlock/ros2_ws/build/rf2o_laser_odometry': CMAKE_PREFIX_PATH=${CMAKE_PREFIX_PATH}:/opt/ros/humble /usr/bin/cmake --install /home/marcob1129/Desktop/VSCode/RoboFlock/ros2_ws/build/rf2o_laser_odometry
[6.383s] Level 1:colcon.colcon_core.environment:create_environment_scripts_only(rf2o_laser_odometry)
[6.384s] Level 1:colcon.colcon_core.environment:checking '/home/marcob1129/Desktop/VSCode/RoboFlock/ros2_ws/install/rf2o_laser_odometry' for CMake module files
[6.385s] Level 1:colcon.colcon_core.environment:checking '/home/marcob1129/Desktop/VSCode/RoboFlock/ros2_ws/install/rf2o_laser_odometry' for CMake config files
[6.386s] Level 1:colcon.colcon_core.shell:create_environment_hook('rf2o_laser_odometry', 'cmake_prefix_path')
[6.386s] INFO:colcon.colcon_core.shell:Creating environment hook '/home/marcob1129/Desktop/VSCode/RoboFlock/ros2_ws/install/rf2o_laser_odometry/share/rf2o_laser_odometry/hook/cmake_prefix_path.ps1'
[6.387s] INFO:colcon.colcon_core.shell:Creating environment descriptor '/home/marcob1129/Desktop/VSCode/RoboFlock/ros2_ws/install/rf2o_laser_odometry/share/rf2o_laser_odometry/hook/cmake_prefix_path.dsv'
[6.388s] INFO:colcon.colcon_core.shell:Creating environment hook '/home/marcob1129/Desktop/VSCode/RoboFlock/ros2_ws/install/rf2o_laser_odometry/share/rf2o_laser_odometry/hook/cmake_prefix_path.sh'
[6.396s] Level 1:colcon.colcon_core.environment:checking '/home/marcob1129/Desktop/VSCode/RoboFlock/ros2_ws/install/rf2o_laser_odometry/lib'
[6.396s] Level 1:colcon.colcon_core.environment:checking '/home/marcob1129/Desktop/VSCode/RoboFlock/ros2_ws/install/rf2o_laser_odometry/bin'
[6.396s] Level 1:colcon.colcon_core.environment:checking '/home/marcob1129/Desktop/VSCode/RoboFlock/ros2_ws/install/rf2o_laser_odometry/lib/pkgconfig/rf2o_laser_odometry.pc'
[6.397s] Level 1:colcon.colcon_core.environment:checking '/home/marcob1129/Desktop/VSCode/RoboFlock/ros2_ws/install/rf2o_laser_odometry/lib/python3.10/site-packages'
[6.398s] Level 1:colcon.colcon_core.environment:checking '/home/marcob1129/Desktop/VSCode/RoboFlock/ros2_ws/install/rf2o_laser_odometry/bin'
[6.398s] INFO:colcon.colcon_core.shell:Creating package script '/home/marcob1129/Desktop/VSCode/RoboFlock/ros2_ws/install/rf2o_laser_odometry/share/rf2o_laser_odometry/package.ps1'
[6.406s] DEBUG:colcon.colcon_core.event_handler.log_command:Invoked command in '/home/marcob1129/Desktop/VSCode/RoboFlock/ros2_ws/build/rf2o_laser_odometry' returned '0': CMAKE_PREFIX_PATH=${CMAKE_PREFIX_PATH}:/opt/ros/humble /usr/bin/cmake --install /home/marcob1129/Desktop/VSCode/RoboFlock/ros2_ws/build/rf2o_laser_odometry
[6.411s] INFO:colcon.colcon_core.shell:Creating package descriptor '/home/marcob1129/Desktop/VSCode/RoboFlock/ros2_ws/install/rf2o_laser_odometry/share/rf2o_laser_odometry/package.dsv'
[6.418s] INFO:colcon.colcon_core.shell:Creating package script '/home/marcob1129/Desktop/VSCode/RoboFlock/ros2_ws/install/rf2o_laser_odometry/share/rf2o_laser_odometry/package.sh'
[6.422s] INFO:colcon.colcon_core.shell:Creating package script '/home/marcob1129/Desktop/VSCode/RoboFlock/ros2_ws/install/rf2o_laser_odometry/share/rf2o_laser_odometry/package.bash'
[6.424s] INFO:colcon.colcon_core.shell:Creating package script '/home/marcob1129/Desktop/VSCode/RoboFlock/ros2_ws/install/rf2o_laser_odometry/share/rf2o_laser_odometry/package.zsh'
[6.432s] Level 1:colcon.colcon_core.environment:create_file_with_runtime_dependencies(/home/marcob1129/Desktop/VSCode/RoboFlock/ros2_ws/install/rf2o_laser_odometry/share/colcon-core/packages/rf2o_laser_odometry)
[6.434s] Level 1:colcon.colcon_core.environment:create_environment_scripts_only(rf2o_laser_odometry)
[6.434s] Level 1:colcon.colcon_core.environment:checking '/home/marcob1129/Desktop/VSCode/RoboFlock/ros2_ws/install/rf2o_laser_odometry' for CMake module files
[6.435s] Level 1:colcon.colcon_core.environment:checking '/home/marcob1129/Desktop/VSCode/RoboFlock/ros2_ws/install/rf2o_laser_odometry' for CMake config files
[6.435s] Level 1:colcon.colcon_core.shell:create_environment_hook('rf2o_laser_odometry', 'cmake_prefix_path')
[6.436s] INFO:colcon.colcon_core.shell:Creating environment hook '/home/marcob1129/Desktop/VSCode/RoboFlock/ros2_ws/install/rf2o_laser_odometry/share/rf2o_laser_odometry/hook/cmake_prefix_path.ps1'
[6.436s] INFO:colcon.colcon_core.shell:Creating environment descriptor '/home/marcob1129/Desktop/VSCode/RoboFlock/ros2_ws/install/rf2o_laser_odometry/share/rf2o_laser_odometry/hook/cmake_prefix_path.dsv'
[6.437s] INFO:colcon.colcon_core.shell:Creating environment hook '/home/marcob1129/Desktop/VSCode/RoboFlock/ros2_ws/install/rf2o_laser_odometry/share/rf2o_laser_odometry/hook/cmake_prefix_path.sh'
[6.439s] Level 1:colcon.colcon_core.environment:checking '/home/marcob1129/Desktop/VSCode/RoboFlock/ros2_ws/install/rf2o_laser_odometry/lib'
[6.439s] Level 1:colcon.colcon_core.environment:checking '/home/marcob1129/Desktop/VSCode/RoboFlock/ros2_ws/install/rf2o_laser_odometry/bin'
[6.439s] Level 1:colcon.colcon_core.environment:checking '/home/marcob1129/Desktop/VSCode/RoboFlock/ros2_ws/install/rf2o_laser_odometry/lib/pkgconfig/rf2o_laser_odometry.pc'
[6.440s] Level 1:colcon.colcon_core.environment:checking '/home/marcob1129/Desktop/VSCode/RoboFlock/ros2_ws/install/rf2o_laser_odometry/lib/python3.10/site-packages'
[6.441s] Level 1:colcon.colcon_core.environment:checking '/home/marcob1129/Desktop/VSCode/RoboFlock/ros2_ws/install/rf2o_laser_odometry/bin'
[6.451s] INFO:colcon.colcon_core.shell:Creating package script '/home/marcob1129/Desktop/VSCode/RoboFlock/ros2_ws/install/rf2o_laser_odometry/share/rf2o_laser_odometry/package.ps1'
[6.452s] INFO:colcon.colcon_core.shell:Creating package descriptor '/home/marcob1129/Desktop/VSCode/RoboFlock/ros2_ws/install/rf2o_laser_odometry/share/rf2o_laser_odometry/package.dsv'
[6.459s] INFO:colcon.colcon_core.shell:Creating package script '/home/marcob1129/Desktop/VSCode/RoboFlock/ros2_ws/install/rf2o_laser_odometry/share/rf2o_laser_odometry/package.sh'
[6.461s] INFO:colcon.colcon_core.shell:Creating package script '/home/marcob1129/Desktop/VSCode/RoboFlock/ros2_ws/install/rf2o_laser_odometry/share/rf2o_laser_odometry/package.bash'
[6.462s] INFO:colcon.colcon_core.shell:Creating package script '/home/marcob1129/Desktop/VSCode/RoboFlock/ros2_ws/install/rf2o_laser_odometry/share/rf2o_laser_odometry/package.zsh'
[6.463s] Level 1:colcon.colcon_core.environment:create_file_with_runtime_dependencies(/home/marcob1129/Desktop/VSCode/RoboFlock/ros2_ws/install/rf2o_laser_odometry/share/colcon-core/packages/rf2o_laser_odometry)
[6.503s] DEBUG:colcon.colcon_core.event_handler.log_command:Invoked command in '/home/marcob1129/Desktop/VSCode/RoboFlock/ros2_ws/build/mpu9250driver' returned '0': CMAKE_PREFIX_PATH=${CMAKE_PREFIX_PATH}:/opt/ros/humble /usr/bin/cmake --build /home/marcob1129/Desktop/VSCode/RoboFlock/ros2_ws/build/mpu9250driver -- -j4 -l4
[6.514s] DEBUG:colcon.colcon_core.event_handler.log_command:Invoking command in '/home/marcob1129/Desktop/VSCode/RoboFlock/ros2_ws/build/mpu9250driver': CMAKE_PREFIX_PATH=${CMAKE_PREFIX_PATH}:/opt/ros/humble /usr/bin/cmake --install /home/marcob1129/Desktop/VSCode/RoboFlock/ros2_ws/build/mpu9250driver
[6.548s] DEBUG:colcon.colcon_core.event_handler.log_command:Invoked command in '/home/marcob1129/Desktop/VSCode/RoboFlock/ros2_ws/build/rplidar_ros' returned '0': CMAKE_PREFIX_PATH=${CMAKE_PREFIX_PATH}:/opt/ros/humble /usr/bin/cmake --build /home/marcob1129/Desktop/VSCode/RoboFlock/ros2_ws/build/rplidar_ros -- -j4 -l4
[6.549s] DEBUG:colcon.colcon_core.event_handler.log_command:Invoking command in '/home/marcob1129/Desktop/VSCode/RoboFlock/ros2_ws/build/rplidar_ros': CMAKE_PREFIX_PATH=${CMAKE_PREFIX_PATH}:/opt/ros/humble /usr/bin/cmake --install /home/marcob1129/Desktop/VSCode/RoboFlock/ros2_ws/build/rplidar_ros
[6.557s] Level 1:colcon.colcon_core.environment:create_environment_scripts_only(mpu9250driver)
[6.558s] Level 1:colcon.colcon_core.environment:checking '/home/marcob1129/Desktop/VSCode/RoboFlock/ros2_ws/install/mpu9250driver' for CMake module files
[6.559s] Level 1:colcon.colcon_core.environment:checking '/home/marcob1129/Desktop/VSCode/RoboFlock/ros2_ws/install/mpu9250driver' for CMake config files
[6.563s] DEBUG:colcon.colcon_core.event_handler.log_command:Invoked command in '/home/marcob1129/Desktop/VSCode/RoboFlock/ros2_ws/build/mpu9250driver' returned '0': CMAKE_PREFIX_PATH=${CMAKE_PREFIX_PATH}:/opt/ros/humble /usr/bin/cmake --install /home/marcob1129/Desktop/VSCode/RoboFlock/ros2_ws/build/mpu9250driver
[6.572s] Level 1:colcon.colcon_core.shell:create_environment_hook('mpu9250driver', 'cmake_prefix_path')
[6.574s] INFO:colcon.colcon_core.shell:Creating environment hook '/home/marcob1129/Desktop/VSCode/RoboFlock/ros2_ws/install/mpu9250driver/share/mpu9250driver/hook/cmake_prefix_path.ps1'
[6.578s] INFO:colcon.colcon_core.shell:Creating environment descriptor '/home/marcob1129/Desktop/VSCode/RoboFlock/ros2_ws/install/mpu9250driver/share/mpu9250driver/hook/cmake_prefix_path.dsv'
[6.585s] INFO:colcon.colcon_core.shell:Creating environment hook '/home/marcob1129/Desktop/VSCode/RoboFlock/ros2_ws/install/mpu9250driver/share/mpu9250driver/hook/cmake_prefix_path.sh'
[6.587s] Level 1:colcon.colcon_core.environment:checking '/home/marcob1129/Desktop/VSCode/RoboFlock/ros2_ws/install/mpu9250driver/lib'
[6.587s] Level 1:colcon.colcon_core.environment:checking '/home/marcob1129/Desktop/VSCode/RoboFlock/ros2_ws/install/mpu9250driver/bin'
[6.588s] Level 1:colcon.colcon_core.environment:checking '/home/marcob1129/Desktop/VSCode/RoboFlock/ros2_ws/install/mpu9250driver/lib/pkgconfig/mpu9250driver.pc'
[6.588s] Level 1:colcon.colcon_core.environment:checking '/home/marcob1129/Desktop/VSCode/RoboFlock/ros2_ws/install/mpu9250driver/lib/python3.10/site-packages'
[6.589s] Level 1:colcon.colcon_core.environment:checking '/home/marcob1129/Desktop/VSCode/RoboFlock/ros2_ws/install/mpu9250driver/bin'
[6.590s] INFO:colcon.colcon_core.shell:Creating package script '/home/marcob1129/Desktop/VSCode/RoboFlock/ros2_ws/install/mpu9250driver/share/mpu9250driver/package.ps1'
[6.607s] INFO:colcon.colcon_core.shell:Creating package descriptor '/home/marcob1129/Desktop/VSCode/RoboFlock/ros2_ws/install/mpu9250driver/share/mpu9250driver/package.dsv'
[6.615s] INFO:colcon.colcon_core.shell:Creating package script '/home/marcob1129/Desktop/VSCode/RoboFlock/ros2_ws/install/mpu9250driver/share/mpu9250driver/package.sh'
[6.616s] INFO:colcon.colcon_core.shell:Creating package script '/home/marcob1129/Desktop/VSCode/RoboFlock/ros2_ws/install/mpu9250driver/share/mpu9250driver/package.bash'
[6.619s] INFO:colcon.colcon_core.shell:Creating package script '/home/marcob1129/Desktop/VSCode/RoboFlock/ros2_ws/install/mpu9250driver/share/mpu9250driver/package.zsh'
[6.620s] Level 1:colcon.colcon_core.environment:create_file_with_runtime_dependencies(/home/marcob1129/Desktop/VSCode/RoboFlock/ros2_ws/install/mpu9250driver/share/colcon-core/packages/mpu9250driver)
[6.621s] Level 1:colcon.colcon_core.environment:create_environment_scripts_only(mpu9250driver)
[6.622s] Level 1:colcon.colcon_core.environment:checking '/home/marcob1129/Desktop/VSCode/RoboFlock/ros2_ws/install/mpu9250driver' for CMake module files
[6.622s] Level 1:colcon.colcon_core.environment:checking '/home/marcob1129/Desktop/VSCode/RoboFlock/ros2_ws/install/mpu9250driver' for CMake config files
[6.623s] Level 1:colcon.colcon_core.shell:create_environment_hook('mpu9250driver', 'cmake_prefix_path')
[6.624s] INFO:colcon.colcon_core.shell:Creating environment hook '/home/marcob1129/Desktop/VSCode/RoboFlock/ros2_ws/install/mpu9250driver/share/mpu9250driver/hook/cmake_prefix_path.ps1'
[6.625s] INFO:colcon.colcon_core.shell:Creating environment descriptor '/home/marcob1129/Desktop/VSCode/RoboFlock/ros2_ws/install/mpu9250driver/share/mpu9250driver/hook/cmake_prefix_path.dsv'
[6.627s] INFO:colcon.colcon_core.shell:Creating environment hook '/home/marcob1129/Desktop/VSCode/RoboFlock/ros2_ws/install/mpu9250driver/share/mpu9250driver/hook/cmake_prefix_path.sh'
[6.629s] Level 1:colcon.colcon_core.environment:checking '/home/marcob1129/Desktop/VSCode/RoboFlock/ros2_ws/install/mpu9250driver/lib'
[6.629s] Level 1:colcon.colcon_core.environment:checking '/home/marcob1129/Desktop/VSCode/RoboFlock/ros2_ws/install/mpu9250driver/bin'
[6.629s] Level 1:colcon.colcon_core.environment:checking '/home/marcob1129/Desktop/VSCode/RoboFlock/ros2_ws/install/mpu9250driver/lib/pkgconfig/mpu9250driver.pc'
[6.630s] Level 1:colcon.colcon_core.environment:checking '/home/marcob1129/Desktop/VSCode/RoboFlock/ros2_ws/install/mpu9250driver/lib/python3.10/site-packages'
[6.630s] Level 1:colcon.colcon_core.environment:checking '/home/marcob1129/Desktop/VSCode/RoboFlock/ros2_ws/install/mpu9250driver/bin'
[6.631s] INFO:colcon.colcon_core.shell:Creating package script '/home/marcob1129/Desktop/VSCode/RoboFlock/ros2_ws/install/mpu9250driver/share/mpu9250driver/package.ps1'
[6.633s] INFO:colcon.colcon_core.shell:Creating package descriptor '/home/marcob1129/Desktop/VSCode/RoboFlock/ros2_ws/install/mpu9250driver/share/mpu9250driver/package.dsv'
[6.634s] INFO:colcon.colcon_core.shell:Creating package script '/home/marcob1129/Desktop/VSCode/RoboFlock/ros2_ws/install/mpu9250driver/share/mpu9250driver/package.sh'
[6.636s] INFO:colcon.colcon_core.shell:Creating package script '/home/marcob1129/Desktop/VSCode/RoboFlock/ros2_ws/install/mpu9250driver/share/mpu9250driver/package.bash'
[6.637s] INFO:colcon.colcon_core.shell:Creating package script '/home/marcob1129/Desktop/VSCode/RoboFlock/ros2_ws/install/mpu9250driver/share/mpu9250driver/package.zsh'
[6.639s] Level 1:colcon.colcon_core.environment:create_file_with_runtime_dependencies(/home/marcob1129/Desktop/VSCode/RoboFlock/ros2_ws/install/mpu9250driver/share/colcon-core/packages/mpu9250driver)
[6.647s] Level 1:colcon.colcon_core.environment:create_environment_scripts_only(rplidar_ros)
[6.648s] Level 1:colcon.colcon_core.environment:checking '/home/marcob1129/Desktop/VSCode/RoboFlock/ros2_ws/install/rplidar_ros' for CMake module files
[6.651s] DEBUG:colcon.colcon_core.event_handler.log_command:Invoked command in '/home/marcob1129/Desktop/VSCode/RoboFlock/ros2_ws/build/rplidar_ros' returned '0': CMAKE_PREFIX_PATH=${CMAKE_PREFIX_PATH}:/opt/ros/humble /usr/bin/cmake --install /home/marcob1129/Desktop/VSCode/RoboFlock/ros2_ws/build/rplidar_ros
[6.653s] Level 1:colcon.colcon_core.environment:checking '/home/marcob1129/Desktop/VSCode/RoboFlock/ros2_ws/install/rplidar_ros' for CMake config files
[6.653s] Level 1:colcon.colcon_core.shell:create_environment_hook('rplidar_ros', 'cmake_prefix_path')
[6.654s] INFO:colcon.colcon_core.shell:Creating environment hook '/home/marcob1129/Desktop/VSCode/RoboFlock/ros2_ws/install/rplidar_ros/share/rplidar_ros/hook/cmake_prefix_path.ps1'
[6.657s] INFO:colcon.colcon_core.shell:Creating environment descriptor '/home/marcob1129/Desktop/VSCode/RoboFlock/ros2_ws/install/rplidar_ros/share/rplidar_ros/hook/cmake_prefix_path.dsv'
[6.660s] INFO:colcon.colcon_core.shell:Creating environment hook '/home/marcob1129/Desktop/VSCode/RoboFlock/ros2_ws/install/rplidar_ros/share/rplidar_ros/hook/cmake_prefix_path.sh'
[6.663s] Level 1:colcon.colcon_core.environment:checking '/home/marcob1129/Desktop/VSCode/RoboFlock/ros2_ws/install/rplidar_ros/lib'
[6.664s] Level 1:colcon.colcon_core.environment:checking '/home/marcob1129/Desktop/VSCode/RoboFlock/ros2_ws/install/rplidar_ros/bin'
[6.664s] Level 1:colcon.colcon_core.environment:checking '/home/marcob1129/Desktop/VSCode/RoboFlock/ros2_ws/install/rplidar_ros/lib/pkgconfig/rplidar_ros.pc'
[6.665s] Level 1:colcon.colcon_core.environment:checking '/home/marcob1129/Desktop/VSCode/RoboFlock/ros2_ws/install/rplidar_ros/lib/python3.10/site-packages'
[6.666s] Level 1:colcon.colcon_core.environment:checking '/home/marcob1129/Desktop/VSCode/RoboFlock/ros2_ws/install/rplidar_ros/bin'
[6.667s] INFO:colcon.colcon_core.shell:Creating package script '/home/marcob1129/Desktop/VSCode/RoboFlock/ros2_ws/install/rplidar_ros/share/rplidar_ros/package.ps1'
[6.670s] INFO:colcon.colcon_core.shell:Creating package descriptor '/home/marcob1129/Desktop/VSCode/RoboFlock/ros2_ws/install/rplidar_ros/share/rplidar_ros/package.dsv'
[6.672s] INFO:colcon.colcon_core.shell:Creating package script '/home/marcob1129/Desktop/VSCode/RoboFlock/ros2_ws/install/rplidar_ros/share/rplidar_ros/package.sh'
[6.674s] INFO:colcon.colcon_core.shell:Creating package script '/home/marcob1129/Desktop/VSCode/RoboFlock/ros2_ws/install/rplidar_ros/share/rplidar_ros/package.bash'
[6.676s] INFO:colcon.colcon_core.shell:Creating package script '/home/marcob1129/Desktop/VSCode/RoboFlock/ros2_ws/install/rplidar_ros/share/rplidar_ros/package.zsh'
[6.679s] Level 1:colcon.colcon_core.environment:create_file_with_runtime_dependencies(/home/marcob1129/Desktop/VSCode/RoboFlock/ros2_ws/install/rplidar_ros/share/colcon-core/packages/rplidar_ros)
[6.681s] Level 1:colcon.colcon_core.environment:create_environment_scripts_only(rplidar_ros)
[6.681s] Level 1:colcon.colcon_core.environment:checking '/home/marcob1129/Desktop/VSCode/RoboFlock/ros2_ws/install/rplidar_ros' for CMake module files
[6.682s] Level 1:colcon.colcon_core.environment:checking '/home/marcob1129/Desktop/VSCode/RoboFlock/ros2_ws/install/rplidar_ros' for CMake config files
[6.682s] Level 1:colcon.colcon_core.shell:create_environment_hook('rplidar_ros', 'cmake_prefix_path')
[6.683s] INFO:colcon.colcon_core.shell:Creating environment hook '/home/marcob1129/Desktop/VSCode/RoboFlock/ros2_ws/install/rplidar_ros/share/rplidar_ros/hook/cmake_prefix_path.ps1'
[6.684s] INFO:colcon.colcon_core.shell:Creating environment descriptor '/home/marcob1129/Desktop/VSCode/RoboFlock/ros2_ws/install/rplidar_ros/share/rplidar_ros/hook/cmake_prefix_path.dsv'
[6.686s] INFO:colcon.colcon_core.shell:Creating environment hook '/home/marcob1129/Desktop/VSCode/RoboFlock/ros2_ws/install/rplidar_ros/share/rplidar_ros/hook/cmake_prefix_path.sh'
[6.687s] Level 1:colcon.colcon_core.environment:checking '/home/marcob1129/Desktop/VSCode/RoboFlock/ros2_ws/install/rplidar_ros/lib'
[6.688s] Level 1:colcon.colcon_core.environment:checking '/home/marcob1129/Desktop/VSCode/RoboFlock/ros2_ws/install/rplidar_ros/bin'
[6.688s] Level 1:colcon.colcon_core.environment:checking '/home/marcob1129/Desktop/VSCode/RoboFlock/ros2_ws/install/rplidar_ros/lib/pkgconfig/rplidar_ros.pc'
[6.688s] Level 1:colcon.colcon_core.environment:checking '/home/marcob1129/Desktop/VSCode/RoboFlock/ros2_ws/install/rplidar_ros/lib/python3.10/site-packages'
[6.689s] Level 1:colcon.colcon_core.environment:checking '/home/marcob1129/Desktop/VSCode/RoboFlock/ros2_ws/install/rplidar_ros/bin'
[6.689s] INFO:colcon.colcon_core.shell:Creating package script '/home/marcob1129/Desktop/VSCode/RoboFlock/ros2_ws/install/rplidar_ros/share/rplidar_ros/package.ps1'
[6.691s] INFO:colcon.colcon_core.shell:Creating package descriptor '/home/marcob1129/Desktop/VSCode/RoboFlock/ros2_ws/install/rplidar_ros/share/rplidar_ros/package.dsv'
[6.694s] INFO:colcon.colcon_core.shell:Creating package script '/home/marcob1129/Desktop/VSCode/RoboFlock/ros2_ws/install/rplidar_ros/share/rplidar_ros/package.sh'
[6.696s] INFO:colcon.colcon_core.shell:Creating package script '/home/marcob1129/Desktop/VSCode/RoboFlock/ros2_ws/install/rplidar_ros/share/rplidar_ros/package.bash'
[6.698s] INFO:colcon.colcon_core.shell:Creating package script '/home/marcob1129/Desktop/VSCode/RoboFlock/ros2_ws/install/rplidar_ros/share/rplidar_ros/package.zsh'
[6.699s] Level 1:colcon.colcon_core.environment:create_file_with_runtime_dependencies(/home/marcob1129/Desktop/VSCode/RoboFlock/ros2_ws/install/rplidar_ros/share/colcon-core/packages/rplidar_ros)
[6.700s] DEBUG:colcon.colcon_parallel_executor.executor.parallel:closing loop
[6.702s] DEBUG:colcon.colcon_parallel_executor.executor.parallel:loop closed
[6.702s] DEBUG:colcon.colcon_parallel_executor.executor.parallel:run_until_complete finished with '0'
[6.702s] DEBUG:colcon.colcon_core.event_reactor:joining thread
[6.731s] INFO:colcon.colcon_core.plugin_system:Skipping extension 'colcon_notification.desktop_notification.terminal_notifier': Not used on non-Darwin systems
[6.731s] INFO:colcon.colcon_core.plugin_system:Skipping extension 'colcon_notification.desktop_notification.win32': Not used on non-Windows systems
[6.731s] INFO:colcon.colcon_notification.desktop_notification:Sending desktop notification using 'notify2'
[6.822s] DEBUG:colcon.colcon_core.event_reactor:joined thread
[6.847s] INFO:colcon.colcon_core.shell:Creating prefix script '/home/marcob1129/Desktop/VSCode/RoboFlock/ros2_ws/install/local_setup.ps1'
[6.850s] INFO:colcon.colcon_core.shell:Creating prefix util module '/home/marcob1129/Desktop/VSCode/RoboFlock/ros2_ws/install/_local_setup_util_ps1.py'
[6.861s] INFO:colcon.colcon_core.shell:Creating prefix chain script '/home/marcob1129/Desktop/VSCode/RoboFlock/ros2_ws/install/setup.ps1'
[6.863s] INFO:colcon.colcon_core.shell:Creating prefix script '/home/marcob1129/Desktop/VSCode/RoboFlock/ros2_ws/install/local_setup.sh'
[6.865s] INFO:colcon.colcon_core.shell:Creating prefix util module '/home/marcob1129/Desktop/VSCode/RoboFlock/ros2_ws/install/_local_setup_util_sh.py'
[6.866s] INFO:colcon.colcon_core.shell:Creating prefix chain script '/home/marcob1129/Desktop/VSCode/RoboFlock/ros2_ws/install/setup.sh'
[6.868s] INFO:colcon.colcon_core.shell:Creating prefix script '/home/marcob1129/Desktop/VSCode/RoboFlock/ros2_ws/install/local_setup.bash'
[6.869s] INFO:colcon.colcon_core.shell:Creating prefix chain script '/home/marcob1129/Desktop/VSCode/RoboFlock/ros2_ws/install/setup.bash'
[6.872s] INFO:colcon.colcon_core.shell:Creating prefix script '/home/marcob1129/Desktop/VSCode/RoboFlock/ros2_ws/install/local_setup.zsh'
[6.873s] INFO:colcon.colcon_core.shell:Creating prefix chain script '/home/marcob1129/Desktop/VSCode/RoboFlock/ros2_ws/install/setup.zsh'
